0 verbose cli E:\node\node.exe E:\node\node_modules\npm\bin\npm-cli.js
1 info using npm@11.8.0
2 info using node@v24.13.1
3 silly config load:file:E:\node\node_modules\npm\npmrc
4 silly config load:file:C:\Users\TANGLEI\.npmrc
5 silly config load:file:E:\node\node_global\etc\npmrc
6 verbose title npm install npm@latest
7 verbose argv "install" "--global" "npm@latest" "--cache" "./temp-cache"
8 verbose logfile logs-max:10 dir:C:\Users\TANGLEI\Desktop\nongyu\temp-cache\_logs\2026-02-20T22_19_18_229Z-
9 verbose logfile C:\Users\TANGLEI\Desktop\nongyu\temp-cache\_logs\2026-02-20T22_19_18_229Z-debug-0.log
10 silly logfile done cleaning log files
11 http fetch GET 200 https://registry.npmjs.org/npm 9705ms (cache miss)
12 silly packumentCache heap:4496293888 maxSize:1124073472 maxEntrySize:562036736
13 silly packumentCache corgi:https://registry.npmjs.org/npm cache-miss
14 http cache https://registry.npmjs.org/npm 12ms (cache hit)
15 silly packumentCache corgi:https://registry.npmjs.org/npm set size:2350936 disposed:false
16 silly idealTree buildDeps
17 silly fetch manifest npm@11.10.1
18 silly packumentCache full:https://registry.npmjs.org/npm cache-miss
19 http fetch GET 200 https://registry.npmjs.org/npm 3066ms (cache miss)
20 silly packumentCache full:https://registry.npmjs.org/npm set size:undefined disposed:false
21 silly placeDep ROOT npm@11.10.1 OK for:  want: 11.10.1
22 silly reify moves {}
23 verbose stack Error: EPERM: operation not permitted, mkdir 'E:\node\node_global\node_modules'
23 verbose stack     at async mkdir (node:internal/fs/promises:856:10)
23 verbose stack     at async E:\node\node_modules\npm\node_modules\@npmcli\arborist\lib\arborist\reify.js:572:20
23 verbose stack     at async Promise.allSettled (index 0)
23 verbose stack     at async #reifyPackages (E:\node\node_modules\npm\node_modules\@npmcli\arborist\lib\arborist\reify.js:309:11)
23 verbose stack     at async Arborist.reify (E:\node\node_modules\npm\node_modules\@npmcli\arborist\lib\arborist\reify.js:121:5)
23 verbose stack     at async Install.exec (E:\node\node_modules\npm\lib\commands\install.js:150:5)
23 verbose stack     at async Npm.exec (E:\node\node_modules\npm\lib\npm.js:208:9)
23 verbose stack     at async module.exports (E:\node\node_modules\npm\lib\cli\entry.js:67:5)
24 error code EPERM
25 error syscall mkdir
26 error path E:\node\node_global\node_modules
27 error errno -4048
28 error Error: EPERM: operation not permitted, mkdir 'E:\node\node_global\node_modules'
28 error     at async mkdir (node:internal/fs/promises:856:10)
28 error     at async E:\node\node_modules\npm\node_modules\@npmcli\arborist\lib\arborist\reify.js:572:20
28 error     at async Promise.allSettled (index 0)
28 error     at async #reifyPackages (E:\node\node_modules\npm\node_modules\@npmcli\arborist\lib\arborist\reify.js:309:11)
28 error     at async Arborist.reify (E:\node\node_modules\npm\node_modules\@npmcli\arborist\lib\arborist\reify.js:121:5)
28 error     at async Install.exec (E:\node\node_modules\npm\lib\commands\install.js:150:5)
28 error     at async Npm.exec (E:\node\node_modules\npm\lib\npm.js:208:9)
28 error     at async module.exports (E:\node\node_modules\npm\lib\cli\entry.js:67:5) {
28 error   errno: -4048,
28 error   code: 'EPERM',
28 error   syscall: 'mkdir',
28 error   path: 'E:\\node\\node_global\\node_modules'
28 error }
29 error
29 error The operation was rejected by your operating system.
29 error It's possible that the file was already in use (by a text editor or antivirus),
29 error or that you lack permissions to access it.
29 error
29 error If you believe this might be a permissions issue, please double-check the
29 error permissions of the file and its containing directories, or try running
29 error the command again as root/Administrator.
30 silly unfinished npm timer reify 1771625984826
31 silly unfinished npm timer reify:createSparse 1771625988047
32 verbose cwd C:\Users\TANGLEI\Desktop\nongyu
33 verbose os Windows_NT 10.0.26200
34 verbose node v24.13.1
35 verbose npm  v11.8.0
36 verbose exit -4048
37 verbose code -4048
38 error A complete log of this run can be found in: C:\Users\TANGLEI\Desktop\nongyu\temp-cache\_logs\2026-02-20T22_19_18_229Z-debug-0.log
