0 verbose cli C:\Users\TANGLEI\Desktop\nongyu\.tools\node22\node-v22.22.0-win-x64\node.exe C:\Users\TANGLEI\Desktop\nongyu\.tools\node22\node-v22.22.0-win-x64\node_modules\npm\bin\npm-cli.js
1 info using npm@10.9.4
2 info using node@v22.22.0
3 silly config load:file:C:\Users\TANGLEI\Desktop\nongyu\.tools\node22\node-v22.22.0-win-x64\node_modules\npm\npmrc
4 silly config load:file:C:\Users\TANGLEI\Desktop\nongyu\.npmrc
5 silly config load:file:C:\Users\TANGLEI\.npmrc
6 silly config load:file:E:\node\node_global\etc\npmrc
7 verbose title npm install expo-calendar expo-localization
8 verbose argv "install" "expo-calendar" "expo-localization" "--cache" ".npm-cache"
9 verbose logfile logs-max:10 dir:C:\Users\TANGLEI\Desktop\nongyu\.npm-cache\_logs\2026-02-20T08_51_33_246Z-
10 verbose logfile C:\Users\TANGLEI\Desktop\nongyu\.npm-cache\_logs\2026-02-20T08_51_33_246Z-debug-0.log
11 silly logfile start cleaning logs, removing 1 files
12 silly packumentCache heap:4345298944 maxSize:1086324736 maxEntrySize:543162368
13 silly idealTree buildDeps
14 silly fetch manifest expo-calendar@*
15 silly packumentCache full:https://registry.npmjs.org/expo-calendar cache-miss
16 silly logfile done cleaning log files
17 http fetch GET 200 https://registry.npmjs.org/expo-calendar 1973ms (cache miss)
18 silly packumentCache full:https://registry.npmjs.org/expo-calendar set size:undefined disposed:false
19 silly fetch manifest expo@~54.0.33
20 silly packumentCache full:https://registry.npmjs.org/expo cache-miss
21 http fetch GET 200 https://registry.npmjs.org/expo 457ms (cache revalidated)
22 silly packumentCache full:https://registry.npmjs.org/expo set size:3521086 disposed:false
23 silly fetch manifest @expo/dom-webview@*
24 silly packumentCache full:https://registry.npmjs.org/@expo%2fdom-webview cache-miss
25 http fetch GET 200 https://registry.npmjs.org/@expo%2fdom-webview 324ms (cache revalidated)
26 silly packumentCache full:https://registry.npmjs.org/@expo%2fdom-webview set size:316016 disposed:false
27 silly fetch manifest react@19.1.0
28 silly packumentCache full:https://registry.npmjs.org/react cache-miss
29 http fetch GET 200 https://registry.npmjs.org/react 1366ms (cache updated)
30 silly packumentCache full:https://registry.npmjs.org/react set size:undefined disposed:false
31 silly fetch manifest react-native@0.81.5
32 silly packumentCache full:https://registry.npmjs.org/react-native cache-miss
33 http fetch GET 200 https://registry.npmjs.org/react-native 1037ms (cache updated)
34 silly packumentCache full:https://registry.npmjs.org/react-native set size:undefined disposed:false
35 silly fetch manifest @types/react@~19.1.0
36 silly packumentCache full:https://registry.npmjs.org/@types%2freact cache-miss
37 http fetch GET 200 https://registry.npmjs.org/@types%2freact 297ms (cache revalidated)
38 silly packumentCache full:https://registry.npmjs.org/@types%2freact set size:2588986 disposed:false
39 silly fetch manifest @expo/metro-runtime@*
40 silly packumentCache full:https://registry.npmjs.org/@expo%2fmetro-runtime cache-miss
41 http fetch GET 200 https://registry.npmjs.org/@expo%2fmetro-runtime 294ms (cache revalidated)
42 silly packumentCache full:https://registry.npmjs.org/@expo%2fmetro-runtime set size:579489 disposed:false
43 silly fetch manifest react-dom@*
44 silly packumentCache full:https://registry.npmjs.org/react-dom cache-miss
45 http fetch GET 200 https://registry.npmjs.org/react-dom 902ms (cache updated)
46 silly packumentCache full:https://registry.npmjs.org/react-dom set size:undefined disposed:false
47 silly fetch manifest react@^19.2.4
48 silly packumentCache full:https://registry.npmjs.org/react cache-miss
49 http cache https://registry.npmjs.org/react 32ms (cache hit)
50 silly packumentCache full:https://registry.npmjs.org/react set size:6504076 disposed:false
51 silly fetch manifest react-native-webview@^13.15.0
52 silly packumentCache full:https://registry.npmjs.org/react-native-webview cache-miss
53 http fetch GET 200 https://registry.npmjs.org/react-native-webview 250ms (cache revalidated)
54 silly packumentCache full:https://registry.npmjs.org/react-native-webview set size:1350913 disposed:false
55 silly fetch manifest expo-localization@*
56 silly packumentCache full:https://registry.npmjs.org/expo-localization cache-miss
57 http fetch GET 200 https://registry.npmjs.org/expo-localization 301ms (cache miss)
58 silly packumentCache full:https://registry.npmjs.org/expo-localization set size:undefined disposed:false
59 silly placeDep ROOT expo-calendar@15.0.8 OK for: nongyu@1.0.0 want: *
60 silly placeDep ROOT expo-localization@17.0.8 OK for: nongyu@1.0.0 want: *
61 silly fetch manifest rtl-detect@^1.0.2
62 silly packumentCache full:https://registry.npmjs.org/rtl-detect cache-miss
63 http fetch GET 200 https://registry.npmjs.org/rtl-detect 266ms (cache miss)
64 silly packumentCache full:https://registry.npmjs.org/rtl-detect set size:undefined disposed:false
65 silly placeDep ROOT rtl-detect@1.1.2 OK for: expo-localization@17.0.8 want: ^1.0.2
66 silly reify moves {}
67 silly audit bulk request {
67 silly audit   '@0no-co/graphql.web': [ '1.2.0' ],
67 silly audit   '@babel/code-frame': [ '7.10.4', '7.29.0', '7.23.5' ],
67 silly audit   '@babel/compat-data': [ '7.29.0' ],
67 silly audit   '@babel/core': [ '7.29.0' ],
67 silly audit   semver: [ '6.3.1', '7.5.2', '7.7.4', '7.5.4' ],
67 silly audit   '@babel/generator': [ '7.29.1' ],
67 silly audit   '@babel/helper-annotate-as-pure': [ '7.27.3' ],
67 silly audit   '@babel/helper-compilation-targets': [ '7.28.6' ],
67 silly audit   '@babel/helper-create-class-features-plugin': [ '7.28.6' ],
67 silly audit   '@babel/helper-create-regexp-features-plugin': [ '7.28.5' ],
67 silly audit   '@babel/helper-define-polyfill-provider': [ '0.6.6' ],
67 silly audit   '@babel/helper-globals': [ '7.28.0' ],
67 silly audit   '@babel/helper-member-expression-to-functions': [ '7.28.5' ],
67 silly audit   '@babel/helper-module-imports': [ '7.28.6' ],
67 silly audit   '@babel/helper-module-transforms': [ '7.28.6' ],
67 silly audit   '@babel/helper-optimise-call-expression': [ '7.27.1' ],
67 silly audit   '@babel/helper-plugin-utils': [ '7.28.6' ],
67 silly audit   '@babel/helper-remap-async-to-generator': [ '7.27.1' ],
67 silly audit   '@babel/helper-replace-supers': [ '7.28.6' ],
67 silly audit   '@babel/helper-skip-transparent-expression-wrappers': [ '7.27.1' ],
67 silly audit   '@babel/helper-string-parser': [ '7.27.1' ],
67 silly audit   '@babel/helper-validator-identifier': [ '7.28.5' ],
67 silly audit   '@babel/helper-validator-option': [ '7.27.1' ],
67 silly audit   '@babel/helper-wrap-function': [ '7.28.6' ],
67 silly audit   '@babel/helpers': [ '7.28.6' ],
67 silly audit   '@babel/highlight': [ '7.25.9' ],
67 silly audit   '@babel/parser': [ '7.29.0' ],
67 silly audit   '@babel/plugin-proposal-decorators': [ '7.29.0' ],
67 silly audit   '@babel/plugin-proposal-export-default-from': [ '7.27.1' ],
67 silly audit   '@babel/plugin-syntax-async-generators': [ '7.8.4' ],
67 silly audit   '@babel/plugin-syntax-bigint': [ '7.8.3' ],
67 silly audit   '@babel/plugin-syntax-class-properties': [ '7.12.13' ],
67 silly audit   '@babel/plugin-syntax-class-static-block': [ '7.14.5' ],
67 silly audit   '@babel/plugin-syntax-decorators': [ '7.28.6' ],
67 silly audit   '@babel/plugin-syntax-dynamic-import': [ '7.8.3' ],
67 silly audit   '@babel/plugin-syntax-export-default-from': [ '7.28.6' ],
67 silly audit   '@babel/plugin-syntax-flow': [ '7.28.6' ],
67 silly audit   '@babel/plugin-syntax-import-attributes': [ '7.28.6' ],
67 silly audit   '@babel/plugin-syntax-import-meta': [ '7.10.4' ],
67 silly audit   '@babel/plugin-syntax-json-strings': [ '7.8.3' ],
67 silly audit   '@babel/plugin-syntax-jsx': [ '7.28.6' ],
67 silly audit   '@babel/plugin-syntax-logical-assignment-operators': [ '7.10.4' ],
67 silly audit   '@babel/plugin-syntax-nullish-coalescing-operator': [ '7.8.3' ],
67 silly audit   '@babel/plugin-syntax-numeric-separator': [ '7.10.4' ],
67 silly audit   '@babel/plugin-syntax-object-rest-spread': [ '7.8.3' ],
67 silly audit   '@babel/plugin-syntax-optional-catch-binding': [ '7.8.3' ],
67 silly audit   '@babel/plugin-syntax-optional-chaining': [ '7.8.3' ],
67 silly audit   '@babel/plugin-syntax-private-property-in-object': [ '7.14.5' ],
67 silly audit   '@babel/plugin-syntax-top-level-await': [ '7.14.5' ],
67 silly audit   '@babel/plugin-syntax-typescript': [ '7.28.6' ],
67 silly audit   '@babel/plugin-transform-arrow-functions': [ '7.27.1' ],
67 silly audit   '@babel/plugin-transform-async-generator-functions': [ '7.29.0' ],
67 silly audit   '@babel/plugin-transform-async-to-generator': [ '7.28.6' ],
67 silly audit   '@babel/plugin-transform-block-scoping': [ '7.28.6' ],
67 silly audit   '@babel/plugin-transform-class-properties': [ '7.28.6' ],
67 silly audit   '@babel/plugin-transform-class-static-block': [ '7.28.6' ],
67 silly audit   '@babel/plugin-transform-classes': [ '7.28.6' ],
67 silly audit   '@babel/plugin-transform-computed-properties': [ '7.28.6' ],
67 silly audit   '@babel/plugin-transform-destructuring': [ '7.28.5' ],
67 silly audit   '@babel/plugin-transform-export-namespace-from': [ '7.27.1' ],
67 silly audit   '@babel/plugin-transform-flow-strip-types': [ '7.27.1' ],
67 silly audit   '@babel/plugin-transform-for-of': [ '7.27.1' ],
67 silly audit   '@babel/plugin-transform-function-name': [ '7.27.1' ],
67 silly audit   '@babel/plugin-transform-literals': [ '7.27.1' ],
67 silly audit   '@babel/plugin-transform-logical-assignment-operators': [ '7.28.6' ],
67 silly audit   '@babel/plugin-transform-modules-commonjs': [ '7.28.6' ],
67 silly audit   '@babel/plugin-transform-named-capturing-groups-regex': [ '7.29.0' ],
67 silly audit   '@babel/plugin-transform-nullish-coalescing-operator': [ '7.28.6' ],
67 silly audit   '@babel/plugin-transform-numeric-separator': [ '7.28.6' ],
67 silly audit   '@babel/plugin-transform-object-rest-spread': [ '7.28.6' ],
67 silly audit   '@babel/plugin-transform-optional-catch-binding': [ '7.28.6' ],
67 silly audit   '@babel/plugin-transform-optional-chaining': [ '7.28.6' ],
67 silly audit   '@babel/plugin-transform-parameters': [ '7.27.7' ],
67 silly audit   '@babel/plugin-transform-private-methods': [ '7.28.6' ],
67 silly audit   '@babel/plugin-transform-private-property-in-object': [ '7.28.6' ],
67 silly audit   '@babel/plugin-transform-react-display-name': [ '7.28.0' ],
67 silly audit   '@babel/plugin-transform-react-jsx': [ '7.28.6' ],
67 silly audit   '@babel/plugin-transform-react-jsx-development': [ '7.27.1' ],
67 silly audit   '@babel/plugin-transform-react-jsx-self': [ '7.27.1' ],
67 silly audit   '@babel/plugin-transform-react-jsx-source': [ '7.27.1' ],
67 silly audit   '@babel/plugin-transform-react-pure-annotations': [ '7.27.1' ],
67 silly audit   '@babel/plugin-transform-regenerator': [ '7.29.0' ],
67 silly audit   '@babel/plugin-transform-runtime': [ '7.29.0' ],
67 silly audit   '@babel/plugin-transform-shorthand-properties': [ '7.27.1' ],
67 silly audit   '@babel/plugin-transform-spread': [ '7.28.6' ],
67 silly audit   '@babel/plugin-transform-sticky-regex': [ '7.27.1' ],
67 silly audit   '@babel/plugin-transform-typescript': [ '7.28.6' ],
67 silly audit   '@babel/plugin-transform-unicode-regex': [ '7.27.1' ],
67 silly audit   '@babel/preset-react': [ '7.28.5' ],
67 silly audit   '@babel/preset-typescript': [ '7.28.5' ],
67 silly audit   '@babel/runtime': [ '7.28.6' ],
67 silly audit   '@babel/template': [ '7.28.6' ],
67 silly audit   '@babel/traverse': [ '7.29.0' ],
67 silly audit   '@babel/types': [ '7.29.0' ],
67 silly audit   '@callstack/react-theme-provider': [ '3.0.9' ],
67 silly audit   deepmerge: [ '3.3.0', '4.3.1' ],
67 silly audit   '@cspotcode/source-map-support': [ '0.8.1' ],
67 silly audit   '@jridgewell/trace-mapping': [ '0.3.9', '0.3.31' ],
67 silly audit   '@eslint-community/eslint-utils': [ '4.9.1' ],
67 silly audit   '@eslint-community/regexpp': [ '4.12.2' ],
67 silly audit   '@eslint/config-array': [ '0.21.1' ],
67 silly audit   'brace-expansion': [ '1.1.12', '2.0.2', '5.0.2' ],
67 silly audit   minimatch: [ '3.1.2', '8.0.4', '9.0.5', '5.1.2', '5.1.6', '10.2.0' ],
67 silly audit   '@eslint/config-helpers': [ '0.4.2' ],
67 silly audit   '@eslint/core': [ '0.17.0' ],
67 silly audit   '@eslint/eslintrc': [ '3.3.3' ],
67 silly audit   argparse: [ '2.0.1', '1.0.10' ],
67 silly audit   'js-yaml': [ '4.1.1', '3.14.2' ],
67 silly audit   'strip-json-comments': [ '3.1.1', '2.0.1' ],
67 silly audit   '@eslint/js': [ '9.39.2' ],
67 silly audit   '@eslint/object-schema': [ '2.1.7' ],
67 silly audit   '@eslint/plugin-kit': [ '0.4.1' ],
67 silly audit   '@expo/apple-utils': [ '2.1.13' ],
67 silly audit   '@expo/bunyan': [ '4.0.1' ],
67 silly audit   uuid: [ '8.3.2', '9.0.1', '7.0.3' ],
67 silly audit   '@expo/code-signing-certificates': [ '0.0.6', '0.0.5' ],
67 silly audit   '@expo/config': [ '12.0.13', '10.0.11', '10.0.6' ],
67 silly audit   '@expo/config-plugins': [ '54.0.4', '9.0.17', '9.0.12' ],
67 silly audit   'ansi-styles': [ '4.3.0', '6.2.3', '3.2.1', '5.2.0' ],
67 silly audit   chalk: [ '4.1.2', '2.4.2' ],
67 silly audit   'color-convert': [ '2.0.1', '1.9.3' ],
67 silly audit   'color-name': [ '1.1.4', '1.1.3' ],
67 silly audit   'has-flag': [ '4.0.0', '3.0.0' ],
67 silly audit   'supports-color': [ '7.2.0', '8.1.1', '5.5.0' ],
67 silly audit   '@expo/config-types': [ '54.0.10', '52.0.5' ],
67 silly audit   '@expo/devcert': [ '1.2.1' ],
67 silly audit   debug: [ '3.2.7', '2.6.9', '4.4.3' ],
67 silly audit   '@expo/devtools': [ '0.1.8' ],
67 silly audit   '@expo/eas-build-job': [ '18.0.1' ],
67 silly audit   joi: [ '17.13.3', '17.11.0' ],
67 silly audit   '@expo/eas-json': [ '18.0.1' ],
67 silly audit   'log-symbols': [ '4.1.0', '2.2.0' ],
67 silly audit   'lru-cache': [ '6.0.0', '10.4.3', '5.1.1', '11.2.6' ],
67 silly audit   tslib: [ '2.4.1', '2.6.2' ],
67 silly audit   yallist: [ '4.0.0', '5.0.0', '3.1.1' ],
67 silly audit   '@expo/env': [ '2.0.8', '1.0.7' ],
67 silly audit   '@expo/fingerprint': [ '0.15.4' ],
67 silly audit   '@expo/image-utils': [ '0.8.8', '0.6.5' ],
67 silly audit   '@expo/json-file': [ '10.0.8', '9.0.2', '9.1.5', '8.3.3' ],
67 silly audit   '@expo/logger': [ '18.0.1' ],
67 silly audit   '@expo/metro': [ '54.2.0' ],
67 silly audit   '@expo/multipart-body-parser': [ '2.0.0' ],
67 silly audit   '@expo/osascript': [ '2.3.8', '2.1.4' ],
67 silly audit   '@expo/package-manager': [ '1.9.10' ],
67 silly audit   '@expo/pkcs12': [ '0.1.3' ],
67 silly audit   '@expo/plist': [ '0.4.8', '0.2.2', '0.2.0' ],
67 silly audit   '@expo/plugin-help': [ '5.1.23' ],
67 silly audit   '@oclif/core': [ '2.16.0', '1.26.2' ],
67 silly audit   '@expo/plugin-warn-if-update-available': [ '2.5.1' ],
67 silly audit   'fs-extra': [ '10.1.0', '9.0.0', '9.1.0', '11.2.0' ],
67 silly audit   '@expo/prebuild-config': [ '8.0.17', '54.0.8' ],
67 silly audit   universalify: [ '1.0.0', '2.0.1' ],
67 silly audit   '@isaacs/cliui': [ '8.0.2', '9.0.0' ],
67 silly audit   '@react-native/normalize-colors': [ '0.76.2', '0.81.5' ],
67 silly audit   '@xmldom/xmldom': [ '0.7.13', '0.8.11' ],
67 silly audit   'ansi-regex': [ '6.2.2', '5.0.1', '4.1.1' ],
67 silly audit   commander: [ '4.1.1', '7.2.0', '12.1.0', '2.20.3' ],
67 silly audit   'emoji-regex': [ '9.2.2', '8.0.0' ],
67 silly audit   getenv: [ '1.0.0', '2.0.0' ],
67 silly audit   glob: [ '10.5.0', '7.2.3', '9.3.5', '13.0.3', '6.0.4' ],
67 silly audit   jackspeak: [ '3.4.3', '4.2.3' ],
67 silly audit   'path-scurry': [ '1.11.1', '2.0.1' ],
67 silly audit   'string-width': [ '5.1.2', '4.2.3' ],
67 silly audit   'strip-ansi': [ '7.1.2', '5.2.0', '6.0.1' ],
67 silly audit   sucrase: [ '3.35.0', '3.35.1' ],
67 silly audit   'wrap-ansi': [ '8.1.0', '6.2.0', '7.0.0' ],
67 silly audit   'write-file-atomic': [ '2.4.3', '4.0.2' ],
67 silly audit   xmlbuilder: [ '14.0.0', '11.0.1', '15.1.1' ],
67 silly audit   '@expo/results': [ '1.0.0' ],
67 silly audit   '@expo/rudder-sdk-node': [ '1.1.1' ],
67 silly audit   '@expo/schema-utils': [ '0.1.8' ],
67 silly audit   '@expo/sdk-runtime-versions': [ '1.0.0' ],
67 silly audit   '@expo/spawn-async': [ '1.7.2' ],
67 silly audit   '@expo/steps': [ '18.0.1' ],
67 silly audit   '@expo/sudo-prompt': [ '9.3.2' ],
67 silly audit   '@expo/timeago.js': [ '1.0.0' ],
67 silly audit   '@expo/vector-icons': [ '15.0.3' ],
67 silly audit   '@expo/ws-tunnel': [ '1.0.6' ],
67 silly audit   '@expo/xcpretty': [ '4.4.0' ],
67 silly audit   '@hapi/hoek': [ '9.3.0' ],
67 silly audit   '@hapi/topo': [ '5.1.0' ],
67 silly audit   '@humanfs/core': [ '0.19.1' ],
67 silly audit   '@humanfs/node': [ '0.16.7' ],
67 silly audit   '@humanwhocodes/module-importer': [ '1.0.1' ],
67 silly audit   '@humanwhocodes/retry': [ '0.4.3' ],
67 silly audit   '@isaacs/fs-minipass': [ '4.0.1' ],
67 silly audit   '@isaacs/ttlcache': [ '1.4.1' ],
67 silly audit   '@istanbuljs/load-nyc-config': [ '1.1.0' ],
67 silly audit   camelcase: [ '5.3.1', '6.3.0' ],
67 silly audit   '@istanbuljs/schema': [ '0.1.3' ],
67 silly audit   '@jest/create-cache-key-function': [ '29.7.0' ],
67 silly audit   '@jest/environment': [ '29.7.0' ],
67 silly audit   '@jest/fake-timers': [ '29.7.0' ],
67 silly audit   '@jest/schemas': [ '29.6.3' ],
67 silly audit   '@jest/transform': [ '29.7.0' ],
67 silly audit   '@jest/types': [ '29.6.3' ],
67 silly audit   '@jridgewell/gen-mapping': [ '0.3.13' ],
67 silly audit   '@jridgewell/remapping': [ '2.3.5' ],
67 silly audit   '@jridgewell/resolve-uri': [ '3.1.2' ],
67 silly audit   '@jridgewell/source-map': [ '0.3.11' ],
67 silly audit   '@jridgewell/sourcemap-codec': [ '1.5.5' ],
67 silly audit   '@nodelib/fs.scandir': [ '2.1.5' ],
67 silly audit   '@nodelib/fs.stat': [ '2.0.5' ],
67 silly audit   '@nodelib/fs.walk': [ '1.2.8' ],
67 silly audit   '@oclif/linewrap': [ '1.0.0' ],
67 silly audit   '@oclif/plugin-autocomplete': [ '2.3.10' ],
67 silly audit   '@oclif/screen': [ '3.0.8' ],
67 silly audit   '@pkgjs/parseargs': [ '0.11.0' ],
67 silly audit   '@pkgr/core': [ '0.2.9' ],
67 silly audit   '@react-native-async-storage/async-storage': [ '2.2.0' ],
67 silly audit   '@react-native/assets-registry': [ '0.81.5' ],
67 silly audit   '@react-native/babel-plugin-codegen': [ '0.81.5' ],
67 silly audit   '@react-native/babel-preset': [ '0.81.5' ],
67 silly audit   '@react-native/codegen': [ '0.81.5' ],
67 silly audit   'hermes-estree': [ '0.29.1', '0.32.0' ],
67 silly audit   'hermes-parser': [ '0.29.1', '0.32.0' ],
67 silly audit   '@react-native/community-cli-plugin': [ '0.81.5' ],
67 silly audit   '@react-native/debugger-frontend': [ '0.81.5' ],
67 silly audit   '@react-native/dev-middleware': [ '0.81.5' ],
67 silly audit   ws: [ '6.2.3', '8.19.0', '7.5.10' ],
67 silly audit   '@react-native/gradle-plugin': [ '0.81.5' ],
67 silly audit   '@react-native/js-polyfills': [ '0.81.5' ],
67 silly audit   '@react-native/virtualized-lists': [ '0.81.5' ],
67 silly audit   '@react-navigation/bottom-tabs': [ '7.13.0' ],
67 silly audit   '@react-navigation/core': [ '7.14.0' ],
67 silly audit   'escape-string-regexp': [ '4.0.0', '1.0.5', '2.0.0' ],
67 silly audit   'react-is': [ '19.2.4', '16.13.1', '18.3.1' ],
67 silly audit   '@react-navigation/elements': [ '2.9.5' ],
67 silly audit   '@react-navigation/native': [ '7.1.28' ],
67 silly audit   '@react-navigation/native-stack': [ '7.13.0' ],
67 silly audit   '@react-navigation/routers': [ '7.5.3' ],
67 silly audit   '@rtsao/scc': [ '1.1.0' ],
67 silly audit   '@segment/loosely-validate-event': [ '2.0.0' ],
67 silly audit   '@sideway/address': [ '4.1.5' ],
67 silly audit   '@sideway/formula': [ '3.0.1' ],
67 silly audit   '@sideway/pinpoint': [ '2.0.0' ],
67 silly audit   '@sinclair/typebox': [ '0.27.10' ],
67 silly audit   '@sinonjs/commons': [ '3.0.1' ],
67 silly audit   '@sinonjs/fake-timers': [ '10.3.0' ],
67 silly audit   '@tsconfig/node10': [ '1.0.12' ],
67 silly audit   '@tsconfig/node12': [ '1.0.11' ],
67 silly audit   '@tsconfig/node14': [ '1.0.3' ],
67 silly audit   '@tsconfig/node16': [ '1.0.4' ],
67 silly audit   '@types/babel__core': [ '7.20.5' ],
67 silly audit   '@types/babel__generator': [ '7.27.0' ],
67 silly audit   '@types/babel__template': [ '7.4.4' ],
67 silly audit   '@types/babel__traverse': [ '7.28.0' ],
67 silly audit   '@types/bunyan': [ '1.8.11' ],
67 silly audit   '@types/cli-progress': [ '3.11.6' ],
67 silly audit   '@types/estree': [ '1.0.8' ],
67 silly audit   '@types/graceful-fs': [ '4.1.9' ],
67 silly audit   '@types/istanbul-lib-coverage': [ '2.0.6' ],
67 silly audit   '@types/istanbul-lib-report': [ '3.0.3' ],
67 silly audit   '@types/istanbul-reports': [ '3.0.4' ],
67 silly audit   '@types/json-schema': [ '7.0.15' ],
67 silly audit   '@types/json5': [ '0.0.29' ],
67 silly audit   '@types/node': [ '25.2.3' ],
67 silly audit   '@types/react': [ '19.1.17' ],
67 silly audit   '@types/stack-utils': [ '2.0.3' ],
67 silly audit   '@types/yargs': [ '17.0.35' ],
67 silly audit   '@types/yargs-parser': [ '21.0.3' ],
67 silly audit   '@typescript-eslint/eslint-plugin': [ '8.55.0' ],
67 silly audit   ignore: [ '7.0.5', '5.3.0', '5.3.2' ],
67 silly audit   '@typescript-eslint/parser': [ '8.55.0' ],
67 silly audit   '@typescript-eslint/project-service': [ '8.55.0' ],
67 silly audit   '@typescript-eslint/scope-manager': [ '8.55.0' ],
67 silly audit   '@typescript-eslint/tsconfig-utils': [ '8.55.0' ],
67 silly audit   '@typescript-eslint/type-utils': [ '8.55.0' ],
67 silly audit   '@typescript-eslint/types': [ '8.55.0' ],
67 silly audit   '@typescript-eslint/typescript-estree': [ '8.55.0' ],
67 silly audit   '@typescript-eslint/utils': [ '8.55.0' ],
67 silly audit   '@typescript-eslint/visitor-keys': [ '8.55.0' ],
67 silly audit   'eslint-visitor-keys': [ '4.2.1', '1.3.0', '3.4.3' ],
67 silly audit   '@ungap/structured-clone': [ '1.3.0' ],
67 silly audit   '@urql/core': [ '5.2.0', '4.0.11' ],
67 silly audit   '@urql/exchange-retry': [ '1.3.2', '1.2.0' ],
67 silly audit   'abort-controller': [ '3.0.0' ],
67 silly audit   accepts: [ '1.3.8' ],
67 silly audit   acorn: [ '8.15.0' ],
67 silly audit   'acorn-jsx': [ '5.3.2' ],
67 silly audit   'acorn-walk': [ '8.3.4' ],
67 silly audit   'agent-base': [ '7.1.4', '6.0.2' ],
67 silly audit   ajv: [ '6.12.6', '8.18.0', '8.11.0' ],
67 silly audit   'ajv-formats': [ '2.1.1' ],
67 silly audit   'json-schema-traverse': [ '1.0.0', '0.4.1' ],
67 silly audit   anser: [ '1.4.10' ],
67 silly audit   'ansi-escapes': [ '4.3.2' ],
67 silly audit   'type-fest': [ '0.21.3', '0.7.1' ],
67 silly audit   ansicolors: [ '0.3.2' ],
67 silly audit   'any-promise': [ '1.3.0' ],
67 silly audit   anymatch: [ '3.1.3' ],
67 silly audit   arg: [ '5.0.2', '4.1.3' ],
67 silly audit   'array-buffer-byte-length': [ '1.0.2' ],
67 silly audit   'array-includes': [ '3.1.9' ],
67 silly audit   'array-union': [ '2.1.0' ],
67 silly audit   'array.prototype.findlast': [ '1.2.5' ],
67 silly audit   'array.prototype.findlastindex': [ '1.2.6' ],
67 silly audit   'array.prototype.flat': [ '1.3.3' ],
67 silly audit   'array.prototype.flatmap': [ '1.3.3' ],
67 silly audit   'array.prototype.tosorted': [ '1.1.4' ],
67 silly audit   'arraybuffer.prototype.slice': [ '1.0.4' ],
67 silly audit   asap: [ '2.0.6' ],
67 silly audit   asn1: [ '0.2.6' ],
67 silly audit   'astral-regex': [ '2.0.0' ],
67 silly audit   async: [ '3.2.6' ],
67 silly audit   'async-function': [ '1.0.0' ],
67 silly audit   'async-limiter': [ '1.0.1' ],
67 silly audit   asynckit: [ '0.4.0' ],
67 silly audit   'at-least-node': [ '1.0.0' ],
67 silly audit   'available-typed-arrays': [ '1.0.7' ],
67 silly audit   axios: [ '1.13.5' ],
67 silly audit   b4a: [ '1.7.5' ],
67 silly audit   'babel-jest': [ '29.7.0' ],
67 silly audit   'babel-plugin-istanbul': [ '6.1.1' ],
67 silly audit   'babel-plugin-jest-hoist': [ '29.6.3' ],
67 silly audit   'babel-plugin-module-resolver': [ '5.0.2' ],
67 silly audit   minipass: [ '4.2.8', '7.1.2' ],
67 silly audit   'babel-plugin-polyfill-corejs2': [ '0.4.15' ],
67 silly audit   'babel-plugin-polyfill-corejs3': [ '0.13.0' ],
67 silly audit   'babel-plugin-polyfill-regenerator': [ '0.6.6' ],
67 silly audit   'babel-plugin-react-compiler': [ '1.0.0' ],
67 silly audit   'babel-plugin-react-native-web': [ '0.21.2' ],
67 silly audit   'babel-plugin-syntax-hermes-parser': [ '0.29.1' ],
67 silly audit   'babel-plugin-transform-flow-enums': [ '0.0.2' ],
67 silly audit   'babel-preset-current-node-syntax': [ '1.2.0' ],
67 silly audit   'babel-preset-expo': [ '54.0.10' ],
67 silly audit   'babel-preset-jest': [ '29.6.3' ],
67 silly audit   'balanced-match': [ '1.0.2', '4.0.2' ],
67 silly audit   'bare-events': [ '2.8.2' ],
67 silly audit   'base64-arraybuffer': [ '1.0.2' ],
67 silly audit   'base64-js': [ '1.5.1' ],
67 silly audit   'baseline-browser-mapping': [ '2.9.19' ],
67 silly audit   'better-opn': [ '3.0.2' ],
67 silly audit   open: [ '8.4.2', '7.4.2' ],
67 silly audit   'big-integer': [ '1.6.52' ],
67 silly audit   boolbase: [ '1.0.0' ],
67 silly audit   'bplist-creator': [ '0.1.0' ],
67 silly audit   'bplist-parser': [ '0.3.1' ],
67 silly audit   braces: [ '3.0.3' ],
67 silly audit   browserslist: [ '4.28.1' ],
67 silly audit   bser: [ '2.1.1' ],
67 silly audit   buffer: [ '6.0.3', '5.7.1' ],
67 silly audit   'buffer-from': [ '1.1.2' ],
67 silly audit   bunyan: [ '1.8.15' ],
67 silly audit   bytes: [ '3.1.2' ],
67 silly audit   'call-bind': [ '1.0.8' ],
67 silly audit   'call-bind-apply-helpers': [ '1.0.2' ],
67 silly audit   'call-bound': [ '1.0.4' ],
67 silly audit   callsites: [ '3.1.0' ],
67 silly audit   'caniuse-lite': [ '1.0.30001769' ],
67 silly audit   cardinal: [ '2.1.1' ],
67 silly audit   charenc: [ '0.0.2' ],
67 silly audit   chownr: [ '3.0.0' ],
67 silly audit   'chrome-launcher': [ '0.15.2' ],
67 silly audit   'chromium-edge-launcher': [ '0.2.0' ],
67 silly audit   'ci-info': [ '2.0.0', '3.9.0' ],
67 silly audit   'clean-stack': [ '3.0.1' ],
67 silly audit   'cli-cursor': [ '2.1.0', '3.1.0' ],
67 silly audit   'cli-progress': [ '3.12.0' ],
67 silly audit   'cli-spinners': [ '2.9.2' ],
67 silly audit   cliui: [ '8.0.1', '6.0.0' ],
67 silly audit   clone: [ '1.0.4' ],
67 silly audit   color: [ '4.2.3', '3.2.1' ],
67 silly audit   'color-string': [ '1.9.1' ],
67 silly audit   'combined-stream': [ '1.0.8' ],
67 silly audit   'component-type': [ '1.2.2' ],
67 silly audit   compressible: [ '2.0.18' ],
67 silly audit   compression: [ '1.8.1' ],
67 silly audit   ms: [ '2.0.0', '2.1.3' ],
67 silly audit   negotiator: [ '0.6.4', '0.6.3' ],
67 silly audit   'concat-map': [ '0.0.1' ],
67 silly audit   connect: [ '3.7.0' ],
67 silly audit   'content-type': [ '1.0.5' ],
67 silly audit   'convert-source-map': [ '2.0.0' ],
67 silly audit   'core-js-compat': [ '3.48.0' ],
67 silly audit   'create-require': [ '1.1.1' ],
67 silly audit   'cross-spawn': [ '7.0.6' ],
67 silly audit   crypt: [ '0.0.2' ],
67 silly audit   'crypto-random-string': [ '2.0.0' ],
67 silly audit   'css-line-break': [ '2.1.0' ],
67 silly audit   'css-select': [ '5.2.2' ],
67 silly audit   'css-tree': [ '1.1.3' ],
67 silly audit   'source-map': [ '0.6.1', '0.5.7' ],
67 silly audit   'css-what': [ '6.2.2' ],
67 silly audit   csstype: [ '3.2.3' ],
67 silly audit   'data-view-buffer': [ '1.0.2' ],
67 silly audit   'data-view-byte-length': [ '1.0.2' ],
67 silly audit   'data-view-byte-offset': [ '1.0.1' ],
67 silly audit   dateformat: [ '4.6.3' ],
67 silly audit   decamelize: [ '1.2.0' ],
67 silly audit   'decode-uri-component': [ '0.2.2' ],
67 silly audit   'deep-extend': [ '0.6.0' ],
67 silly audit   'deep-is': [ '0.1.4' ],
67 silly audit   defaults: [ '1.0.4' ],
67 silly audit   'define-data-property': [ '1.1.4' ],
67 silly audit   'define-lazy-prop': [ '2.0.0' ],
67 silly audit   'define-properties': [ '1.2.1' ],
67 silly audit   'delayed-stream': [ '1.0.0' ],
67 silly audit   depd: [ '2.0.0' ],
67 silly audit   dequal: [ '2.0.3' ],
67 silly audit   destroy: [ '1.2.0' ],
67 silly audit   'detect-libc': [ '2.1.2' ],
67 silly audit   diff: [ '7.0.0', '4.0.4' ],
67 silly audit   dijkstrajs: [ '1.0.3' ],
67 silly audit   'dir-glob': [ '3.0.1' ],
67 silly audit   doctrine: [ '2.1.0' ],
67 silly audit   'dom-serializer': [ '2.0.0' ],
67 silly audit   domelementtype: [ '2.3.0' ],
67 silly audit   domhandler: [ '5.0.3' ],
67 silly audit   domino: [ '2.1.6' ],
67 silly audit   domutils: [ '3.2.2' ],
67 silly audit   dotenv: [ '16.4.7', '16.3.1' ],
67 silly audit   'dotenv-expand': [ '11.0.7' ],
67 silly audit   'dtrace-provider': [ '0.8.8' ],
67 silly audit   'dunder-proto': [ '1.0.1' ],
67 silly audit   'eas-cli': [ '18.0.1' ],
67 silly audit   '@segment/ajv-human-errors': [ '2.15.0' ],
67 silly audit   'https-proxy-agent': [ '5.0.1', '7.0.6' ],
67 silly audit   mime: [ '3.0.0', '1.6.0' ],
67 silly audit   'mimic-fn': [ '2.1.0', '1.2.0' ],
67 silly audit   minizlib: [ '3.0.1', '3.1.0' ],
67 silly audit   nanoid: [ '3.3.8', '3.3.11' ],
67 silly audit   'node-forge': [ '1.3.1', '1.3.3' ],
67 silly audit   onetime: [ '5.1.2', '2.0.1' ],
67 silly audit   ora: [ '5.1.0', '3.4.0' ],
67 silly audit   pngjs: [ '7.0.0', '3.4.0', '5.0.0' ],
67 silly audit   'qrcode-terminal': [ '0.12.0', '0.11.0' ],
67 silly audit   'restore-cursor': [ '3.1.0', '2.0.0' ],
67 silly audit   rimraf: [ '5.0.10', '2.4.5', '3.0.2' ],
67 silly audit   yaml: [ '2.6.0', '2.8.2' ],
67 silly audit   eastasianwidth: [ '0.2.0' ],
67 silly audit   'ee-first': [ '1.1.1' ],
67 silly audit   ejs: [ '3.1.10' ],
67 silly audit   'electron-to-chromium': [ '1.5.286' ],
67 silly audit   encodeurl: [ '1.0.2', '2.0.0' ],
67 silly audit   'enhanced-resolve': [ '5.19.0' ],
67 silly audit   entities: [ '4.5.0' ],
67 silly audit   'env-editor': [ '0.4.2' ],
67 silly audit   'env-paths': [ '2.2.0' ],
67 silly audit   'env-string': [ '1.0.1' ],
67 silly audit   envinfo: [ '7.11.0' ],
67 silly audit   'err-code': [ '2.0.3' ],
67 silly audit   'error-ex': [ '1.3.4' ],
67 silly audit   'is-arrayish': [ '0.2.1', '0.3.4' ],
67 silly audit   'error-stack-parser': [ '2.1.4' ],
67 silly audit   'es-abstract': [ '1.24.1' ],
67 silly audit   'es-define-property': [ '1.0.1' ],
67 silly audit   'es-errors': [ '1.3.0' ],
67 silly audit   'es-iterator-helpers': [ '1.2.2' ],
67 silly audit   'es-object-atoms': [ '1.1.1' ],
67 silly audit   'es-set-tostringtag': [ '2.1.0' ],
67 silly audit   'es-shim-unscopables': [ '1.1.0' ],
67 silly audit   'es-to-primitive': [ '1.3.0' ],
67 silly audit   escalade: [ '3.2.0' ],
67 silly audit   'escape-html': [ '1.0.3' ],
67 silly audit   eslint: [ '9.39.2' ],
67 silly audit   'eslint-compat-utils': [ '0.5.1' ],
67 silly audit   'eslint-config-prettier': [ '9.1.2' ],
67 silly audit   'eslint-config-universe': [ '15.0.3' ],
67 silly audit   globals: [ '16.5.0', '15.15.0', '14.0.0' ],
67 silly audit   'eslint-import-resolver-node': [ '0.3.9' ],
67 silly audit   'eslint-module-utils': [ '2.12.1' ],
67 silly audit   'eslint-plugin-es': [ '3.0.1' ],
67 silly audit   'eslint-plugin-es-x': [ '7.8.0' ],
67 silly audit   'eslint-plugin-import': [ '2.32.0' ],
67 silly audit   'eslint-plugin-n': [ '17.23.2' ],
67 silly audit   'eslint-plugin-node': [ '11.1.0' ],
67 silly audit   'eslint-plugin-prettier': [ '5.5.5' ],
67 silly audit   'eslint-plugin-react': [ '7.37.5' ],
67 silly audit   'eslint-plugin-react-hooks': [ '5.2.0' ],
67 silly audit   resolve: [ '2.0.0-next.5', '1.7.1', '1.22.11' ],
67 silly audit   'eslint-scope': [ '8.4.0' ],
67 silly audit   'eslint-utils': [ '2.1.0' ],
67 silly audit   'find-up': [ '5.0.0', '4.1.0', '3.0.0' ],
67 silly audit   'locate-path': [ '6.0.0', '5.0.0', '3.0.0' ],
67 silly audit   'p-locate': [ '5.0.0', '4.1.0', '3.0.0' ],
67 silly audit   espree: [ '10.4.0' ],
67 silly audit   esprima: [ '4.0.1' ],
67 silly audit   esquery: [ '1.7.0' ],
67 silly audit   esrecurse: [ '4.3.0' ],
67 silly audit   estraverse: [ '5.3.0' ],
67 silly audit   esutils: [ '2.0.3' ],
67 silly audit   etag: [ '1.8.1' ],
67 silly audit   'event-target-shim': [ '5.0.1' ],
67 silly audit   'events-universal': [ '1.0.1' ],
67 silly audit   'exec-async': [ '2.2.0' ],
67 silly audit   expo: [ '54.0.33' ],
67 silly audit   'expo-clipboard': [ '8.0.8' ],
67 silly audit   'expo-dev-client': [ '6.0.20' ],
67 silly audit   'expo-dev-launcher': [ '6.0.20' ],
67 silly audit   'expo-dev-menu': [ '7.0.18' ],
67 silly audit   'expo-dev-menu-interface': [ '2.0.0' ],
67 silly audit   'expo-font': [ '14.0.11' ],
67 silly audit   'expo-json-utils': [ '0.15.0' ],
67 silly audit   'expo-linear-gradient': [ '15.0.8' ],
67 silly audit   'expo-manifests': [ '1.0.10' ],
67 silly audit   'expo-media-library': [ '18.2.1' ],
67 silly audit   'expo-modules-autolinking': [ '3.0.24' ],
67 silly audit   'expo-modules-core': [ '3.0.29' ],
67 silly audit   'expo-native-wechat': [ '0.3.1' ],
67 silly audit   'expo-server': [ '1.0.5' ],
67 silly audit   'expo-sharing': [ '14.0.8' ],
67 silly audit   'expo-status-bar': [ '3.0.9' ],
67 silly audit   'expo-updates-interface': [ '2.0.0' ],
67 silly audit   'expo-web-browser': [ '15.0.10' ],
67 silly audit   '@expo/cli': [ '54.0.23' ],
67 silly audit   '@expo/metro-config': [ '54.0.14' ],
67 silly audit   'expo-asset': [ '12.0.12' ],
67 silly audit   'expo-constants': [ '18.0.13' ],
67 silly audit   'expo-file-system': [ '19.0.21' ],
67 silly audit   'expo-keep-awake': [ '15.0.8' ],
67 silly audit   picomatch: [ '3.0.1', '2.3.1', '4.0.3' ],
67 silly audit   'exponential-backoff': [ '3.1.3' ],
67 silly audit   'fast-deep-equal': [ '3.1.3' ],
67 silly audit   'fast-diff': [ '1.3.0' ],
67 silly audit   'fast-fifo': [ '1.3.2' ],
67 silly audit   'fast-glob': [ '3.3.2' ],
67 silly audit   'glob-parent': [ '5.1.2', '6.0.2' ],
67 silly audit   'fast-json-stable-stringify': [ '2.1.0' ],
67 silly audit   'fast-levenshtein': [ '2.0.6' ],
67 silly audit   'fast-uri': [ '3.1.0' ],
67 silly audit   fastq: [ '1.20.1' ],
67 silly audit   'fb-watchman': [ '2.0.2' ],
67 silly audit   'fetch-retry': [ '4.1.1' ],
67 silly audit   figures: [ '3.2.0' ],
67 silly audit   'file-entry-cache': [ '8.0.0' ],
67 silly audit   filelist: [ '1.0.4' ],
67 silly audit   'fill-range': [ '7.1.1' ],
67 silly audit   'filter-obj': [ '1.1.0' ],
67 silly audit   finalhandler: [ '1.1.2' ],
67 silly audit   'find-babel-config': [ '2.1.2' ],
67 silly audit   'flat-cache': [ '4.0.1' ],
67 silly audit   flatted: [ '3.3.3' ],
67 silly audit   'flow-enums-runtime': [ '0.0.6' ],
67 silly audit   'follow-redirects': [ '1.15.11' ],
67 silly audit   fontfaceobserver: [ '2.3.0' ],
67 silly audit   'for-each': [ '0.3.5' ],
67 silly audit   'foreground-child': [ '3.3.1' ],
67 silly audit   'signal-exit': [ '4.1.0', '3.0.7' ],
67 silly audit   'form-data': [ '4.0.5' ],
67 silly audit   'freeport-async': [ '2.0.0' ],
67 silly audit   fresh: [ '0.5.2' ],
67 silly audit   'fs.realpath': [ '1.0.0' ],
67 silly audit   fsevents: [ '2.3.3' ],
67 silly audit   'function-bind': [ '1.1.2' ],
67 silly audit   'function.prototype.name': [ '1.1.8' ],
67 silly audit   'functions-have-names': [ '1.2.3' ],
67 silly audit   'generator-function': [ '2.0.1' ],
67 silly audit   gensync: [ '1.0.0-beta.2' ],
67 silly audit   'get-caller-file': [ '2.0.5' ],
67 silly audit   'get-intrinsic': [ '1.3.0' ],
67 silly audit   'get-package-type': [ '0.1.0' ],
67 silly audit   'get-proto': [ '1.0.1' ],
67 silly audit   'get-symbol-description': [ '1.1.0' ],
67 silly audit   'get-tsconfig': [ '4.13.6' ],
67 silly audit   'global-dirs': [ '0.1.1' ],
67 silly audit   globalthis: [ '1.0.4' ],
67 silly audit   globby: [ '11.1.0' ],
67 silly audit   globrex: [ '0.1.2' ],
67 silly audit   'golden-fleece': [ '1.0.9' ],
67 silly audit   gopd: [ '1.2.0' ],
67 silly audit   'graceful-fs': [ '4.2.11' ],
67 silly audit   'gradle-to-js': [ '2.0.1' ],
67 silly audit   graphql: [ '16.8.1' ],
67 silly audit   'graphql-tag': [ '2.12.6' ],
67 silly audit   'has-bigints': [ '1.1.0' ],
67 silly audit   'has-property-descriptors': [ '1.0.2' ],
67 silly audit   'has-proto': [ '1.2.0' ],
67 silly audit   'has-symbols': [ '1.1.0' ],
67 silly audit   'has-tostringtag': [ '1.0.2' ],
67 silly audit   hasown: [ '2.0.2' ],
67 silly audit   'hoist-non-react-statics': [ '3.3.2' ],
67 silly audit   'hosted-git-info': [ '7.0.2' ],
67 silly audit   html2canvas: [ '1.4.1' ],
67 silly audit   'http-call': [ '5.3.0' ],
67 silly audit   'http-errors': [ '2.0.1' ],
67 silly audit   statuses: [ '2.0.2', '1.5.0' ],
67 silly audit   hyperlinker: [ '1.0.0' ],
67 silly audit   'iconv-lite': [ '0.7.2' ],
67 silly audit   ieee754: [ '1.2.1' ],
67 silly audit   'image-size': [ '1.2.1' ],
67 silly audit   'import-fresh': [ '3.3.1' ],
67 silly audit   'resolve-from': [ '4.0.0', '5.0.0' ],
67 silly audit   imurmurhash: [ '0.1.4' ],
67 silly audit   'indent-string': [ '4.0.0' ],
67 silly audit   inflight: [ '1.0.6' ],
67 silly audit   inherits: [ '2.0.4' ],
67 silly audit   ini: [ '1.3.8' ],
67 silly audit   'internal-slot': [ '1.1.0' ],
67 silly audit   invariant: [ '2.2.4' ],
67 silly audit   'is-array-buffer': [ '3.0.5' ],
67 silly audit   'is-async-function': [ '2.1.1' ],
67 silly audit   'is-bigint': [ '1.1.0' ],
67 silly audit   'is-boolean-object': [ '1.2.2' ],
67 silly audit   'is-buffer': [ '1.1.6' ],
67 silly audit   'is-callable': [ '1.2.7' ],
67 silly audit   'is-core-module': [ '2.16.1' ],
67 silly audit   'is-data-view': [ '1.0.2' ],
67 silly audit   'is-date-object': [ '1.1.0' ],
67 silly audit   'is-docker': [ '2.2.1' ],
67 silly audit   'is-extglob': [ '2.1.1' ],
67 silly audit   'is-finalizationregistry': [ '1.1.1' ],
67 silly audit   'is-fullwidth-code-point': [ '3.0.0' ],
67 silly audit   'is-generator-function': [ '1.1.2' ],
67 silly audit   'is-glob': [ '4.0.3' ],
67 silly audit   'is-interactive': [ '1.0.0' ],
67 silly audit   'is-map': [ '2.0.3' ],
67 silly audit   'is-negative-zero': [ '2.0.3' ],
67 silly audit   'is-number': [ '7.0.0' ],
67 silly audit   'is-number-object': [ '1.1.1' ],
67 silly audit   'is-plain-obj': [ '2.1.0' ],
67 silly audit   'is-regex': [ '1.2.1' ],
67 silly audit   'is-retry-allowed': [ '1.2.0' ],
67 silly audit   'is-set': [ '2.0.3' ],
67 silly audit   'is-shared-array-buffer': [ '1.0.4' ],
67 silly audit   'is-stream': [ '2.0.1' ],
67 silly audit   'is-string': [ '1.1.1' ],
67 silly audit   'is-symbol': [ '1.1.1' ],
67 silly audit   'is-typed-array': [ '1.1.15' ],
67 silly audit   'is-unicode-supported': [ '0.1.0' ],
67 silly audit   'is-weakmap': [ '2.0.2' ],
67 silly audit   'is-weakref': [ '1.1.1' ],
67 silly audit   'is-weakset': [ '2.0.4' ],
67 silly audit   'is-wsl': [ '2.2.0' ],
67 silly audit   isarray: [ '2.0.5' ],
67 silly audit   isexe: [ '2.0.0' ],
67 silly audit   'istanbul-lib-coverage': [ '3.2.2' ],
67 silly audit   'istanbul-lib-instrument': [ '5.2.1' ],
67 silly audit   'iterator.prototype': [ '1.1.5' ],
67 silly audit   jake: [ '10.9.4' ],
67 silly audit   'jest-environment-node': [ '29.7.0' ],
67 silly audit   'jest-get-type': [ '29.6.3' ],
67 silly audit   'jest-haste-map': [ '29.7.0' ],
67 silly audit   'jest-message-util': [ '29.7.0' ],
67 silly audit   'jest-mock': [ '29.7.0' ],
67 silly audit   'jest-regex-util': [ '29.6.3' ],
67 silly audit   'jest-util': [ '29.7.0' ],
67 silly audit   'jest-validate': [ '29.7.0' ],
67 silly audit   'jest-worker': [ '29.7.0' ],
67 silly audit   'jimp-compact': [ '0.16.1' ],
67 silly audit   'jks-js': [ '1.1.0' ],
67 silly audit   'join-component': [ '1.1.0' ],
67 silly audit   'js-tokens': [ '4.0.0' ],
67 silly audit   'jsc-safe-url': [ '0.2.4' ],
67 silly audit   jsep: [ '1.4.0' ],
67 silly audit   jsesc: [ '3.1.0' ],
67 silly audit   'json-buffer': [ '3.0.1' ],
67 silly audit   'json-parse-better-errors': [ '1.0.2' ],
67 silly audit   'json-stable-stringify-without-jsonify': [ '1.0.1' ],
67 silly audit   json5: [ '2.2.3', '1.0.2' ],
67 silly audit   jsonfile: [ '6.2.0' ],
67 silly audit   'jsx-ast-utils': [ '3.3.5' ],
67 silly audit   keychain: [ '1.5.0' ],
67 silly audit   keyv: [ '4.5.4' ],
67 silly audit   kleur: [ '3.0.3' ],
67 silly audit   'lan-network': [ '0.1.7' ],
67 silly audit   leven: [ '3.1.0' ],
67 silly audit   levn: [ '0.4.1' ],
67 silly audit   'lighthouse-logger': [ '1.4.2' ],
67 silly audit   lightningcss: [ '1.31.1' ],
67 silly audit   'lightningcss-android-arm64': [ '1.31.1' ],
67 silly audit   'lightningcss-darwin-arm64': [ '1.31.1' ],
67 silly audit   'lightningcss-darwin-x64': [ '1.31.1' ],
67 silly audit   'lightningcss-freebsd-x64': [ '1.31.1' ],
67 silly audit   'lightningcss-linux-arm-gnueabihf': [ '1.31.1' ],
67 silly audit   'lightningcss-linux-arm64-gnu': [ '1.31.1' ],
67 silly audit   'lightningcss-linux-arm64-musl': [ '1.31.1' ],
67 silly audit   'lightningcss-linux-x64-gnu': [ '1.31.1' ],
67 silly audit   'lightningcss-linux-x64-musl': [ '1.31.1' ],
67 silly audit   'lightningcss-win32-arm64-msvc': [ '1.31.1' ],
67 silly audit   'lightningcss-win32-x64-msvc': [ '1.31.1' ],
67 silly audit   'lines-and-columns': [ '1.2.4' ],
67 silly audit   'lodash.clonedeep': [ '4.5.0' ],
67 silly audit   'lodash.debounce': [ '4.0.8' ],
67 silly audit   'lodash.get': [ '4.4.2' ],
67 silly audit   'lodash.merge': [ '4.6.2' ],
67 silly audit   'lodash.throttle': [ '4.1.1' ],
67 silly audit   'loose-envify': [ '1.4.0' ],
67 silly audit   'make-error': [ '1.3.6' ],
67 silly audit   makeerror: [ '1.0.12' ],
67 silly audit   marky: [ '1.3.0' ],
67 silly audit   'math-intrinsics': [ '1.1.0' ],
67 silly audit   md5: [ '2.3.0' ],
67 silly audit   'mdn-data': [ '2.0.14' ],
67 silly audit   'memoize-one': [ '5.2.1' ],
67 silly audit   'merge-options': [ '3.0.4' ],
67 silly audit   'merge-stream': [ '2.0.0' ],
67 silly audit   merge2: [ '1.4.1' ],
67 silly audit   metro: [ '0.83.3' ],
67 silly audit   'metro-babel-transformer': [ '0.83.3' ],
67 silly audit   'metro-cache': [ '0.83.3' ],
67 silly audit   'metro-cache-key': [ '0.83.3' ],
67 silly audit   'metro-config': [ '0.83.3' ],
67 silly audit   'metro-core': [ '0.83.3' ],
67 silly audit   'metro-file-map': [ '0.83.3' ],
67 silly audit   'metro-minify-terser': [ '0.83.3' ],
67 silly audit   'metro-resolver': [ '0.83.3' ],
67 silly audit   'metro-runtime': [ '0.83.3' ],
67 silly audit   'metro-source-map': [ '0.83.3' ],
67 silly audit   'metro-symbolicate': [ '0.83.3' ],
67 silly audit   'metro-transform-plugins': [ '0.83.3' ],
67 silly audit   'metro-transform-worker': [ '0.83.3' ],
67 silly audit   micromatch: [ '4.0.8' ],
67 silly audit   'mime-db': [ '1.52.0' ],
67 silly audit   'mime-types': [ '2.1.35' ],
67 silly audit   minimist: [ '1.2.8' ],
67 silly audit   mkdirp: [ '1.0.4', '0.5.6' ],
67 silly audit   mobx: [ '6.15.0' ],
67 silly audit   'mobx-react-lite': [ '4.1.1' ],
67 silly audit   moment: [ '2.30.1' ],
67 silly audit   multipasta: [ '0.2.7' ],
67 silly audit   'mute-stream': [ '0.0.8' ],
67 silly audit   mv: [ '2.1.1' ],
67 silly audit   mz: [ '2.7.0' ],
67 silly audit   nan: [ '2.25.0' ],
67 silly audit   'natural-compare': [ '1.4.0' ],
67 silly audit   'natural-orderby': [ '2.0.3' ],
67 silly audit   ncp: [ '2.0.0' ],
67 silly audit   'nested-error-stacks': [ '2.0.1' ],
67 silly audit   'node-fetch': [ '2.6.7' ],
67 silly audit   'node-int64': [ '0.4.0' ],
67 silly audit   'node-releases': [ '2.0.27' ],
67 silly audit   'node-rsa': [ '1.1.1' ],
67 silly audit   'node-stream-zip': [ '1.15.0' ],
67 silly audit   'normalize-path': [ '3.0.0' ],
67 silly audit   'npm-package-arg': [ '11.0.3' ],
67 silly audit   'nth-check': [ '2.1.1' ],
67 silly audit   nullthrows: [ '1.1.1' ],
67 silly audit   ob1: [ '0.83.3' ],
67 silly audit   'object-assign': [ '4.1.1' ],
67 silly audit   'object-inspect': [ '1.13.4' ],
67 silly audit   'object-keys': [ '1.1.1' ],
67 silly audit   'object-treeify': [ '1.1.33' ],
67 silly audit   'object.assign': [ '4.1.7' ],
67 silly audit   'object.entries': [ '1.1.9' ],
67 silly audit   'object.fromentries': [ '2.0.8' ],
67 silly audit   'object.groupby': [ '1.0.3' ],
67 silly audit   'object.values': [ '1.2.1' ],
67 silly audit   'on-finished': [ '2.3.0', '2.4.1' ],
67 silly audit   'on-headers': [ '1.1.0' ],
67 silly audit   once: [ '1.4.0' ],
67 silly audit   optionator: [ '0.9.4' ],
67 silly audit   'own-keys': [ '1.0.1' ],
67 silly audit   'p-limit': [ '3.1.0', '2.3.0' ],
67 silly audit   'p-try': [ '2.2.0' ],
67 silly audit   'package-json-from-dist': [ '1.0.1' ],
67 silly audit   'parent-module': [ '1.0.1' ],
67 silly audit   'parse-json': [ '4.0.0' ],
67 silly audit   'parse-png': [ '2.1.0' ],
67 silly audit   parseurl: [ '1.3.3' ],
67 silly audit   'password-prompt': [ '1.1.3' ],
67 silly audit   'path-exists': [ '4.0.0', '3.0.0' ],
67 silly audit   'path-is-absolute': [ '1.0.1' ],
67 silly audit   'path-key': [ '3.1.1' ],
67 silly audit   'path-parse': [ '1.0.7' ],
67 silly audit   'path-type': [ '4.0.0' ],
67 silly audit   picocolors: [ '1.1.1' ],
67 silly audit   pirates: [ '4.0.7' ],
67 silly audit   'pkg-dir': [ '4.2.0' ],
67 silly audit   'pkg-up': [ '3.1.0' ],
67 silly audit   plist: [ '3.1.0' ],
67 silly audit   'possible-typed-array-names': [ '1.1.0' ],
67 silly audit   postcss: [ '8.4.49' ],
67 silly audit   'prelude-ls': [ '1.2.1' ],
67 silly audit   prettier: [ '3.8.1' ],
67 silly audit   'prettier-linter-helpers': [ '1.0.1' ],
67 silly audit   'pretty-bytes': [ '5.6.0' ],
67 silly audit   'pretty-format': [ '29.7.0' ],
67 silly audit   'proc-log': [ '4.2.0' ],
67 silly audit   progress: [ '2.0.3' ],
67 silly audit   promise: [ '8.3.0' ],
67 silly audit   'promise-limit': [ '2.7.0' ],
67 silly audit   'promise-retry': [ '2.0.1' ],
67 silly audit   prompts: [ '2.4.2' ],
67 silly audit   'prop-types': [ '15.8.1' ],
67 silly audit   'proxy-from-env': [ '1.1.0' ],
67 silly audit   punycode: [ '2.3.1' ],
67 silly audit   qrcode: [ '1.5.4' ],
67 silly audit   y18n: [ '4.0.3', '5.0.8' ],
67 silly audit   yargs: [ '15.4.1', '17.7.2' ],
67 silly audit   'yargs-parser': [ '18.1.3', '21.1.1' ],
67 silly audit   'query-string': [ '7.1.3' ],
67 silly audit   queue: [ '6.0.2' ],
67 silly audit   'queue-microtask': [ '1.2.3' ],
67 silly audit   'range-parser': [ '1.2.1' ],
67 silly audit   rc: [ '1.2.8' ],
67 silly audit   react: [ '19.1.0' ],
67 silly audit   'react-devtools-core': [ '6.1.5' ],
67 silly audit   'react-freeze': [ '1.0.4' ],
67 silly audit   'react-native': [ '0.81.5' ],
67 silly audit   'react-native-is-edge-to-edge': [ '1.2.1' ],
67 silly audit   'react-native-paper': [ '5.15.0' ],
67 silly audit   'react-native-qrcode-svg': [ '6.3.21' ],
67 silly audit   'react-native-safe-area-context': [ '5.6.2' ],
67 silly audit   'react-native-screens': [ '4.16.0' ],
67 silly audit   'react-native-svg': [ '15.15.3' ],
67 silly audit   'react-native-view-shot': [ '4.0.3' ],
67 silly audit   'react-native-webview': [ '13.15.0' ],
67 silly audit   'react-refresh': [ '0.14.2' ],
67 silly audit   redeyed: [ '2.1.1' ],
67 silly audit   'reflect.getprototypeof': [ '1.0.10' ],
67 silly audit   regenerate: [ '1.4.2' ],
67 silly audit   'regenerate-unicode-properties': [ '10.2.2' ],
67 silly audit   'regenerator-runtime': [ '0.13.11' ],
67 silly audit   'regexp.prototype.flags': [ '1.5.4' ],
67 silly audit   regexpp: [ '3.2.0' ],
67 silly audit   'regexpu-core': [ '6.4.0' ],
67 silly audit   regjsgen: [ '0.8.0' ],
67 silly audit   regjsparser: [ '0.13.0' ],
67 silly audit   'remove-trailing-slash': [ '0.1.1' ],
67 silly audit   'require-directory': [ '2.1.1' ],
67 silly audit   'require-from-string': [ '2.0.2' ],
67 silly audit   'require-main-filename': [ '2.0.0' ],
67 silly audit   requireg: [ '0.2.2' ],
67 silly audit   reselect: [ '4.1.8' ],
67 silly audit   'resolve-global': [ '1.0.0' ],
67 silly audit   'resolve-pkg-maps': [ '1.0.0' ],
67 silly audit   'resolve-workspace-root': [ '2.0.1' ],
67 silly audit   'resolve.exports': [ '2.0.3' ],
67 silly audit   retry: [ '0.12.0' ],
67 silly audit   reusify: [ '1.1.0' ],
67 silly audit   'run-parallel': [ '1.2.0' ],
67 silly audit   'safe-array-concat': [ '1.1.3' ],
67 silly audit   'safe-buffer': [ '5.2.1' ],
67 silly audit   'safe-json-stringify': [ '1.2.0' ],
67 silly audit   'safe-push-apply': [ '1.0.0' ],
67 silly audit   'safe-regex-test': [ '1.1.0' ],
67 silly audit   'safer-buffer': [ '2.1.2' ],
67 silly audit   sax: [ '1.4.4' ],
67 silly audit   scheduler: [ '0.26.0' ],
67 silly audit   send: [ '0.19.2' ],
67 silly audit   'serialize-error': [ '2.1.0' ],
67 silly audit   'serve-static': [ '1.16.3' ],
67 silly audit   'set-blocking': [ '2.0.0' ],
67 silly audit   'set-function-length': [ '1.2.2' ],
67 silly audit   'set-function-name': [ '2.0.2' ],
67 silly audit   'set-interval-async': [ '3.0.3' ],
67 silly audit   'set-proto': [ '1.0.0' ],
67 silly audit   setprototypeof: [ '1.2.0' ],
67 silly audit   'sf-symbols-typescript': [ '2.2.0' ],
67 silly audit   'shebang-command': [ '2.0.0' ],
67 silly audit   'shebang-regex': [ '3.0.0' ],
67 silly audit   'shell-quote': [ '1.8.3' ],
67 silly audit   'side-channel': [ '1.1.0' ],
67 silly audit   'side-channel-list': [ '1.0.0' ],
67 silly audit   'side-channel-map': [ '1.0.1' ],
67 silly audit   'side-channel-weakmap': [ '1.0.2' ],
67 silly audit   'simple-plist': [ '1.3.1' ],
67 silly audit   'simple-swizzle': [ '0.2.4' ],
67 silly audit   sisteransi: [ '1.0.5' ],
67 silly audit   slash: [ '3.0.0' ],
67 silly audit   'slice-ansi': [ '4.0.0' ],
67 silly audit   slugify: [ '1.6.6' ],
67 silly audit   'source-map-js': [ '1.2.1' ],
67 silly audit   'source-map-support': [ '0.5.21' ],
67 silly audit   'split-on-first': [ '1.1.0' ],
67 silly audit   'sprintf-js': [ '1.0.3' ],
67 silly audit   'stack-utils': [ '2.0.6' ],
67 silly audit   stackframe: [ '1.3.4' ],
67 silly audit   'stacktrace-parser': [ '0.1.11' ],
67 silly audit   'stop-iteration-iterator': [ '1.1.0' ],
67 silly audit   'stream-buffers': [ '2.2.0' ],
67 silly audit   streamx: [ '2.23.0' ],
67 silly audit   'strict-uri-encode': [ '2.0.0' ],
67 silly audit   string_decoder: [ '1.3.0' ],
67 silly audit   'string.prototype.matchall': [ '4.0.12' ],
67 silly audit   'string.prototype.repeat': [ '1.0.0' ],
67 silly audit   'string.prototype.trim': [ '1.2.10' ],
67 silly audit   'string.prototype.trimend': [ '1.0.9' ],
67 silly audit   'string.prototype.trimstart': [ '1.0.8' ],
67 silly audit   'strip-bom': [ '3.0.0' ],
67 silly audit   'structured-headers': [ '0.4.1' ],
67 silly audit   'supports-hyperlinks': [ '2.3.0' ],
67 silly audit   'supports-preserve-symlinks-flag': [ '1.0.0' ],
67 silly audit   swr: [ '2.4.0' ],
67 silly audit   synckit: [ '0.11.12' ],
67 silly audit   tapable: [ '2.3.0' ],
67 silly audit   tar: [ '7.5.7' ],
67 silly audit   'tar-stream': [ '3.1.7' ],
67 silly audit   'temp-dir': [ '2.0.0' ],
67 silly audit   'terminal-link': [ '2.1.1' ],
67 silly audit   terser: [ '5.46.0' ],
67 silly audit   'test-exclude': [ '6.0.0' ],
67 silly audit   'text-decoder': [ '1.2.7' ],
67 silly audit   'text-encoding': [ '0.7.0' ],
67 silly audit   'text-segmentation': [ '1.0.3' ],
67 silly audit   thenify: [ '3.3.1' ],
67 silly audit   'thenify-all': [ '1.6.0' ],
67 silly audit   throat: [ '5.0.0' ],
67 silly audit   tinyglobby: [ '0.2.15' ],
67 silly audit   fdir: [ '6.5.0' ],
67 silly audit   tmpl: [ '1.0.5' ],
67 silly audit   'to-regex-range': [ '5.0.1' ],
67 silly audit   toidentifier: [ '1.0.1' ],
67 silly audit   tr46: [ '0.0.3' ],
67 silly audit   'ts-api-utils': [ '2.4.0' ],
67 silly audit   'ts-declaration-location': [ '1.0.7' ],
67 silly audit   'ts-deepmerge': [ '6.2.0' ],
67 silly audit   'ts-interface-checker': [ '0.1.13' ],
67 silly audit   'ts-node': [ '10.9.2' ],
67 silly audit   'tsconfig-paths': [ '3.15.0' ],
67 silly audit   'tunnel-agent': [ '0.6.0' ],
67 silly audit   turndown: [ '7.1.2' ],
67 silly audit   'type-check': [ '0.4.0' ],
67 silly audit   'type-detect': [ '4.0.8' ],
67 silly audit   'typed-array-buffer': [ '1.0.3' ],
67 silly audit   'typed-array-byte-length': [ '1.0.3' ],
67 silly audit   'typed-array-byte-offset': [ '1.0.4' ],
67 silly audit   'typed-array-length': [ '1.0.7' ],
67 silly audit   typescript: [ '5.9.3' ],
67 silly audit   'unbox-primitive': [ '1.1.0' ],
67 silly audit   undici: [ '6.23.0' ],
67 silly audit   'undici-types': [ '7.16.0' ],
67 silly audit   'unicode-canonical-property-names-ecmascript': [ '2.0.1' ],
67 silly audit   'unicode-match-property-ecmascript': [ '2.0.0' ],
67 silly audit   'unicode-match-property-value-ecmascript': [ '2.2.1' ],
67 silly audit   'unicode-property-aliases-ecmascript': [ '2.2.0' ],
67 silly audit   'unique-string': [ '2.0.0' ],
67 silly audit   unpipe: [ '1.0.0' ],
67 silly audit   untildify: [ '4.0.0' ],
67 silly audit   'update-browserslist-db': [ '1.2.3' ],
67 silly audit   'uri-js': [ '4.4.1' ],
67 silly audit   'use-latest-callback': [ '0.2.6' ],
67 silly audit   'use-sync-external-store': [ '1.6.0' ],
67 silly audit   'utils-merge': [ '1.0.1' ],
67 silly audit   utrie: [ '1.0.2' ],
67 silly audit   'v8-compile-cache-lib': [ '3.0.1' ],
67 silly audit   'validate-npm-package-name': [ '5.0.1' ],
67 silly audit   vary: [ '1.1.2' ],
67 silly audit   vlq: [ '1.0.1' ],
67 silly audit   walker: [ '1.0.8' ],
67 silly audit   'warn-once': [ '0.1.1' ],
67 silly audit   wcwidth: [ '1.0.1' ],
67 silly audit   'webidl-conversions': [ '5.0.0', '3.0.1' ],
67 silly audit   'whatwg-fetch': [ '3.6.20' ],
67 silly audit   'whatwg-url': [ '5.0.0' ],
67 silly audit   'whatwg-url-without-unicode': [ '8.0.0-3' ],
67 silly audit   which: [ '2.0.2' ],
67 silly audit   'which-boxed-primitive': [ '1.1.1' ],
67 silly audit   'which-builtin-type': [ '1.2.1' ],
67 silly audit   'which-collection': [ '1.0.2' ],
67 silly audit   'which-module': [ '2.0.1' ],
67 silly audit   'which-typed-array': [ '1.1.20' ],
67 silly audit   'widest-line': [ '3.1.0' ],
67 silly audit   wonka: [ '6.3.5' ],
67 silly audit   'word-wrap': [ '1.2.5' ],
67 silly audit   wordwrap: [ '1.0.0' ],
67 silly audit   wrappy: [ '1.0.2' ],
67 silly audit   xcode: [ '3.0.1' ],
67 silly audit   xml2js: [ '0.6.0' ],
67 silly audit   yn: [ '3.1.1' ],
67 silly audit   'yocto-queue': [ '0.1.0' ],
67 silly audit   zod: [ '4.3.6' ],
67 silly audit   'expo-calendar': [ '15.0.8' ],
67 silly audit   'expo-localization': [ '17.0.8' ],
67 silly audit   'rtl-detect': [ '1.1.2' ]
67 silly audit }
68 verbose reify failed optional dependency C:\Users\TANGLEI\Desktop\nongyu\node_modules\lightningcss-win32-arm64-msvc
69 silly reify mark deleted [
69 silly reify   'C:\\Users\\TANGLEI\\Desktop\\nongyu\\node_modules\\lightningcss-win32-arm64-msvc'
69 silly reify ]
70 verbose reify failed optional dependency C:\Users\TANGLEI\Desktop\nongyu\node_modules\lightningcss-linux-x64-musl
71 silly reify mark deleted [
71 silly reify   'C:\\Users\\TANGLEI\\Desktop\\nongyu\\node_modules\\lightningcss-linux-x64-musl'
71 silly reify ]
72 verbose reify failed optional dependency C:\Users\TANGLEI\Desktop\nongyu\node_modules\lightningcss-linux-x64-gnu
73 silly reify mark deleted [
73 silly reify   'C:\\Users\\TANGLEI\\Desktop\\nongyu\\node_modules\\lightningcss-linux-x64-gnu'
73 silly reify ]
74 verbose reify failed optional dependency C:\Users\TANGLEI\Desktop\nongyu\node_modules\lightningcss-linux-arm64-musl
75 silly reify mark deleted [
75 silly reify   'C:\\Users\\TANGLEI\\Desktop\\nongyu\\node_modules\\lightningcss-linux-arm64-musl'
75 silly reify ]
76 verbose reify failed optional dependency C:\Users\TANGLEI\Desktop\nongyu\node_modules\lightningcss-linux-arm64-gnu
77 silly reify mark deleted [
77 silly reify   'C:\\Users\\TANGLEI\\Desktop\\nongyu\\node_modules\\lightningcss-linux-arm64-gnu'
77 silly reify ]
78 verbose reify failed optional dependency C:\Users\TANGLEI\Desktop\nongyu\node_modules\lightningcss-linux-arm-gnueabihf
79 silly reify mark deleted [
79 silly reify   'C:\\Users\\TANGLEI\\Desktop\\nongyu\\node_modules\\lightningcss-linux-arm-gnueabihf'
79 silly reify ]
80 verbose reify failed optional dependency C:\Users\TANGLEI\Desktop\nongyu\node_modules\lightningcss-freebsd-x64
81 silly reify mark deleted [
81 silly reify   'C:\\Users\\TANGLEI\\Desktop\\nongyu\\node_modules\\lightningcss-freebsd-x64'
81 silly reify ]
82 verbose reify failed optional dependency C:\Users\TANGLEI\Desktop\nongyu\node_modules\lightningcss-darwin-x64
83 silly reify mark deleted [
83 silly reify   'C:\\Users\\TANGLEI\\Desktop\\nongyu\\node_modules\\lightningcss-darwin-x64'
83 silly reify ]
84 verbose reify failed optional dependency C:\Users\TANGLEI\Desktop\nongyu\node_modules\lightningcss-darwin-arm64
85 silly reify mark deleted [
85 silly reify   'C:\\Users\\TANGLEI\\Desktop\\nongyu\\node_modules\\lightningcss-darwin-arm64'
85 silly reify ]
86 verbose reify failed optional dependency C:\Users\TANGLEI\Desktop\nongyu\node_modules\lightningcss-android-arm64
87 silly reify mark deleted [
87 silly reify   'C:\\Users\\TANGLEI\\Desktop\\nongyu\\node_modules\\lightningcss-android-arm64'
87 silly reify ]
88 verbose reify failed optional dependency C:\Users\TANGLEI\Desktop\nongyu\node_modules\fsevents
89 silly reify mark deleted [ 'C:\\Users\\TANGLEI\\Desktop\\nongyu\\node_modules\\fsevents' ]
90 http cache expo-localization@https://registry.npmjs.org/expo-localization/-/expo-localization-17.0.8.tgz 0ms (cache hit)
91 http cache rtl-detect@https://registry.npmjs.org/rtl-detect/-/rtl-detect-1.1.2.tgz 0ms (cache hit)
92 http cache expo-calendar@https://registry.npmjs.org/expo-calendar/-/expo-calendar-15.0.8.tgz 0ms (cache hit)
93 silly tarball no local data for expo-localization@https://registry.npmjs.org/expo-localization/-/expo-localization-17.0.8.tgz. Extracting by manifest.
94 silly tarball no local data for rtl-detect@https://registry.npmjs.org/rtl-detect/-/rtl-detect-1.1.2.tgz. Extracting by manifest.
95 silly tarball no local data for expo-calendar@https://registry.npmjs.org/expo-calendar/-/expo-calendar-15.0.8.tgz. Extracting by manifest.
96 http fetch POST 200 https://registry.npmjs.org/-/npm/v1/security/advisories/bulk 335ms
97 silly audit report {
97 silly audit report   minimatch: [
97 silly audit report     {
97 silly audit report       id: 1113296,
97 silly audit report       url: 'https://github.com/advisories/GHSA-3ppc-4f35-3m26',
97 silly audit report       title: 'minimatch has a ReDoS via repeated wildcards with non-matching literal in pattern',
97 silly audit report       severity: 'high',
97 silly audit report       vulnerable_versions: '<10.2.1',
97 silly audit report       cwe: [Array],
97 silly audit report       cvss: [Object]
97 silly audit report     }
97 silly audit report   ],
97 silly audit report   ajv: [
97 silly audit report     {
97 silly audit report       id: 1113214,
97 silly audit report       url: 'https://github.com/advisories/GHSA-2g4f-4pwh-qvx6',
97 silly audit report       title: 'ajv has ReDoS when using `$data` option',
97 silly audit report       severity: 'moderate',
97 silly audit report       vulnerable_versions: '<8.18.0',
97 silly audit report       cwe: [Array],
97 silly audit report       cvss: [Object]
97 silly audit report     }
97 silly audit report   ],
97 silly audit report   diff: [
97 silly audit report     {
97 silly audit report       id: 1112706,
97 silly audit report       url: 'https://github.com/advisories/GHSA-73rr-hh4g-fpgx',
97 silly audit report       title: 'jsdiff has a Denial of Service vulnerability in parsePatch and applyPatch',
97 silly audit report       severity: 'low',
97 silly audit report       vulnerable_versions: '>=6.0.0 <8.0.3',
97 silly audit report       cwe: [Array],
97 silly audit report       cvss: [Object]
97 silly audit report     }
97 silly audit report   ],
97 silly audit report   'node-forge': [
97 silly audit report     {
97 silly audit report       id: 1110996,
97 silly audit report       url: 'https://github.com/advisories/GHSA-554w-wpv2-vw27',
97 silly audit report       title: 'node-forge has ASN.1 Unbounded Recursion',
97 silly audit report       severity: 'high',
97 silly audit report       vulnerable_versions: '<1.3.2',
97 silly audit report       cwe: [Array],
97 silly audit report       cvss: [Object]
97 silly audit report     },
97 silly audit report     {
97 silly audit report       id: 1110998,
97 silly audit report       url: 'https://github.com/advisories/GHSA-5gfm-wpxj-wjgq',
97 silly audit report       title: 'node-forge has an Interpretation Conflict vulnerability via its ASN.1 Validator Desynchronization',
97 silly audit report       severity: 'high',
97 silly audit report       vulnerable_versions: '<1.3.2',
97 silly audit report       cwe: [Array],
97 silly audit report       cvss: [Object]
97 silly audit report     },
97 silly audit report     {
97 silly audit report       id: 1111068,
97 silly audit report       url: 'https://github.com/advisories/GHSA-65ch-62r8-g69g',
97 silly audit report       title: 'node-forge is vulnerable to ASN.1 OID Integer Truncation',
97 silly audit report       severity: 'moderate',
97 silly audit report       vulnerable_versions: '<1.3.2',
97 silly audit report       cwe: [Array],
97 silly audit report       cvss: [Object]
97 silly audit report     }
97 silly audit report   ],
97 silly audit report   tar: [
97 silly audit report     {
97 silly audit report       id: 1113249,
97 silly audit report       url: 'https://github.com/advisories/GHSA-83g3-92jg-28cx',
97 silly audit report       title: 'Arbitrary File Read/Write via Hardlink Target Escape Through Symlink Chain in node-tar Extraction',
97 silly audit report       severity: 'high',
97 silly audit report       vulnerable_versions: '<7.5.8',
97 silly audit report       cwe: [Array],
97 silly audit report       cvss: [Object]
97 silly audit report     }
97 silly audit report   ]
97 silly audit report }
98 silly packumentCache corgi:https://registry.npmjs.org/minimatch cache-miss
99 silly packumentCache corgi:https://registry.npmjs.org/ajv cache-miss
100 silly packumentCache corgi:https://registry.npmjs.org/diff cache-miss
101 silly packumentCache corgi:https://registry.npmjs.org/node-forge cache-miss
102 silly packumentCache corgi:https://registry.npmjs.org/tar cache-miss
103 http fetch GET 200 https://registry.npmjs.org/ajv 243ms (cache revalidated)
104 silly packumentCache corgi:https://registry.npmjs.org/ajv set size:463222 disposed:false
105 http fetch GET 200 https://registry.npmjs.org/rtl-detect/-/rtl-detect-1.1.2.tgz 882ms (cache miss)
106 http fetch GET 200 https://registry.npmjs.org/expo-localization/-/expo-localization-17.0.8.tgz 1060ms (cache miss)
107 http fetch GET 200 https://registry.npmjs.org/tar 868ms (cache revalidated)
108 silly packumentCache corgi:https://registry.npmjs.org/tar set size:195519 disposed:false
109 http fetch GET 200 https://registry.npmjs.org/diff 892ms (cache revalidated)
110 silly packumentCache corgi:https://registry.npmjs.org/diff set size:65404 disposed:false
111 http fetch GET 200 https://registry.npmjs.org/node-forge 912ms (cache revalidated)
112 silly packumentCache corgi:https://registry.npmjs.org/node-forge set size:105368 disposed:false
113 http fetch GET 200 https://registry.npmjs.org/minimatch 1053ms (cache updated)
114 silly packumentCache corgi:https://registry.npmjs.org/minimatch set size:undefined disposed:false
115 silly packumentCache corgi:https://registry.npmjs.org/@eslint%2fconfig-array cache-miss
116 silly packumentCache corgi:https://registry.npmjs.org/@eslint%2feslintrc cache-miss
117 silly packumentCache corgi:https://registry.npmjs.org/glob cache-miss
118 silly packumentCache corgi:https://registry.npmjs.org/eas-cli cache-miss
119 silly packumentCache corgi:https://registry.npmjs.org/eslint-plugin-import cache-miss
120 silly packumentCache corgi:https://registry.npmjs.org/eslint-plugin-node cache-miss
121 silly packumentCache corgi:https://registry.npmjs.org/eslint-plugin-react cache-miss
122 silly packumentCache corgi:https://registry.npmjs.org/eslint cache-miss
123 silly packumentCache corgi:https://registry.npmjs.org/filelist cache-miss
124 silly packumentCache corgi:https://registry.npmjs.org/@expo%2ffingerprint cache-miss
125 silly packumentCache corgi:https://registry.npmjs.org/@typescript-eslint%2ftypescript-estree cache-miss
126 silly packumentCache corgi:https://registry.npmjs.org/@expo%2fcli cache-miss
127 silly packumentCache corgi:https://registry.npmjs.org/@expo%2fmetro-config cache-miss
128 silly packumentCache corgi:https://registry.npmjs.org/test-exclude cache-miss
129 http fetch GET 200 https://registry.npmjs.org/expo-calendar/-/expo-calendar-15.0.8.tgz 1522ms (cache miss)
130 http fetch GET 200 https://registry.npmjs.org/eslint-plugin-node 708ms (cache revalidated)
131 silly packumentCache corgi:https://registry.npmjs.org/eslint-plugin-node set size:65154 disposed:false
132 http fetch GET 200 https://registry.npmjs.org/eslint-plugin-react 714ms (cache revalidated)
133 silly packumentCache corgi:https://registry.npmjs.org/eslint-plugin-react set size:309843 disposed:false
134 http fetch GET 200 https://registry.npmjs.org/eslint-plugin-import 722ms (cache revalidated)
135 silly packumentCache corgi:https://registry.npmjs.org/eslint-plugin-import set size:238396 disposed:false
136 http fetch GET 200 https://registry.npmjs.org/@eslint%2feslintrc 728ms (cache revalidated)
137 silly packumentCache corgi:https://registry.npmjs.org/@eslint%2feslintrc set size:80753 disposed:false
138 http fetch GET 200 https://registry.npmjs.org/@eslint%2fconfig-array 731ms (cache revalidated)
139 silly packumentCache corgi:https://registry.npmjs.org/@eslint%2fconfig-array set size:14383 disposed:false
140 http fetch GET 200 https://registry.npmjs.org/@expo%2fcli 729ms (cache revalidated)
141 silly packumentCache corgi:https://registry.npmjs.org/@expo%2fcli set size:1387852 disposed:false
142 http fetch GET 200 https://registry.npmjs.org/glob 1278ms (cache updated)
143 silly packumentCache corgi:https://registry.npmjs.org/glob set size:undefined disposed:false
144 http fetch GET 200 https://registry.npmjs.org/filelist 1285ms (cache revalidated)
145 silly packumentCache corgi:https://registry.npmjs.org/filelist set size:9142 disposed:false
146 http fetch GET 200 https://registry.npmjs.org/test-exclude 1285ms (cache revalidated)
147 silly packumentCache corgi:https://registry.npmjs.org/test-exclude set size:41165 disposed:false
148 http fetch GET 200 https://registry.npmjs.org/eslint 1288ms (cache revalidated)
149 silly packumentCache corgi:https://registry.npmjs.org/eslint set size:1126678 disposed:false
150 http fetch GET 200 https://registry.npmjs.org/@expo%2ffingerprint 1302ms (cache revalidated)
151 silly packumentCache corgi:https://registry.npmjs.org/@expo%2ffingerprint set size:174980 disposed:false
152 http fetch GET 200 https://registry.npmjs.org/@expo%2fmetro-config 1309ms (cache revalidated)
153 silly packumentCache corgi:https://registry.npmjs.org/@expo%2fmetro-config set size:497489 disposed:false
154 http fetch GET 200 https://registry.npmjs.org/@typescript-eslint%2ftypescript-estree 1327ms (cache revalidated)
155 silly packumentCache corgi:https://registry.npmjs.org/@typescript-eslint%2ftypescript-estree set size:8492625 disposed:false
156 http fetch GET 200 https://registry.npmjs.org/eas-cli 1595ms (cache updated)
157 silly packumentCache corgi:https://registry.npmjs.org/eas-cli set size:undefined disposed:false
158 silly packumentCache corgi:https://registry.npmjs.org/@segment%2fajv-human-errors cache-miss
159 http fetch GET 200 https://registry.npmjs.org/@segment%2fajv-human-errors 657ms (cache updated)
160 silly packumentCache corgi:https://registry.npmjs.org/@segment%2fajv-human-errors set size:undefined disposed:false
161 silly packumentCache corgi:https://registry.npmjs.org/@expo%2fcode-signing-certificates cache-miss
162 http fetch GET 200 https://registry.npmjs.org/@expo%2fcode-signing-certificates 318ms (cache revalidated)
163 silly packumentCache corgi:https://registry.npmjs.org/@expo%2fcode-signing-certificates set size:10991 disposed:false
164 silly packumentCache corgi:https://registry.npmjs.org/eslint-config-universe cache-miss
165 http fetch GET 200 https://registry.npmjs.org/eslint-config-universe 269ms (cache revalidated)
166 silly packumentCache corgi:https://registry.npmjs.org/eslint-config-universe set size:204275 disposed:false
167 silly packumentCache corgi:https://registry.npmjs.org/expo cache-miss
168 http fetch GET 200 https://registry.npmjs.org/expo 248ms (cache revalidated)
169 silly packumentCache corgi:https://registry.npmjs.org/expo set size:1604211 disposed:false
170 silly packumentCache corgi:https://registry.npmjs.org/@expo%2fconfig cache-miss
171 silly packumentCache corgi:https://registry.npmjs.org/@expo%2fconfig-plugins cache-miss
172 silly packumentCache corgi:https://registry.npmjs.org/sucrase cache-miss
173 silly packumentCache corgi:https://registry.npmjs.org/@react-native%2fcodegen cache-miss
174 silly packumentCache corgi:https://registry.npmjs.org/babel-plugin-module-resolver cache-miss
175 silly packumentCache corgi:https://registry.npmjs.org/rimraf cache-miss
176 silly packumentCache corgi:https://registry.npmjs.org/react-native cache-miss
177 http fetch GET 200 https://registry.npmjs.org/rimraf 353ms (cache revalidated)
178 silly packumentCache corgi:https://registry.npmjs.org/rimraf set size:87794 disposed:false
179 http fetch GET 200 https://registry.npmjs.org/sucrase 360ms (cache revalidated)
180 silly packumentCache corgi:https://registry.npmjs.org/sucrase set size:163085 disposed:false
181 http fetch GET 200 https://registry.npmjs.org/@expo%2fconfig-plugins 386ms (cache revalidated)
182 silly packumentCache corgi:https://registry.npmjs.org/@expo%2fconfig-plugins set size:370533 disposed:false
183 http fetch GET 200 https://registry.npmjs.org/babel-plugin-module-resolver 398ms (cache revalidated)
184 silly packumentCache corgi:https://registry.npmjs.org/babel-plugin-module-resolver set size:34996 disposed:false
185 http fetch GET 200 https://registry.npmjs.org/@expo%2fconfig 423ms (cache revalidated)
186 silly packumentCache corgi:https://registry.npmjs.org/@expo%2fconfig set size:496145 disposed:false
187 http fetch GET 200 https://registry.npmjs.org/@react-native%2fcodegen 955ms (cache updated)
188 silly packumentCache corgi:https://registry.npmjs.org/@react-native%2fcodegen set size:undefined disposed:false
189 http fetch GET 200 https://registry.npmjs.org/react-native 1764ms (cache updated)
190 silly packumentCache corgi:https://registry.npmjs.org/react-native set size:undefined disposed:false
191 silly packumentCache corgi:https://registry.npmjs.org/@eslint-community%2feslint-utils cache-miss
192 silly packumentCache corgi:https://registry.npmjs.org/@typescript-eslint%2feslint-plugin cache-miss
193 silly packumentCache corgi:https://registry.npmjs.org/@typescript-eslint%2fparser cache-miss
194 silly packumentCache corgi:https://registry.npmjs.org/@typescript-eslint%2ftype-utils cache-miss
195 silly packumentCache corgi:https://registry.npmjs.org/@typescript-eslint%2futils cache-miss
196 silly packumentCache corgi:https://registry.npmjs.org/eslint-compat-utils cache-miss
197 silly packumentCache corgi:https://registry.npmjs.org/eslint-config-prettier cache-miss
198 silly packumentCache corgi:https://registry.npmjs.org/eslint-plugin-es cache-miss
199 silly packumentCache corgi:https://registry.npmjs.org/eslint-plugin-es-x cache-miss
200 silly packumentCache corgi:https://registry.npmjs.org/eslint-plugin-n cache-miss
201 silly packumentCache corgi:https://registry.npmjs.org/eslint-plugin-prettier cache-miss
202 silly packumentCache corgi:https://registry.npmjs.org/eslint-plugin-react-hooks cache-miss
203 http fetch GET 200 https://registry.npmjs.org/eslint-compat-utils 288ms (cache revalidated)
204 silly packumentCache corgi:https://registry.npmjs.org/eslint-compat-utils set size:25891 disposed:false
205 http fetch GET 200 https://registry.npmjs.org/@eslint-community%2feslint-utils 296ms (cache revalidated)
206 silly packumentCache corgi:https://registry.npmjs.org/@eslint-community%2feslint-utils set size:44347 disposed:false
207 http fetch GET 200 https://registry.npmjs.org/eslint-plugin-prettier 310ms (cache revalidated)
208 silly packumentCache corgi:https://registry.npmjs.org/eslint-plugin-prettier set size:89128 disposed:false
209 http fetch GET 200 https://registry.npmjs.org/@typescript-eslint%2ftype-utils 326ms (cache revalidated)
210 silly packumentCache corgi:https://registry.npmjs.org/@typescript-eslint%2ftype-utils set size:4505748 disposed:false
211 http fetch GET 200 https://registry.npmjs.org/@typescript-eslint%2futils 455ms (cache revalidated)
212 silly packumentCache corgi:https://registry.npmjs.org/@typescript-eslint%2futils set size:4516674 disposed:false
213 http fetch GET 200 https://registry.npmjs.org/eslint-config-prettier 567ms (cache revalidated)
214 silly packumentCache corgi:https://registry.npmjs.org/eslint-config-prettier set size:119192 disposed:false
215 http fetch GET 200 https://registry.npmjs.org/@typescript-eslint%2feslint-plugin 578ms (cache revalidated)
216 silly packumentCache corgi:https://registry.npmjs.org/@typescript-eslint%2feslint-plugin set size:9347879 disposed:false
217 http fetch GET 200 https://registry.npmjs.org/eslint-plugin-es 777ms (cache revalidated)
218 silly packumentCache corgi:https://registry.npmjs.org/eslint-plugin-es set size:23770 disposed:false
219 http fetch GET 200 https://registry.npmjs.org/eslint-plugin-n 785ms (cache revalidated)
220 silly packumentCache corgi:https://registry.npmjs.org/eslint-plugin-n set size:149411 disposed:false
221 http fetch GET 200 https://registry.npmjs.org/@typescript-eslint%2fparser 799ms (cache revalidated)
222 silly packumentCache corgi:https://registry.npmjs.org/@typescript-eslint%2fparser set size:7891430 disposed:false
223 http fetch GET 200 https://registry.npmjs.org/eslint-plugin-es-x 1021ms (cache revalidated)
224 silly packumentCache corgi:https://registry.npmjs.org/eslint-plugin-es-x set size:65999 disposed:false
225 http fetch GET 200 https://registry.npmjs.org/eslint-plugin-react-hooks 1838ms (cache updated)
226 silly packumentCache corgi:https://registry.npmjs.org/eslint-plugin-react-hooks set size:undefined disposed:false
227 silly packumentCache corgi:https://registry.npmjs.org/babel-plugin-istanbul cache-miss
228 http fetch GET 200 https://registry.npmjs.org/babel-plugin-istanbul 266ms (cache revalidated)
229 silly packumentCache corgi:https://registry.npmjs.org/babel-plugin-istanbul set size:48319 disposed:false
230 silly packumentCache corgi:https://registry.npmjs.org/jake cache-miss
231 http fetch GET 200 https://registry.npmjs.org/jake 283ms (cache revalidated)
232 silly packumentCache corgi:https://registry.npmjs.org/jake set size:131466 disposed:false
233 silly packumentCache corgi:https://registry.npmjs.org/babel-preset-expo cache-miss
234 silly packumentCache corgi:https://registry.npmjs.org/expo-clipboard cache-miss
235 silly packumentCache corgi:https://registry.npmjs.org/expo-dev-client cache-miss
236 silly packumentCache corgi:https://registry.npmjs.org/expo-dev-launcher cache-miss
237 silly packumentCache corgi:https://registry.npmjs.org/expo-dev-menu cache-miss
238 silly packumentCache corgi:https://registry.npmjs.org/expo-dev-menu-interface cache-miss
239 silly packumentCache corgi:https://registry.npmjs.org/expo-font cache-miss
240 silly packumentCache corgi:https://registry.npmjs.org/expo-linear-gradient cache-miss
241 silly packumentCache corgi:https://registry.npmjs.org/expo-manifests cache-miss
242 silly packumentCache corgi:https://registry.npmjs.org/expo-media-library cache-miss
243 silly packumentCache corgi:https://registry.npmjs.org/expo-native-wechat cache-miss
244 silly packumentCache corgi:https://registry.npmjs.org/expo-sharing cache-miss
245 silly packumentCache corgi:https://registry.npmjs.org/expo-updates-interface cache-miss
246 silly packumentCache corgi:https://registry.npmjs.org/expo-web-browser cache-miss
247 silly packumentCache corgi:https://registry.npmjs.org/@expo%2fprebuild-config cache-miss
248 silly packumentCache corgi:https://registry.npmjs.org/expo-asset cache-miss
249 silly packumentCache corgi:https://registry.npmjs.org/expo-constants cache-miss
250 silly packumentCache corgi:https://registry.npmjs.org/expo-file-system cache-miss
251 silly packumentCache corgi:https://registry.npmjs.org/expo-keep-awake cache-miss
252 silly packumentCache corgi:https://registry.npmjs.org/expo-calendar cache-miss
253 silly packumentCache corgi:https://registry.npmjs.org/expo-localization cache-miss
254 http fetch GET 200 https://registry.npmjs.org/expo-dev-menu 366ms (cache revalidated)
255 silly packumentCache corgi:https://registry.npmjs.org/expo-dev-menu set size:386213 disposed:false
256 http fetch GET 200 https://registry.npmjs.org/expo-web-browser 408ms (cache revalidated)
257 silly packumentCache corgi:https://registry.npmjs.org/expo-web-browser set size:175184 disposed:false
258 http fetch GET 200 https://registry.npmjs.org/expo-linear-gradient 434ms (cache revalidated)
259 silly packumentCache corgi:https://registry.npmjs.org/expo-linear-gradient set size:190062 disposed:false
260 http fetch GET 200 https://registry.npmjs.org/expo-dev-client 453ms (cache revalidated)
261 silly packumentCache corgi:https://registry.npmjs.org/expo-dev-client set size:321725 disposed:false
262 http fetch GET 200 https://registry.npmjs.org/expo-font 496ms (cache revalidated)
263 silly packumentCache corgi:https://registry.npmjs.org/expo-font set size:208084 disposed:false
264 http fetch GET 200 https://registry.npmjs.org/babel-preset-expo 522ms (cache revalidated)
265 silly packumentCache corgi:https://registry.npmjs.org/babel-preset-expo set size:391426 disposed:false
266 http fetch GET 200 https://registry.npmjs.org/expo-asset 530ms (cache revalidated)
267 silly packumentCache corgi:https://registry.npmjs.org/expo-asset set size:255210 disposed:false
268 http fetch GET 200 https://registry.npmjs.org/expo-constants 544ms (cache revalidated)
269 silly packumentCache corgi:https://registry.npmjs.org/expo-constants set size:244654 disposed:false
270 http fetch GET 200 https://registry.npmjs.org/expo-dev-launcher 561ms (cache revalidated)
271 silly packumentCache corgi:https://registry.npmjs.org/expo-dev-launcher set size:428896 disposed:false
272 http fetch GET 200 https://registry.npmjs.org/expo-dev-menu-interface 572ms (cache revalidated)
273 silly packumentCache corgi:https://registry.npmjs.org/expo-dev-menu-interface set size:128695 disposed:false
274 http fetch GET 200 https://registry.npmjs.org/@expo%2fprebuild-config 577ms (cache revalidated)
275 silly packumentCache corgi:https://registry.npmjs.org/@expo%2fprebuild-config set size:323938 disposed:false
276 http fetch GET 200 https://registry.npmjs.org/expo-clipboard 594ms (cache revalidated)
277 silly packumentCache corgi:https://registry.npmjs.org/expo-clipboard set size:134741 disposed:false
278 http fetch GET 200 https://registry.npmjs.org/expo-native-wechat 611ms (cache revalidated)
279 silly packumentCache corgi:https://registry.npmjs.org/expo-native-wechat set size:8589 disposed:false
280 http fetch GET 200 https://registry.npmjs.org/expo-calendar 637ms (cache miss)
281 silly packumentCache corgi:https://registry.npmjs.org/expo-calendar set size:undefined disposed:false
282 http fetch GET 200 https://registry.npmjs.org/expo-file-system 665ms (cache revalidated)
283 silly packumentCache corgi:https://registry.npmjs.org/expo-file-system set size:251596 disposed:false
284 http fetch GET 200 https://registry.npmjs.org/expo-keep-awake 681ms (cache revalidated)
285 silly packumentCache corgi:https://registry.npmjs.org/expo-keep-awake set size:162212 disposed:false
286 http fetch GET 200 https://registry.npmjs.org/expo-sharing 689ms (cache revalidated)
287 silly packumentCache corgi:https://registry.npmjs.org/expo-sharing set size:165497 disposed:false
288 http fetch GET 200 https://registry.npmjs.org/expo-manifests 703ms (cache revalidated)
289 silly packumentCache corgi:https://registry.npmjs.org/expo-manifests set size:150085 disposed:false
290 http fetch GET 200 https://registry.npmjs.org/expo-media-library 714ms (cache revalidated)
291 silly packumentCache corgi:https://registry.npmjs.org/expo-media-library set size:209671 disposed:false
292 http fetch GET 200 https://registry.npmjs.org/expo-localization 744ms (cache miss)
293 silly packumentCache corgi:https://registry.npmjs.org/expo-localization set size:undefined disposed:false
294 http fetch GET 200 https://registry.npmjs.org/expo-updates-interface 1296ms (cache revalidated)
295 silly packumentCache corgi:https://registry.npmjs.org/expo-updates-interface set size:117675 disposed:false
296 silly packumentCache corgi:https://registry.npmjs.org/minizlib cache-miss
297 silly packumentCache corgi:https://registry.npmjs.org/mv cache-miss
298 silly packumentCache corgi:https://registry.npmjs.org/chromium-edge-launcher cache-miss
299 http fetch GET 200 https://registry.npmjs.org/chromium-edge-launcher 261ms (cache revalidated)
300 silly packumentCache corgi:https://registry.npmjs.org/chromium-edge-launcher set size:7395 disposed:false
301 http fetch GET 200 https://registry.npmjs.org/minizlib 264ms (cache revalidated)
302 silly packumentCache corgi:https://registry.npmjs.org/minizlib set size:26328 disposed:false
303 http fetch GET 200 https://registry.npmjs.org/mv 264ms (cache revalidated)
304 silly packumentCache corgi:https://registry.npmjs.org/mv set size:7084 disposed:false
305 silly packumentCache corgi:https://registry.npmjs.org/@react-native%2fbabel-plugin-codegen cache-miss
306 http fetch GET 200 https://registry.npmjs.org/@react-native%2fbabel-plugin-codegen 646ms (cache updated)
307 silly packumentCache corgi:https://registry.npmjs.org/@react-native%2fbabel-plugin-codegen set size:undefined disposed:false
308 silly packumentCache corgi:https://registry.npmjs.org/@expo%2fdevtools cache-miss
309 silly packumentCache corgi:https://registry.npmjs.org/@expo%2fvector-icons cache-miss
310 silly packumentCache corgi:https://registry.npmjs.org/@react-native-async-storage%2fasync-storage cache-miss
311 silly packumentCache corgi:https://registry.npmjs.org/@react-native%2fvirtualized-lists cache-miss
312 silly packumentCache corgi:https://registry.npmjs.org/@react-navigation%2fbottom-tabs cache-miss
313 silly packumentCache corgi:https://registry.npmjs.org/@react-navigation%2felements cache-miss
314 silly packumentCache corgi:https://registry.npmjs.org/@react-navigation%2fnative cache-miss
315 silly packumentCache corgi:https://registry.npmjs.org/@react-navigation%2fnative-stack cache-miss
316 silly packumentCache corgi:https://registry.npmjs.org/expo-modules-core cache-miss
317 silly packumentCache corgi:https://registry.npmjs.org/expo-status-bar cache-miss
318 silly packumentCache corgi:https://registry.npmjs.org/react-native-is-edge-to-edge cache-miss
319 silly packumentCache corgi:https://registry.npmjs.org/react-native-paper cache-miss
320 silly packumentCache corgi:https://registry.npmjs.org/react-native-qrcode-svg cache-miss
321 silly packumentCache corgi:https://registry.npmjs.org/react-native-safe-area-context cache-miss
322 silly packumentCache corgi:https://registry.npmjs.org/react-native-screens cache-miss
323 silly packumentCache corgi:https://registry.npmjs.org/react-native-svg cache-miss
324 silly packumentCache corgi:https://registry.npmjs.org/react-native-view-shot cache-miss
325 silly packumentCache corgi:https://registry.npmjs.org/react-native-webview cache-miss
326 http fetch GET 200 https://registry.npmjs.org/expo-modules-core 331ms (cache revalidated)
327 silly packumentCache corgi:https://registry.npmjs.org/expo-modules-core set size:292768 disposed:false
328 http fetch GET 200 https://registry.npmjs.org/expo-status-bar 336ms (cache revalidated)
329 silly packumentCache corgi:https://registry.npmjs.org/expo-status-bar set size:160294 disposed:false
330 http fetch GET 200 https://registry.npmjs.org/react-native-safe-area-context 338ms (cache revalidated)
331 silly packumentCache corgi:https://registry.npmjs.org/react-native-safe-area-context set size:302074 disposed:false
332 http fetch GET 200 https://registry.npmjs.org/@react-native-async-storage%2fasync-storage 347ms (cache revalidated)
333 silly packumentCache corgi:https://registry.npmjs.org/@react-native-async-storage%2fasync-storage set size:146316 disposed:false
334 http fetch GET 200 https://registry.npmjs.org/react-native-is-edge-to-edge 364ms (cache revalidated)
335 silly packumentCache corgi:https://registry.npmjs.org/react-native-is-edge-to-edge set size:11033 disposed:false
336 http fetch GET 200 https://registry.npmjs.org/@expo%2fvector-icons 370ms (cache revalidated)
337 silly packumentCache corgi:https://registry.npmjs.org/@expo%2fvector-icons set size:72958 disposed:false
338 http fetch GET 200 https://registry.npmjs.org/react-native-svg 369ms (cache revalidated)
339 silly packumentCache corgi:https://registry.npmjs.org/react-native-svg set size:377680 disposed:false
340 http fetch GET 200 https://registry.npmjs.org/@react-navigation%2fbottom-tabs 418ms (cache revalidated)
341 silly packumentCache corgi:https://registry.npmjs.org/@react-navigation%2fbottom-tabs set size:537074 disposed:false
342 http fetch GET 200 https://registry.npmjs.org/@expo%2fdevtools 440ms (cache revalidated)
343 silly packumentCache corgi:https://registry.npmjs.org/@expo%2fdevtools set size:39656 disposed:false
344 http fetch GET 200 https://registry.npmjs.org/@react-navigation%2fnative 447ms (cache revalidated)
345 silly packumentCache corgi:https://registry.npmjs.org/@react-navigation%2fnative set size:513130 disposed:false
346 http fetch GET 200 https://registry.npmjs.org/react-native-qrcode-svg 454ms (cache revalidated)
347 silly packumentCache corgi:https://registry.npmjs.org/react-native-qrcode-svg set size:57718 disposed:false
348 http fetch GET 200 https://registry.npmjs.org/@react-navigation%2fnative-stack 481ms (cache revalidated)
349 silly packumentCache corgi:https://registry.npmjs.org/@react-navigation%2fnative-stack set size:345458 disposed:false
350 http fetch GET 200 https://registry.npmjs.org/react-native-paper 486ms (cache revalidated)
351 silly packumentCache corgi:https://registry.npmjs.org/react-native-paper set size:532706 disposed:false
352 http fetch GET 200 https://registry.npmjs.org/@react-navigation%2felements 491ms (cache revalidated)
353 silly packumentCache corgi:https://registry.npmjs.org/@react-navigation%2felements set size:250965 disposed:false
354 http fetch GET 200 https://registry.npmjs.org/react-native-webview 642ms (cache revalidated)
355 silly packumentCache corgi:https://registry.npmjs.org/react-native-webview set size:728612 disposed:false
356 http fetch GET 200 https://registry.npmjs.org/react-native-view-shot 684ms (cache revalidated)
357 silly packumentCache corgi:https://registry.npmjs.org/react-native-view-shot set size:46583 disposed:false
358 http fetch GET 200 https://registry.npmjs.org/react-native-screens 853ms (cache updated)
359 silly packumentCache corgi:https://registry.npmjs.org/react-native-screens set size:undefined disposed:false
360 http fetch GET 200 https://registry.npmjs.org/@react-native%2fvirtualized-lists 1104ms (cache updated)
361 silly packumentCache corgi:https://registry.npmjs.org/@react-native%2fvirtualized-lists set size:undefined disposed:false
362 silly packumentCache corgi:https://registry.npmjs.org/@jest%2ftransform cache-miss
363 silly packumentCache corgi:https://registry.npmjs.org/babel-jest cache-miss
364 http fetch GET 200 https://registry.npmjs.org/@jest%2ftransform 252ms (cache revalidated)
365 silly packumentCache corgi:https://registry.npmjs.org/@jest%2ftransform set size:288734 disposed:false
366 http fetch GET 200 https://registry.npmjs.org/babel-jest 258ms (cache revalidated)
367 silly packumentCache corgi:https://registry.npmjs.org/babel-jest set size:366602 disposed:false
368 silly packumentCache corgi:https://registry.npmjs.org/ejs cache-miss
369 http fetch GET 200 https://registry.npmjs.org/ejs 269ms (cache revalidated)
370 silly packumentCache corgi:https://registry.npmjs.org/ejs set size:65016 disposed:false
371 silly packumentCache corgi:https://registry.npmjs.org/@react-native%2fdev-middleware cache-miss
372 http fetch GET 200 https://registry.npmjs.org/@react-native%2fdev-middleware 323ms (cache updated)
373 silly packumentCache corgi:https://registry.npmjs.org/@react-native%2fdev-middleware set size:undefined disposed:false
374 silly packumentCache corgi:https://registry.npmjs.org/bunyan cache-miss
375 http fetch GET 200 https://registry.npmjs.org/bunyan 267ms (cache revalidated)
376 silly packumentCache corgi:https://registry.npmjs.org/bunyan set size:82630 disposed:false
377 silly packumentCache corgi:https://registry.npmjs.org/@react-native%2fbabel-preset cache-miss
378 http fetch GET 200 https://registry.npmjs.org/@react-native%2fbabel-preset 930ms (cache updated)
379 silly packumentCache corgi:https://registry.npmjs.org/@react-native%2fbabel-preset set size:undefined disposed:false
380 silly packumentCache corgi:https://registry.npmjs.org/@oclif%2fcore cache-miss
381 silly packumentCache corgi:https://registry.npmjs.org/@expo%2fplugin-warn-if-update-available cache-miss
382 http fetch GET 200 https://registry.npmjs.org/@oclif%2fcore 383ms (cache revalidated)
383 silly packumentCache corgi:https://registry.npmjs.org/@oclif%2fcore set size:1146286 disposed:false
384 http fetch GET 200 https://registry.npmjs.org/@expo%2fplugin-warn-if-update-available 396ms (cache revalidated)
385 silly packumentCache corgi:https://registry.npmjs.org/@expo%2fplugin-warn-if-update-available set size:20493 disposed:false
386 silly packumentCache corgi:https://registry.npmjs.org/@react-native%2fcommunity-cli-plugin cache-miss
387 http fetch GET 200 https://registry.npmjs.org/@react-native%2fcommunity-cli-plugin 656ms (cache updated)
388 silly packumentCache corgi:https://registry.npmjs.org/@react-native%2fcommunity-cli-plugin set size:undefined disposed:false
389 silly packumentCache corgi:https://registry.npmjs.org/@expo%2fplugin-help cache-miss
390 silly packumentCache corgi:https://registry.npmjs.org/@oclif%2fplugin-autocomplete cache-miss
391 http fetch GET 200 https://registry.npmjs.org/@oclif%2fplugin-autocomplete 337ms (cache revalidated)
392 silly packumentCache corgi:https://registry.npmjs.org/@oclif%2fplugin-autocomplete set size:200926 disposed:false
393 http fetch GET 200 https://registry.npmjs.org/@expo%2fplugin-help 351ms (cache revalidated)
394 silly packumentCache corgi:https://registry.npmjs.org/@expo%2fplugin-help set size:8582 disposed:false
395 silly ADD node_modules/rtl-detect
396 silly ADD node_modules/expo-localization
397 silly ADD node_modules/expo-calendar
398 silly ADD
399 silly ADD
400 silly ADD
401 silly ADD
402 silly ADD
403 silly ADD
404 silly ADD
405 silly ADD
406 silly ADD
407 silly ADD
408 silly ADD
409 verbose cwd C:\Users\TANGLEI\Desktop\nongyu
410 verbose os Windows_NT 10.0.26200
411 verbose node v22.22.0
412 verbose npm  v10.9.4
413 verbose exit 0
414 info ok
