0 verbose cli E:\node\node.exe E:\node\node_modules\npm\bin\npm-cli.js
1 info using npm@11.8.0
2 info using node@v24.13.1
3 silly config load:file:E:\node\node_modules\npm\npmrc
4 silly config load:file:C:\Users\TANGLEI\Desktop\nongyu\.npmrc
5 silly config load:file:C:\Users\TANGLEI\.npmrc
6 silly config load:file:E:\node\node_global\etc\npmrc
7 verbose title npm install react-native-qrcode-svg
8 verbose argv "install" "react-native-qrcode-svg" "--legacy-peer-deps" "--cache" ".npm-cache"
9 verbose logfile logs-max:10 dir:C:\Users\TANGLEI\Desktop\nongyu\.npm-cache\_logs\2026-02-19T15_06_58_286Z-
10 verbose logfile C:\Users\TANGLEI\Desktop\nongyu\.npm-cache\_logs\2026-02-19T15_06_58_286Z-debug-0.log
11 silly logfile start cleaning logs, removing 1 files
12 silly packumentCache heap:4496293888 maxSize:1124073472 maxEntrySize:562036736
13 silly logfile done cleaning log files
14 silly idealTree buildDeps
15 silly fetch manifest react-native-qrcode-svg@*
16 silly packumentCache full:https://registry.npmjs.org/react-native-qrcode-svg cache-miss
17 http fetch GET 200 https://registry.npmjs.org/react-native-qrcode-svg 1129ms (cache revalidated)
18 silly packumentCache full:https://registry.npmjs.org/react-native-qrcode-svg set size:125560 disposed:false
19 silly placeDep ROOT react-native-qrcode-svg@6.3.21 OK for: nongyu@1.0.0 want: *
20 silly fetch manifest text-encoding@^0.7.0
21 silly packumentCache full:https://registry.npmjs.org/text-encoding cache-miss
22 http fetch GET 200 https://registry.npmjs.org/text-encoding 296ms (cache revalidated)
23 silly packumentCache full:https://registry.npmjs.org/text-encoding set size:26286 disposed:false
24 silly placeDep ROOT text-encoding@0.7.0 OK for: react-native-qrcode-svg@6.3.21 want: ^0.7.0
25 silly reify moves {}
26 silly audit bulk request {
26 silly audit   '@0no-co/graphql.web': [ '1.2.0' ],
26 silly audit   '@babel/code-frame': [ '7.10.4', '7.29.0', '7.23.5' ],
26 silly audit   '@babel/compat-data': [ '7.29.0' ],
26 silly audit   '@babel/core': [ '7.29.0' ],
26 silly audit   semver: [ '6.3.1', '7.5.2', '7.7.4', '7.5.4' ],
26 silly audit   '@babel/generator': [ '7.29.1' ],
26 silly audit   '@babel/helper-annotate-as-pure': [ '7.27.3' ],
26 silly audit   '@babel/helper-compilation-targets': [ '7.28.6' ],
26 silly audit   '@babel/helper-create-class-features-plugin': [ '7.28.6' ],
26 silly audit   '@babel/helper-create-regexp-features-plugin': [ '7.28.5' ],
26 silly audit   '@babel/helper-define-polyfill-provider': [ '0.6.6' ],
26 silly audit   '@babel/helper-globals': [ '7.28.0' ],
26 silly audit   '@babel/helper-member-expression-to-functions': [ '7.28.5' ],
26 silly audit   '@babel/helper-module-imports': [ '7.28.6' ],
26 silly audit   '@babel/helper-module-transforms': [ '7.28.6' ],
26 silly audit   '@babel/helper-optimise-call-expression': [ '7.27.1' ],
26 silly audit   '@babel/helper-plugin-utils': [ '7.28.6' ],
26 silly audit   '@babel/helper-remap-async-to-generator': [ '7.27.1' ],
26 silly audit   '@babel/helper-replace-supers': [ '7.28.6' ],
26 silly audit   '@babel/helper-skip-transparent-expression-wrappers': [ '7.27.1' ],
26 silly audit   '@babel/helper-string-parser': [ '7.27.1' ],
26 silly audit   '@babel/helper-validator-identifier': [ '7.28.5' ],
26 silly audit   '@babel/helper-validator-option': [ '7.27.1' ],
26 silly audit   '@babel/helper-wrap-function': [ '7.28.6' ],
26 silly audit   '@babel/helpers': [ '7.28.6' ],
26 silly audit   '@babel/highlight': [ '7.25.9' ],
26 silly audit   '@babel/parser': [ '7.29.0' ],
26 silly audit   '@babel/plugin-proposal-decorators': [ '7.29.0' ],
26 silly audit   '@babel/plugin-proposal-export-default-from': [ '7.27.1' ],
26 silly audit   '@babel/plugin-syntax-async-generators': [ '7.8.4' ],
26 silly audit   '@babel/plugin-syntax-bigint': [ '7.8.3' ],
26 silly audit   '@babel/plugin-syntax-class-properties': [ '7.12.13' ],
26 silly audit   '@babel/plugin-syntax-class-static-block': [ '7.14.5' ],
26 silly audit   '@babel/plugin-syntax-decorators': [ '7.28.6' ],
26 silly audit   '@babel/plugin-syntax-dynamic-import': [ '7.8.3' ],
26 silly audit   '@babel/plugin-syntax-export-default-from': [ '7.28.6' ],
26 silly audit   '@babel/plugin-syntax-flow': [ '7.28.6' ],
26 silly audit   '@babel/plugin-syntax-import-attributes': [ '7.28.6' ],
26 silly audit   '@babel/plugin-syntax-import-meta': [ '7.10.4' ],
26 silly audit   '@babel/plugin-syntax-json-strings': [ '7.8.3' ],
26 silly audit   '@babel/plugin-syntax-jsx': [ '7.28.6' ],
26 silly audit   '@babel/plugin-syntax-logical-assignment-operators': [ '7.10.4' ],
26 silly audit   '@babel/plugin-syntax-nullish-coalescing-operator': [ '7.8.3' ],
26 silly audit   '@babel/plugin-syntax-numeric-separator': [ '7.10.4' ],
26 silly audit   '@babel/plugin-syntax-object-rest-spread': [ '7.8.3' ],
26 silly audit   '@babel/plugin-syntax-optional-catch-binding': [ '7.8.3' ],
26 silly audit   '@babel/plugin-syntax-optional-chaining': [ '7.8.3' ],
26 silly audit   '@babel/plugin-syntax-private-property-in-object': [ '7.14.5' ],
26 silly audit   '@babel/plugin-syntax-top-level-await': [ '7.14.5' ],
26 silly audit   '@babel/plugin-syntax-typescript': [ '7.28.6' ],
26 silly audit   '@babel/plugin-transform-arrow-functions': [ '7.27.1' ],
26 silly audit   '@babel/plugin-transform-async-generator-functions': [ '7.29.0' ],
26 silly audit   '@babel/plugin-transform-async-to-generator': [ '7.28.6' ],
26 silly audit   '@babel/plugin-transform-block-scoping': [ '7.28.6' ],
26 silly audit   '@babel/plugin-transform-class-properties': [ '7.28.6' ],
26 silly audit   '@babel/plugin-transform-class-static-block': [ '7.28.6' ],
26 silly audit   '@babel/plugin-transform-classes': [ '7.28.6' ],
26 silly audit   '@babel/plugin-transform-computed-properties': [ '7.28.6' ],
26 silly audit   '@babel/plugin-transform-destructuring': [ '7.28.5' ],
26 silly audit   '@babel/plugin-transform-export-namespace-from': [ '7.27.1' ],
26 silly audit   '@babel/plugin-transform-flow-strip-types': [ '7.27.1' ],
26 silly audit   '@babel/plugin-transform-for-of': [ '7.27.1' ],
26 silly audit   '@babel/plugin-transform-function-name': [ '7.27.1' ],
26 silly audit   '@babel/plugin-transform-literals': [ '7.27.1' ],
26 silly audit   '@babel/plugin-transform-logical-assignment-operators': [ '7.28.6' ],
26 silly audit   '@babel/plugin-transform-modules-commonjs': [ '7.28.6' ],
26 silly audit   '@babel/plugin-transform-named-capturing-groups-regex': [ '7.29.0' ],
26 silly audit   '@babel/plugin-transform-nullish-coalescing-operator': [ '7.28.6' ],
26 silly audit   '@babel/plugin-transform-numeric-separator': [ '7.28.6' ],
26 silly audit   '@babel/plugin-transform-object-rest-spread': [ '7.28.6' ],
26 silly audit   '@babel/plugin-transform-optional-catch-binding': [ '7.28.6' ],
26 silly audit   '@babel/plugin-transform-optional-chaining': [ '7.28.6' ],
26 silly audit   '@babel/plugin-transform-parameters': [ '7.27.7' ],
26 silly audit   '@babel/plugin-transform-private-methods': [ '7.28.6' ],
26 silly audit   '@babel/plugin-transform-private-property-in-object': [ '7.28.6' ],
26 silly audit   '@babel/plugin-transform-react-display-name': [ '7.28.0' ],
26 silly audit   '@babel/plugin-transform-react-jsx': [ '7.28.6' ],
26 silly audit   '@babel/plugin-transform-react-jsx-development': [ '7.27.1' ],
26 silly audit   '@babel/plugin-transform-react-jsx-self': [ '7.27.1' ],
26 silly audit   '@babel/plugin-transform-react-jsx-source': [ '7.27.1' ],
26 silly audit   '@babel/plugin-transform-react-pure-annotations': [ '7.27.1' ],
26 silly audit   '@babel/plugin-transform-regenerator': [ '7.29.0' ],
26 silly audit   '@babel/plugin-transform-runtime': [ '7.29.0' ],
26 silly audit   '@babel/plugin-transform-shorthand-properties': [ '7.27.1' ],
26 silly audit   '@babel/plugin-transform-spread': [ '7.28.6' ],
26 silly audit   '@babel/plugin-transform-sticky-regex': [ '7.27.1' ],
26 silly audit   '@babel/plugin-transform-typescript': [ '7.28.6' ],
26 silly audit   '@babel/plugin-transform-unicode-regex': [ '7.27.1' ],
26 silly audit   '@babel/preset-react': [ '7.28.5' ],
26 silly audit   '@babel/preset-typescript': [ '7.28.5' ],
26 silly audit   '@babel/runtime': [ '7.28.6' ],
26 silly audit   '@babel/template': [ '7.28.6' ],
26 silly audit   '@babel/traverse': [ '7.29.0' ],
26 silly audit   '@babel/types': [ '7.29.0' ],
26 silly audit   '@callstack/react-theme-provider': [ '3.0.9' ],
26 silly audit   deepmerge: [ '3.3.0', '4.3.1' ],
26 silly audit   '@cspotcode/source-map-support': [ '0.8.1' ],
26 silly audit   '@jridgewell/trace-mapping': [ '0.3.9', '0.3.31' ],
26 silly audit   '@eslint-community/eslint-utils': [ '4.9.1' ],
26 silly audit   '@eslint-community/regexpp': [ '4.12.2' ],
26 silly audit   '@eslint/config-array': [ '0.21.1' ],
26 silly audit   'brace-expansion': [ '1.1.12', '2.0.2', '5.0.2' ],
26 silly audit   minimatch: [ '3.1.2', '8.0.4', '9.0.5', '5.1.2', '5.1.6', '10.2.0' ],
26 silly audit   '@eslint/config-helpers': [ '0.4.2' ],
26 silly audit   '@eslint/core': [ '0.17.0' ],
26 silly audit   '@eslint/eslintrc': [ '3.3.3' ],
26 silly audit   argparse: [ '2.0.1', '1.0.10' ],
26 silly audit   'js-yaml': [ '4.1.1', '3.14.2' ],
26 silly audit   'strip-json-comments': [ '3.1.1', '2.0.1' ],
26 silly audit   '@eslint/js': [ '9.39.2' ],
26 silly audit   '@eslint/object-schema': [ '2.1.7' ],
26 silly audit   '@eslint/plugin-kit': [ '0.4.1' ],
26 silly audit   '@expo/apple-utils': [ '2.1.13' ],
26 silly audit   '@expo/bunyan': [ '4.0.1' ],
26 silly audit   uuid: [ '8.3.2', '9.0.1', '7.0.3' ],
26 silly audit   '@expo/code-signing-certificates': [ '0.0.6', '0.0.5' ],
26 silly audit   '@expo/config': [ '12.0.13', '10.0.11', '10.0.6' ],
26 silly audit   '@expo/config-plugins': [ '54.0.4', '9.0.17', '9.0.12' ],
26 silly audit   'ansi-styles': [ '4.3.0', '6.2.3', '3.2.1', '5.2.0' ],
26 silly audit   chalk: [ '4.1.2', '2.4.2' ],
26 silly audit   'color-convert': [ '2.0.1', '1.9.3' ],
26 silly audit   'color-name': [ '1.1.4', '1.1.3' ],
26 silly audit   'has-flag': [ '4.0.0', '3.0.0' ],
26 silly audit   'supports-color': [ '7.2.0', '8.1.1', '5.5.0' ],
26 silly audit   '@expo/config-types': [ '54.0.10', '52.0.5' ],
26 silly audit   '@expo/devcert': [ '1.2.1' ],
26 silly audit   debug: [ '3.2.7', '2.6.9', '4.4.3' ],
26 silly audit   '@expo/devtools': [ '0.1.8' ],
26 silly audit   '@expo/eas-build-job': [ '18.0.1' ],
26 silly audit   joi: [ '17.13.3', '17.11.0' ],
26 silly audit   '@expo/eas-json': [ '18.0.1' ],
26 silly audit   'log-symbols': [ '4.1.0', '2.2.0' ],
26 silly audit   'lru-cache': [ '6.0.0', '10.4.3', '5.1.1', '11.2.6' ],
26 silly audit   tslib: [ '2.4.1', '2.6.2' ],
26 silly audit   yallist: [ '4.0.0', '5.0.0', '3.1.1' ],
26 silly audit   '@expo/env': [ '2.0.8', '1.0.7' ],
26 silly audit   '@expo/fingerprint': [ '0.15.4' ],
26 silly audit   '@expo/image-utils': [ '0.8.8', '0.6.5' ],
26 silly audit   '@expo/json-file': [ '10.0.8', '9.0.2', '9.1.5', '8.3.3' ],
26 silly audit   '@expo/logger': [ '18.0.1' ],
26 silly audit   '@expo/metro': [ '54.2.0' ],
26 silly audit   '@expo/multipart-body-parser': [ '2.0.0' ],
26 silly audit   '@expo/osascript': [ '2.3.8', '2.1.4' ],
26 silly audit   '@expo/package-manager': [ '1.9.10' ],
26 silly audit   '@expo/pkcs12': [ '0.1.3' ],
26 silly audit   '@expo/plist': [ '0.4.8', '0.2.2', '0.2.0' ],
26 silly audit   '@expo/plugin-help': [ '5.1.23' ],
26 silly audit   '@oclif/core': [ '2.16.0', '1.26.2' ],
26 silly audit   '@expo/plugin-warn-if-update-available': [ '2.5.1' ],
26 silly audit   'fs-extra': [ '10.1.0', '9.0.0', '9.1.0', '11.2.0' ],
26 silly audit   '@expo/prebuild-config': [ '8.0.17', '54.0.8' ],
26 silly audit   universalify: [ '1.0.0', '2.0.1' ],
26 silly audit   '@isaacs/cliui': [ '8.0.2', '9.0.0' ],
26 silly audit   '@react-native/normalize-colors': [ '0.76.2', '0.81.5' ],
26 silly audit   '@xmldom/xmldom': [ '0.7.13', '0.8.11' ],
26 silly audit   'ansi-regex': [ '6.2.2', '5.0.1', '4.1.1' ],
26 silly audit   commander: [ '4.1.1', '7.2.0', '12.1.0', '2.20.3' ],
26 silly audit   'emoji-regex': [ '9.2.2', '8.0.0' ],
26 silly audit   getenv: [ '1.0.0', '2.0.0' ],
26 silly audit   glob: [ '10.5.0', '7.2.3', '9.3.5', '13.0.3', '6.0.4' ],
26 silly audit   jackspeak: [ '3.4.3', '4.2.3' ],
26 silly audit   'path-scurry': [ '1.11.1', '2.0.1' ],
26 silly audit   'string-width': [ '5.1.2', '4.2.3' ],
26 silly audit   'strip-ansi': [ '7.1.2', '5.2.0', '6.0.1' ],
26 silly audit   sucrase: [ '3.35.0', '3.35.1' ],
26 silly audit   'wrap-ansi': [ '8.1.0', '6.2.0', '7.0.0' ],
26 silly audit   'write-file-atomic': [ '2.4.3', '4.0.2' ],
26 silly audit   xmlbuilder: [ '14.0.0', '11.0.1', '15.1.1' ],
26 silly audit   '@expo/results': [ '1.0.0' ],
26 silly audit   '@expo/rudder-sdk-node': [ '1.1.1' ],
26 silly audit   '@expo/schema-utils': [ '0.1.8' ],
26 silly audit   '@expo/sdk-runtime-versions': [ '1.0.0' ],
26 silly audit   '@expo/spawn-async': [ '1.7.2' ],
26 silly audit   '@expo/steps': [ '18.0.1' ],
26 silly audit   '@expo/sudo-prompt': [ '9.3.2' ],
26 silly audit   '@expo/timeago.js': [ '1.0.0' ],
26 silly audit   '@expo/vector-icons': [ '15.0.3' ],
26 silly audit   '@expo/ws-tunnel': [ '1.0.6' ],
26 silly audit   '@expo/xcpretty': [ '4.4.0' ],
26 silly audit   '@hapi/hoek': [ '9.3.0' ],
26 silly audit   '@hapi/topo': [ '5.1.0' ],
26 silly audit   '@humanfs/core': [ '0.19.1' ],
26 silly audit   '@humanfs/node': [ '0.16.7' ],
26 silly audit   '@humanwhocodes/module-importer': [ '1.0.1' ],
26 silly audit   '@humanwhocodes/retry': [ '0.4.3' ],
26 silly audit   '@isaacs/fs-minipass': [ '4.0.1' ],
26 silly audit   '@isaacs/ttlcache': [ '1.4.1' ],
26 silly audit   '@istanbuljs/load-nyc-config': [ '1.1.0' ],
26 silly audit   camelcase: [ '5.3.1', '6.3.0' ],
26 silly audit   '@istanbuljs/schema': [ '0.1.3' ],
26 silly audit   '@jest/create-cache-key-function': [ '29.7.0' ],
26 silly audit   '@jest/environment': [ '29.7.0' ],
26 silly audit   '@jest/fake-timers': [ '29.7.0' ],
26 silly audit   '@jest/schemas': [ '29.6.3' ],
26 silly audit   '@jest/transform': [ '29.7.0' ],
26 silly audit   '@jest/types': [ '29.6.3' ],
26 silly audit   '@jridgewell/gen-mapping': [ '0.3.13' ],
26 silly audit   '@jridgewell/remapping': [ '2.3.5' ],
26 silly audit   '@jridgewell/resolve-uri': [ '3.1.2' ],
26 silly audit   '@jridgewell/source-map': [ '0.3.11' ],
26 silly audit   '@jridgewell/sourcemap-codec': [ '1.5.5' ],
26 silly audit   '@nodelib/fs.scandir': [ '2.1.5' ],
26 silly audit   '@nodelib/fs.stat': [ '2.0.5' ],
26 silly audit   '@nodelib/fs.walk': [ '1.2.8' ],
26 silly audit   '@oclif/linewrap': [ '1.0.0' ],
26 silly audit   '@oclif/plugin-autocomplete': [ '2.3.10' ],
26 silly audit   '@oclif/screen': [ '3.0.8' ],
26 silly audit   '@pkgjs/parseargs': [ '0.11.0' ],
26 silly audit   '@pkgr/core': [ '0.2.9' ],
26 silly audit   '@react-native-async-storage/async-storage': [ '2.2.0' ],
26 silly audit   '@react-native/assets-registry': [ '0.81.5' ],
26 silly audit   '@react-native/babel-plugin-codegen': [ '0.81.5' ],
26 silly audit   '@react-native/babel-preset': [ '0.81.5' ],
26 silly audit   '@react-native/codegen': [ '0.81.5' ],
26 silly audit   'hermes-estree': [ '0.29.1', '0.32.0' ],
26 silly audit   'hermes-parser': [ '0.29.1', '0.32.0' ],
26 silly audit   '@react-native/community-cli-plugin': [ '0.81.5' ],
26 silly audit   '@react-native/debugger-frontend': [ '0.81.5' ],
26 silly audit   '@react-native/dev-middleware': [ '0.81.5' ],
26 silly audit   ws: [ '6.2.3', '8.19.0', '7.5.10' ],
26 silly audit   '@react-native/gradle-plugin': [ '0.81.5' ],
26 silly audit   '@react-native/js-polyfills': [ '0.81.5' ],
26 silly audit   '@react-native/virtualized-lists': [ '0.81.5' ],
26 silly audit   '@react-navigation/bottom-tabs': [ '7.13.0' ],
26 silly audit   '@react-navigation/core': [ '7.14.0' ],
26 silly audit   'escape-string-regexp': [ '4.0.0', '1.0.5', '2.0.0' ],
26 silly audit   'react-is': [ '19.2.4', '16.13.1', '18.3.1' ],
26 silly audit   '@react-navigation/elements': [ '2.9.5' ],
26 silly audit   '@react-navigation/native': [ '7.1.28' ],
26 silly audit   '@react-navigation/native-stack': [ '7.13.0' ],
26 silly audit   '@react-navigation/routers': [ '7.5.3' ],
26 silly audit   '@rtsao/scc': [ '1.1.0' ],
26 silly audit   '@segment/loosely-validate-event': [ '2.0.0' ],
26 silly audit   '@sideway/address': [ '4.1.5' ],
26 silly audit   '@sideway/formula': [ '3.0.1' ],
26 silly audit   '@sideway/pinpoint': [ '2.0.0' ],
26 silly audit   '@sinclair/typebox': [ '0.27.10' ],
26 silly audit   '@sinonjs/commons': [ '3.0.1' ],
26 silly audit   '@sinonjs/fake-timers': [ '10.3.0' ],
26 silly audit   '@tsconfig/node10': [ '1.0.12' ],
26 silly audit   '@tsconfig/node12': [ '1.0.11' ],
26 silly audit   '@tsconfig/node14': [ '1.0.3' ],
26 silly audit   '@tsconfig/node16': [ '1.0.4' ],
26 silly audit   '@types/babel__core': [ '7.20.5' ],
26 silly audit   '@types/babel__generator': [ '7.27.0' ],
26 silly audit   '@types/babel__template': [ '7.4.4' ],
26 silly audit   '@types/babel__traverse': [ '7.28.0' ],
26 silly audit   '@types/bunyan': [ '1.8.11' ],
26 silly audit   '@types/cli-progress': [ '3.11.6' ],
26 silly audit   '@types/estree': [ '1.0.8' ],
26 silly audit   '@types/graceful-fs': [ '4.1.9' ],
26 silly audit   '@types/istanbul-lib-coverage': [ '2.0.6' ],
26 silly audit   '@types/istanbul-lib-report': [ '3.0.3' ],
26 silly audit   '@types/istanbul-reports': [ '3.0.4' ],
26 silly audit   '@types/json-schema': [ '7.0.15' ],
26 silly audit   '@types/json5': [ '0.0.29' ],
26 silly audit   '@types/node': [ '25.2.3' ],
26 silly audit   '@types/react': [ '19.1.17' ],
26 silly audit   '@types/stack-utils': [ '2.0.3' ],
26 silly audit   '@types/yargs': [ '17.0.35' ],
26 silly audit   '@types/yargs-parser': [ '21.0.3' ],
26 silly audit   '@typescript-eslint/eslint-plugin': [ '8.55.0' ],
26 silly audit   ignore: [ '7.0.5', '5.3.0', '5.3.2' ],
26 silly audit   '@typescript-eslint/parser': [ '8.55.0' ],
26 silly audit   '@typescript-eslint/project-service': [ '8.55.0' ],
26 silly audit   '@typescript-eslint/scope-manager': [ '8.55.0' ],
26 silly audit   '@typescript-eslint/tsconfig-utils': [ '8.55.0' ],
26 silly audit   '@typescript-eslint/type-utils': [ '8.55.0' ],
26 silly audit   '@typescript-eslint/types': [ '8.55.0' ],
26 silly audit   '@typescript-eslint/typescript-estree': [ '8.55.0' ],
26 silly audit   '@typescript-eslint/utils': [ '8.55.0' ],
26 silly audit   '@typescript-eslint/visitor-keys': [ '8.55.0' ],
26 silly audit   'eslint-visitor-keys': [ '4.2.1', '1.3.0', '3.4.3' ],
26 silly audit   '@ungap/structured-clone': [ '1.3.0' ],
26 silly audit   '@urql/core': [ '5.2.0', '4.0.11' ],
26 silly audit   '@urql/exchange-retry': [ '1.3.2', '1.2.0' ],
26 silly audit   'abort-controller': [ '3.0.0' ],
26 silly audit   accepts: [ '1.3.8' ],
26 silly audit   acorn: [ '8.15.0' ],
26 silly audit   'acorn-jsx': [ '5.3.2' ],
26 silly audit   'acorn-walk': [ '8.3.4' ],
26 silly audit   'agent-base': [ '7.1.4', '6.0.2' ],
26 silly audit   ajv: [ '6.12.6', '8.18.0', '8.11.0' ],
26 silly audit   'ajv-formats': [ '2.1.1' ],
26 silly audit   'json-schema-traverse': [ '1.0.0', '0.4.1' ],
26 silly audit   anser: [ '1.4.10' ],
26 silly audit   'ansi-escapes': [ '4.3.2' ],
26 silly audit   'type-fest': [ '0.21.3', '0.7.1' ],
26 silly audit   ansicolors: [ '0.3.2' ],
26 silly audit   'any-promise': [ '1.3.0' ],
26 silly audit   anymatch: [ '3.1.3' ],
26 silly audit   arg: [ '5.0.2', '4.1.3' ],
26 silly audit   'array-buffer-byte-length': [ '1.0.2' ],
26 silly audit   'array-includes': [ '3.1.9' ],
26 silly audit   'array-union': [ '2.1.0' ],
26 silly audit   'array.prototype.findlast': [ '1.2.5' ],
26 silly audit   'array.prototype.findlastindex': [ '1.2.6' ],
26 silly audit   'array.prototype.flat': [ '1.3.3' ],
26 silly audit   'array.prototype.flatmap': [ '1.3.3' ],
26 silly audit   'array.prototype.tosorted': [ '1.1.4' ],
26 silly audit   'arraybuffer.prototype.slice': [ '1.0.4' ],
26 silly audit   asap: [ '2.0.6' ],
26 silly audit   asn1: [ '0.2.6' ],
26 silly audit   'astral-regex': [ '2.0.0' ],
26 silly audit   async: [ '3.2.6' ],
26 silly audit   'async-function': [ '1.0.0' ],
26 silly audit   'async-limiter': [ '1.0.1' ],
26 silly audit   asynckit: [ '0.4.0' ],
26 silly audit   'at-least-node': [ '1.0.0' ],
26 silly audit   'available-typed-arrays': [ '1.0.7' ],
26 silly audit   axios: [ '1.13.5' ],
26 silly audit   b4a: [ '1.7.5' ],
26 silly audit   'babel-jest': [ '29.7.0' ],
26 silly audit   'babel-plugin-istanbul': [ '6.1.1' ],
26 silly audit   'babel-plugin-jest-hoist': [ '29.6.3' ],
26 silly audit   'babel-plugin-module-resolver': [ '5.0.2' ],
26 silly audit   minipass: [ '4.2.8', '7.1.2' ],
26 silly audit   'babel-plugin-polyfill-corejs2': [ '0.4.15' ],
26 silly audit   'babel-plugin-polyfill-corejs3': [ '0.13.0' ],
26 silly audit   'babel-plugin-polyfill-regenerator': [ '0.6.6' ],
26 silly audit   'babel-plugin-react-compiler': [ '1.0.0' ],
26 silly audit   'babel-plugin-react-native-web': [ '0.21.2' ],
26 silly audit   'babel-plugin-syntax-hermes-parser': [ '0.29.1' ],
26 silly audit   'babel-plugin-transform-flow-enums': [ '0.0.2' ],
26 silly audit   'babel-preset-current-node-syntax': [ '1.2.0' ],
26 silly audit   'babel-preset-expo': [ '54.0.10' ],
26 silly audit   'babel-preset-jest': [ '29.6.3' ],
26 silly audit   'balanced-match': [ '1.0.2', '4.0.2' ],
26 silly audit   'bare-events': [ '2.8.2' ],
26 silly audit   'base64-arraybuffer': [ '1.0.2' ],
26 silly audit   'base64-js': [ '1.5.1' ],
26 silly audit   'baseline-browser-mapping': [ '2.9.19' ],
26 silly audit   'better-opn': [ '3.0.2' ],
26 silly audit   open: [ '8.4.2', '7.4.2' ],
26 silly audit   'big-integer': [ '1.6.52' ],
26 silly audit   boolbase: [ '1.0.0' ],
26 silly audit   'bplist-creator': [ '0.1.0' ],
26 silly audit   'bplist-parser': [ '0.3.1' ],
26 silly audit   braces: [ '3.0.3' ],
26 silly audit   browserslist: [ '4.28.1' ],
26 silly audit   bser: [ '2.1.1' ],
26 silly audit   buffer: [ '6.0.3', '5.7.1' ],
26 silly audit   'buffer-from': [ '1.1.2' ],
26 silly audit   bunyan: [ '1.8.15' ],
26 silly audit   bytes: [ '3.1.2' ],
26 silly audit   'call-bind': [ '1.0.8' ],
26 silly audit   'call-bind-apply-helpers': [ '1.0.2' ],
26 silly audit   'call-bound': [ '1.0.4' ],
26 silly audit   callsites: [ '3.1.0' ],
26 silly audit   'caniuse-lite': [ '1.0.30001769' ],
26 silly audit   cardinal: [ '2.1.1' ],
26 silly audit   charenc: [ '0.0.2' ],
26 silly audit   chownr: [ '3.0.0' ],
26 silly audit   'chrome-launcher': [ '0.15.2' ],
26 silly audit   'chromium-edge-launcher': [ '0.2.0' ],
26 silly audit   'ci-info': [ '2.0.0', '3.9.0' ],
26 silly audit   'clean-stack': [ '3.0.1' ],
26 silly audit   'cli-cursor': [ '2.1.0', '3.1.0' ],
26 silly audit   'cli-progress': [ '3.12.0' ],
26 silly audit   'cli-spinners': [ '2.9.2' ],
26 silly audit   cliui: [ '8.0.1', '6.0.0' ],
26 silly audit   clone: [ '1.0.4' ],
26 silly audit   color: [ '4.2.3', '3.2.1' ],
26 silly audit   'color-string': [ '1.9.1' ],
26 silly audit   'combined-stream': [ '1.0.8' ],
26 silly audit   'component-type': [ '1.2.2' ],
26 silly audit   compressible: [ '2.0.18' ],
26 silly audit   compression: [ '1.8.1' ],
26 silly audit   ms: [ '2.0.0', '2.1.3' ],
26 silly audit   negotiator: [ '0.6.4', '0.6.3' ],
26 silly audit   'concat-map': [ '0.0.1' ],
26 silly audit   connect: [ '3.7.0' ],
26 silly audit   'content-type': [ '1.0.5' ],
26 silly audit   'convert-source-map': [ '2.0.0' ],
26 silly audit   'core-js-compat': [ '3.48.0' ],
26 silly audit   'create-require': [ '1.1.1' ],
26 silly audit   'cross-spawn': [ '7.0.6' ],
26 silly audit   crypt: [ '0.0.2' ],
26 silly audit   'crypto-random-string': [ '2.0.0' ],
26 silly audit   'css-line-break': [ '2.1.0' ],
26 silly audit   'css-select': [ '5.2.2' ],
26 silly audit   'css-tree': [ '1.1.3' ],
26 silly audit   'source-map': [ '0.6.1', '0.5.7' ],
26 silly audit   'css-what': [ '6.2.2' ],
26 silly audit   csstype: [ '3.2.3' ],
26 silly audit   'data-view-buffer': [ '1.0.2' ],
26 silly audit   'data-view-byte-length': [ '1.0.2' ],
26 silly audit   'data-view-byte-offset': [ '1.0.1' ],
26 silly audit   dateformat: [ '4.6.3' ],
26 silly audit   decamelize: [ '1.2.0' ],
26 silly audit   'decode-uri-component': [ '0.2.2' ],
26 silly audit   'deep-extend': [ '0.6.0' ],
26 silly audit   'deep-is': [ '0.1.4' ],
26 silly audit   defaults: [ '1.0.4' ],
26 silly audit   'define-data-property': [ '1.1.4' ],
26 silly audit   'define-lazy-prop': [ '2.0.0' ],
26 silly audit   'define-properties': [ '1.2.1' ],
26 silly audit   'delayed-stream': [ '1.0.0' ],
26 silly audit   depd: [ '2.0.0' ],
26 silly audit   dequal: [ '2.0.3' ],
26 silly audit   destroy: [ '1.2.0' ],
26 silly audit   'detect-libc': [ '2.1.2' ],
26 silly audit   diff: [ '7.0.0', '4.0.4' ],
26 silly audit   dijkstrajs: [ '1.0.3' ],
26 silly audit   'dir-glob': [ '3.0.1' ],
26 silly audit   doctrine: [ '2.1.0' ],
26 silly audit   'dom-serializer': [ '2.0.0' ],
26 silly audit   domelementtype: [ '2.3.0' ],
26 silly audit   domhandler: [ '5.0.3' ],
26 silly audit   domino: [ '2.1.6' ],
26 silly audit   domutils: [ '3.2.2' ],
26 silly audit   dotenv: [ '16.4.7', '16.3.1' ],
26 silly audit   'dotenv-expand': [ '11.0.7' ],
26 silly audit   'dtrace-provider': [ '0.8.8' ],
26 silly audit   'dunder-proto': [ '1.0.1' ],
26 silly audit   'eas-cli': [ '18.0.1' ],
26 silly audit   '@segment/ajv-human-errors': [ '2.15.0' ],
26 silly audit   'https-proxy-agent': [ '5.0.1', '7.0.6' ],
26 silly audit   mime: [ '3.0.0', '1.6.0' ],
26 silly audit   'mimic-fn': [ '2.1.0', '1.2.0' ],
26 silly audit   minizlib: [ '3.0.1', '3.1.0' ],
26 silly audit   nanoid: [ '3.3.8', '3.3.11' ],
26 silly audit   'node-forge': [ '1.3.1', '1.3.3' ],
26 silly audit   onetime: [ '5.1.2', '2.0.1' ],
26 silly audit   ora: [ '5.1.0', '3.4.0' ],
26 silly audit   pngjs: [ '7.0.0', '3.4.0', '5.0.0' ],
26 silly audit   'qrcode-terminal': [ '0.12.0', '0.11.0' ],
26 silly audit   'restore-cursor': [ '3.1.0', '2.0.0' ],
26 silly audit   rimraf: [ '5.0.10', '2.4.5', '3.0.2' ],
26 silly audit   yaml: [ '2.6.0', '2.8.2' ],
26 silly audit   eastasianwidth: [ '0.2.0' ],
26 silly audit   'ee-first': [ '1.1.1' ],
26 silly audit   ejs: [ '3.1.10' ],
26 silly audit   'electron-to-chromium': [ '1.5.286' ],
26 silly audit   encodeurl: [ '1.0.2', '2.0.0' ],
26 silly audit   'enhanced-resolve': [ '5.19.0' ],
26 silly audit   entities: [ '4.5.0' ],
26 silly audit   'env-editor': [ '0.4.2' ],
26 silly audit   'env-paths': [ '2.2.0' ],
26 silly audit   'env-string': [ '1.0.1' ],
26 silly audit   envinfo: [ '7.11.0' ],
26 silly audit   'err-code': [ '2.0.3' ],
26 silly audit   'error-ex': [ '1.3.4' ],
26 silly audit   'is-arrayish': [ '0.2.1', '0.3.4' ],
26 silly audit   'error-stack-parser': [ '2.1.4' ],
26 silly audit   'es-abstract': [ '1.24.1' ],
26 silly audit   'es-define-property': [ '1.0.1' ],
26 silly audit   'es-errors': [ '1.3.0' ],
26 silly audit   'es-iterator-helpers': [ '1.2.2' ],
26 silly audit   'es-object-atoms': [ '1.1.1' ],
26 silly audit   'es-set-tostringtag': [ '2.1.0' ],
26 silly audit   'es-shim-unscopables': [ '1.1.0' ],
26 silly audit   'es-to-primitive': [ '1.3.0' ],
26 silly audit   escalade: [ '3.2.0' ],
26 silly audit   'escape-html': [ '1.0.3' ],
26 silly audit   eslint: [ '9.39.2' ],
26 silly audit   'eslint-compat-utils': [ '0.5.1' ],
26 silly audit   'eslint-config-prettier': [ '9.1.2' ],
26 silly audit   'eslint-config-universe': [ '15.0.3' ],
26 silly audit   globals: [ '16.5.0', '15.15.0', '14.0.0' ],
26 silly audit   'eslint-import-resolver-node': [ '0.3.9' ],
26 silly audit   'eslint-module-utils': [ '2.12.1' ],
26 silly audit   'eslint-plugin-es': [ '3.0.1' ],
26 silly audit   'eslint-plugin-es-x': [ '7.8.0' ],
26 silly audit   'eslint-plugin-import': [ '2.32.0' ],
26 silly audit   'eslint-plugin-n': [ '17.23.2' ],
26 silly audit   'eslint-plugin-node': [ '11.1.0' ],
26 silly audit   'eslint-plugin-prettier': [ '5.5.5' ],
26 silly audit   'eslint-plugin-react': [ '7.37.5' ],
26 silly audit   'eslint-plugin-react-hooks': [ '5.2.0' ],
26 silly audit   resolve: [ '2.0.0-next.5', '1.7.1', '1.22.11' ],
26 silly audit   'eslint-scope': [ '8.4.0' ],
26 silly audit   'eslint-utils': [ '2.1.0' ],
26 silly audit   'find-up': [ '5.0.0', '4.1.0', '3.0.0' ],
26 silly audit   'locate-path': [ '6.0.0', '5.0.0', '3.0.0' ],
26 silly audit   'p-locate': [ '5.0.0', '4.1.0', '3.0.0' ],
26 silly audit   espree: [ '10.4.0' ],
26 silly audit   esprima: [ '4.0.1' ],
26 silly audit   esquery: [ '1.7.0' ],
26 silly audit   esrecurse: [ '4.3.0' ],
26 silly audit   estraverse: [ '5.3.0' ],
26 silly audit   esutils: [ '2.0.3' ],
26 silly audit   etag: [ '1.8.1' ],
26 silly audit   'event-target-shim': [ '5.0.1' ],
26 silly audit   'events-universal': [ '1.0.1' ],
26 silly audit   'exec-async': [ '2.2.0' ],
26 silly audit   expo: [ '54.0.33' ],
26 silly audit   'expo-clipboard': [ '8.0.8' ],
26 silly audit   'expo-dev-client': [ '6.0.20' ],
26 silly audit   'expo-dev-launcher': [ '6.0.20' ],
26 silly audit   'expo-dev-menu': [ '7.0.18' ],
26 silly audit   'expo-dev-menu-interface': [ '2.0.0' ],
26 silly audit   'expo-font': [ '14.0.11' ],
26 silly audit   'expo-json-utils': [ '0.15.0' ],
26 silly audit   'expo-linear-gradient': [ '15.0.8' ],
26 silly audit   'expo-manifests': [ '1.0.10' ],
26 silly audit   'expo-media-library': [ '18.2.1' ],
26 silly audit   'expo-modules-autolinking': [ '3.0.24' ],
26 silly audit   'expo-modules-core': [ '3.0.29' ],
26 silly audit   'expo-native-wechat': [ '0.3.1' ],
26 silly audit   'expo-server': [ '1.0.5' ],
26 silly audit   'expo-sharing': [ '14.0.8' ],
26 silly audit   'expo-status-bar': [ '3.0.9' ],
26 silly audit   'expo-updates-interface': [ '2.0.0' ],
26 silly audit   'expo-web-browser': [ '15.0.10' ],
26 silly audit   '@expo/cli': [ '54.0.23' ],
26 silly audit   '@expo/metro-config': [ '54.0.14' ],
26 silly audit   'expo-asset': [ '12.0.12' ],
26 silly audit   'expo-constants': [ '18.0.13' ],
26 silly audit   'expo-file-system': [ '19.0.21' ],
26 silly audit   'expo-keep-awake': [ '15.0.8' ],
26 silly audit   picomatch: [ '3.0.1', '2.3.1', '4.0.3' ],
26 silly audit   'exponential-backoff': [ '3.1.3' ],
26 silly audit   'fast-deep-equal': [ '3.1.3' ],
26 silly audit   'fast-diff': [ '1.3.0' ],
26 silly audit   'fast-fifo': [ '1.3.2' ],
26 silly audit   'fast-glob': [ '3.3.2' ],
26 silly audit   'glob-parent': [ '5.1.2', '6.0.2' ],
26 silly audit   'fast-json-stable-stringify': [ '2.1.0' ],
26 silly audit   'fast-levenshtein': [ '2.0.6' ],
26 silly audit   'fast-uri': [ '3.1.0' ],
26 silly audit   fastq: [ '1.20.1' ],
26 silly audit   'fb-watchman': [ '2.0.2' ],
26 silly audit   'fetch-retry': [ '4.1.1' ],
26 silly audit   figures: [ '3.2.0' ],
26 silly audit   'file-entry-cache': [ '8.0.0' ],
26 silly audit   filelist: [ '1.0.4' ],
26 silly audit   'fill-range': [ '7.1.1' ],
26 silly audit   'filter-obj': [ '1.1.0' ],
26 silly audit   finalhandler: [ '1.1.2' ],
26 silly audit   'find-babel-config': [ '2.1.2' ],
26 silly audit   'flat-cache': [ '4.0.1' ],
26 silly audit   flatted: [ '3.3.3' ],
26 silly audit   'flow-enums-runtime': [ '0.0.6' ],
26 silly audit   'follow-redirects': [ '1.15.11' ],
26 silly audit   fontfaceobserver: [ '2.3.0' ],
26 silly audit   'for-each': [ '0.3.5' ],
26 silly audit   'foreground-child': [ '3.3.1' ],
26 silly audit   'signal-exit': [ '4.1.0', '3.0.7' ],
26 silly audit   'form-data': [ '4.0.5' ],
26 silly audit   'freeport-async': [ '2.0.0' ],
26 silly audit   fresh: [ '0.5.2' ],
26 silly audit   'fs.realpath': [ '1.0.0' ],
26 silly audit   fsevents: [ '2.3.3' ],
26 silly audit   'function-bind': [ '1.1.2' ],
26 silly audit   'function.prototype.name': [ '1.1.8' ],
26 silly audit   'functions-have-names': [ '1.2.3' ],
26 silly audit   'generator-function': [ '2.0.1' ],
26 silly audit   gensync: [ '1.0.0-beta.2' ],
26 silly audit   'get-caller-file': [ '2.0.5' ],
26 silly audit   'get-intrinsic': [ '1.3.0' ],
26 silly audit   'get-package-type': [ '0.1.0' ],
26 silly audit   'get-proto': [ '1.0.1' ],
26 silly audit   'get-symbol-description': [ '1.1.0' ],
26 silly audit   'get-tsconfig': [ '4.13.6' ],
26 silly audit   'global-dirs': [ '0.1.1' ],
26 silly audit   globalthis: [ '1.0.4' ],
26 silly audit   globby: [ '11.1.0' ],
26 silly audit   globrex: [ '0.1.2' ],
26 silly audit   'golden-fleece': [ '1.0.9' ],
26 silly audit   gopd: [ '1.2.0' ],
26 silly audit   'graceful-fs': [ '4.2.11' ],
26 silly audit   'gradle-to-js': [ '2.0.1' ],
26 silly audit   graphql: [ '16.8.1' ],
26 silly audit   'graphql-tag': [ '2.12.6' ],
26 silly audit   'has-bigints': [ '1.1.0' ],
26 silly audit   'has-property-descriptors': [ '1.0.2' ],
26 silly audit   'has-proto': [ '1.2.0' ],
26 silly audit   'has-symbols': [ '1.1.0' ],
26 silly audit   'has-tostringtag': [ '1.0.2' ],
26 silly audit   hasown: [ '2.0.2' ],
26 silly audit   'hoist-non-react-statics': [ '3.3.2' ],
26 silly audit   'hosted-git-info': [ '7.0.2' ],
26 silly audit   html2canvas: [ '1.4.1' ],
26 silly audit   'http-call': [ '5.3.0' ],
26 silly audit   'http-errors': [ '2.0.1' ],
26 silly audit   statuses: [ '2.0.2', '1.5.0' ],
26 silly audit   hyperlinker: [ '1.0.0' ],
26 silly audit   'iconv-lite': [ '0.7.2' ],
26 silly audit   ieee754: [ '1.2.1' ],
26 silly audit   'image-size': [ '1.2.1' ],
26 silly audit   'import-fresh': [ '3.3.1' ],
26 silly audit   'resolve-from': [ '4.0.0', '5.0.0' ],
26 silly audit   imurmurhash: [ '0.1.4' ],
26 silly audit   'indent-string': [ '4.0.0' ],
26 silly audit   inflight: [ '1.0.6' ],
26 silly audit   inherits: [ '2.0.4' ],
26 silly audit   ini: [ '1.3.8' ],
26 silly audit   'internal-slot': [ '1.1.0' ],
26 silly audit   invariant: [ '2.2.4' ],
26 silly audit   'is-array-buffer': [ '3.0.5' ],
26 silly audit   'is-async-function': [ '2.1.1' ],
26 silly audit   'is-bigint': [ '1.1.0' ],
26 silly audit   'is-boolean-object': [ '1.2.2' ],
26 silly audit   'is-buffer': [ '1.1.6' ],
26 silly audit   'is-callable': [ '1.2.7' ],
26 silly audit   'is-core-module': [ '2.16.1' ],
26 silly audit   'is-data-view': [ '1.0.2' ],
26 silly audit   'is-date-object': [ '1.1.0' ],
26 silly audit   'is-docker': [ '2.2.1' ],
26 silly audit   'is-extglob': [ '2.1.1' ],
26 silly audit   'is-finalizationregistry': [ '1.1.1' ],
26 silly audit   'is-fullwidth-code-point': [ '3.0.0' ],
26 silly audit   'is-generator-function': [ '1.1.2' ],
26 silly audit   'is-glob': [ '4.0.3' ],
26 silly audit   'is-interactive': [ '1.0.0' ],
26 silly audit   'is-map': [ '2.0.3' ],
26 silly audit   'is-negative-zero': [ '2.0.3' ],
26 silly audit   'is-number': [ '7.0.0' ],
26 silly audit   'is-number-object': [ '1.1.1' ],
26 silly audit   'is-plain-obj': [ '2.1.0' ],
26 silly audit   'is-regex': [ '1.2.1' ],
26 silly audit   'is-retry-allowed': [ '1.2.0' ],
26 silly audit   'is-set': [ '2.0.3' ],
26 silly audit   'is-shared-array-buffer': [ '1.0.4' ],
26 silly audit   'is-stream': [ '2.0.1' ],
26 silly audit   'is-string': [ '1.1.1' ],
26 silly audit   'is-symbol': [ '1.1.1' ],
26 silly audit   'is-typed-array': [ '1.1.15' ],
26 silly audit   'is-unicode-supported': [ '0.1.0' ],
26 silly audit   'is-weakmap': [ '2.0.2' ],
26 silly audit   'is-weakref': [ '1.1.1' ],
26 silly audit   'is-weakset': [ '2.0.4' ],
26 silly audit   'is-wsl': [ '2.2.0' ],
26 silly audit   isarray: [ '2.0.5' ],
26 silly audit   isexe: [ '2.0.0' ],
26 silly audit   'istanbul-lib-coverage': [ '3.2.2' ],
26 silly audit   'istanbul-lib-instrument': [ '5.2.1' ],
26 silly audit   'iterator.prototype': [ '1.1.5' ],
26 silly audit   jake: [ '10.9.4' ],
26 silly audit   'jest-environment-node': [ '29.7.0' ],
26 silly audit   'jest-get-type': [ '29.6.3' ],
26 silly audit   'jest-haste-map': [ '29.7.0' ],
26 silly audit   'jest-message-util': [ '29.7.0' ],
26 silly audit   'jest-mock': [ '29.7.0' ],
26 silly audit   'jest-regex-util': [ '29.6.3' ],
26 silly audit   'jest-util': [ '29.7.0' ],
26 silly audit   'jest-validate': [ '29.7.0' ],
26 silly audit   'jest-worker': [ '29.7.0' ],
26 silly audit   'jimp-compact': [ '0.16.1' ],
26 silly audit   'jks-js': [ '1.1.0' ],
26 silly audit   'join-component': [ '1.1.0' ],
26 silly audit   'js-tokens': [ '4.0.0' ],
26 silly audit   'jsc-safe-url': [ '0.2.4' ],
26 silly audit   jsep: [ '1.4.0' ],
26 silly audit   jsesc: [ '3.1.0' ],
26 silly audit   'json-buffer': [ '3.0.1' ],
26 silly audit   'json-parse-better-errors': [ '1.0.2' ],
26 silly audit   'json-stable-stringify-without-jsonify': [ '1.0.1' ],
26 silly audit   json5: [ '2.2.3', '1.0.2' ],
26 silly audit   jsonfile: [ '6.2.0' ],
26 silly audit   'jsx-ast-utils': [ '3.3.5' ],
26 silly audit   keychain: [ '1.5.0' ],
26 silly audit   keyv: [ '4.5.4' ],
26 silly audit   kleur: [ '3.0.3' ],
26 silly audit   'lan-network': [ '0.1.7' ],
26 silly audit   leven: [ '3.1.0' ],
26 silly audit   levn: [ '0.4.1' ],
26 silly audit   'lighthouse-logger': [ '1.4.2' ],
26 silly audit   lightningcss: [ '1.31.1' ],
26 silly audit   'lightningcss-android-arm64': [ '1.31.1' ],
26 silly audit   'lightningcss-darwin-arm64': [ '1.31.1' ],
26 silly audit   'lightningcss-darwin-x64': [ '1.31.1' ],
26 silly audit   'lightningcss-freebsd-x64': [ '1.31.1' ],
26 silly audit   'lightningcss-linux-arm-gnueabihf': [ '1.31.1' ],
26 silly audit   'lightningcss-linux-arm64-gnu': [ '1.31.1' ],
26 silly audit   'lightningcss-linux-arm64-musl': [ '1.31.1' ],
26 silly audit   'lightningcss-linux-x64-gnu': [ '1.31.1' ],
26 silly audit   'lightningcss-linux-x64-musl': [ '1.31.1' ],
26 silly audit   'lightningcss-win32-arm64-msvc': [ '1.31.1' ],
26 silly audit   'lightningcss-win32-x64-msvc': [ '1.31.1' ],
26 silly audit   'lines-and-columns': [ '1.2.4' ],
26 silly audit   'lodash.clonedeep': [ '4.5.0' ],
26 silly audit   'lodash.debounce': [ '4.0.8' ],
26 silly audit   'lodash.get': [ '4.4.2' ],
26 silly audit   'lodash.merge': [ '4.6.2' ],
26 silly audit   'lodash.throttle': [ '4.1.1' ],
26 silly audit   'loose-envify': [ '1.4.0' ],
26 silly audit   'make-error': [ '1.3.6' ],
26 silly audit   makeerror: [ '1.0.12' ],
26 silly audit   marky: [ '1.3.0' ],
26 silly audit   'math-intrinsics': [ '1.1.0' ],
26 silly audit   md5: [ '2.3.0' ],
26 silly audit   'mdn-data': [ '2.0.14' ],
26 silly audit   'memoize-one': [ '5.2.1' ],
26 silly audit   'merge-options': [ '3.0.4' ],
26 silly audit   'merge-stream': [ '2.0.0' ],
26 silly audit   merge2: [ '1.4.1' ],
26 silly audit   metro: [ '0.83.3' ],
26 silly audit   'metro-babel-transformer': [ '0.83.3' ],
26 silly audit   'metro-cache': [ '0.83.3' ],
26 silly audit   'metro-cache-key': [ '0.83.3' ],
26 silly audit   'metro-config': [ '0.83.3' ],
26 silly audit   'metro-core': [ '0.83.3' ],
26 silly audit   'metro-file-map': [ '0.83.3' ],
26 silly audit   'metro-minify-terser': [ '0.83.3' ],
26 silly audit   'metro-resolver': [ '0.83.3' ],
26 silly audit   'metro-runtime': [ '0.83.3' ],
26 silly audit   'metro-source-map': [ '0.83.3' ],
26 silly audit   'metro-symbolicate': [ '0.83.3' ],
26 silly audit   'metro-transform-plugins': [ '0.83.3' ],
26 silly audit   'metro-transform-worker': [ '0.83.3' ],
26 silly audit   micromatch: [ '4.0.8' ],
26 silly audit   'mime-db': [ '1.52.0' ],
26 silly audit   'mime-types': [ '2.1.35' ],
26 silly audit   minimist: [ '1.2.8' ],
26 silly audit   mkdirp: [ '1.0.4', '0.5.6' ],
26 silly audit   mobx: [ '6.15.0' ],
26 silly audit   'mobx-react-lite': [ '4.1.1' ],
26 silly audit   moment: [ '2.30.1' ],
26 silly audit   multipasta: [ '0.2.7' ],
26 silly audit   'mute-stream': [ '0.0.8' ],
26 silly audit   mv: [ '2.1.1' ],
26 silly audit   mz: [ '2.7.0' ],
26 silly audit   nan: [ '2.25.0' ],
26 silly audit   'natural-compare': [ '1.4.0' ],
26 silly audit   'natural-orderby': [ '2.0.3' ],
26 silly audit   ncp: [ '2.0.0' ],
26 silly audit   'nested-error-stacks': [ '2.0.1' ],
26 silly audit   'node-fetch': [ '2.6.7' ],
26 silly audit   'node-int64': [ '0.4.0' ],
26 silly audit   'node-releases': [ '2.0.27' ],
26 silly audit   'node-rsa': [ '1.1.1' ],
26 silly audit   'node-stream-zip': [ '1.15.0' ],
26 silly audit   'normalize-path': [ '3.0.0' ],
26 silly audit   'npm-package-arg': [ '11.0.3' ],
26 silly audit   'nth-check': [ '2.1.1' ],
26 silly audit   nullthrows: [ '1.1.1' ],
26 silly audit   ob1: [ '0.83.3' ],
26 silly audit   'object-assign': [ '4.1.1' ],
26 silly audit   'object-inspect': [ '1.13.4' ],
26 silly audit   'object-keys': [ '1.1.1' ],
26 silly audit   'object-treeify': [ '1.1.33' ],
26 silly audit   'object.assign': [ '4.1.7' ],
26 silly audit   'object.entries': [ '1.1.9' ],
26 silly audit   'object.fromentries': [ '2.0.8' ],
26 silly audit   'object.groupby': [ '1.0.3' ],
26 silly audit   'object.values': [ '1.2.1' ],
26 silly audit   'on-finished': [ '2.3.0', '2.4.1' ],
26 silly audit   'on-headers': [ '1.1.0' ],
26 silly audit   once: [ '1.4.0' ],
26 silly audit   optionator: [ '0.9.4' ],
26 silly audit   'own-keys': [ '1.0.1' ],
26 silly audit   'p-limit': [ '3.1.0', '2.3.0' ],
26 silly audit   'p-try': [ '2.2.0' ],
26 silly audit   'package-json-from-dist': [ '1.0.1' ],
26 silly audit   'parent-module': [ '1.0.1' ],
26 silly audit   'parse-json': [ '4.0.0' ],
26 silly audit   'parse-png': [ '2.1.0' ],
26 silly audit   parseurl: [ '1.3.3' ],
26 silly audit   'password-prompt': [ '1.1.3' ],
26 silly audit   'path-exists': [ '4.0.0', '3.0.0' ],
26 silly audit   'path-is-absolute': [ '1.0.1' ],
26 silly audit   'path-key': [ '3.1.1' ],
26 silly audit   'path-parse': [ '1.0.7' ],
26 silly audit   'path-type': [ '4.0.0' ],
26 silly audit   picocolors: [ '1.1.1' ],
26 silly audit   pirates: [ '4.0.7' ],
26 silly audit   'pkg-dir': [ '4.2.0' ],
26 silly audit   'pkg-up': [ '3.1.0' ],
26 silly audit   plist: [ '3.1.0' ],
26 silly audit   'possible-typed-array-names': [ '1.1.0' ],
26 silly audit   postcss: [ '8.4.49' ],
26 silly audit   'prelude-ls': [ '1.2.1' ],
26 silly audit   prettier: [ '3.8.1' ],
26 silly audit   'prettier-linter-helpers': [ '1.0.1' ],
26 silly audit   'pretty-bytes': [ '5.6.0' ],
26 silly audit   'pretty-format': [ '29.7.0' ],
26 silly audit   'proc-log': [ '4.2.0' ],
26 silly audit   progress: [ '2.0.3' ],
26 silly audit   promise: [ '8.3.0' ],
26 silly audit   'promise-limit': [ '2.7.0' ],
26 silly audit   'promise-retry': [ '2.0.1' ],
26 silly audit   prompts: [ '2.4.2' ],
26 silly audit   'prop-types': [ '15.8.1' ],
26 silly audit   'proxy-from-env': [ '1.1.0' ],
26 silly audit   punycode: [ '2.3.1' ],
26 silly audit   qrcode: [ '1.5.4' ],
26 silly audit   y18n: [ '4.0.3', '5.0.8' ],
26 silly audit   yargs: [ '15.4.1', '17.7.2' ],
26 silly audit   'yargs-parser': [ '18.1.3', '21.1.1' ],
26 silly audit   'query-string': [ '7.1.3' ],
26 silly audit   queue: [ '6.0.2' ],
26 silly audit   'queue-microtask': [ '1.2.3' ],
26 silly audit   'range-parser': [ '1.2.1' ],
26 silly audit   rc: [ '1.2.8' ],
26 silly audit   react: [ '19.1.0' ],
26 silly audit   'react-devtools-core': [ '6.1.5' ],
26 silly audit   'react-freeze': [ '1.0.4' ],
26 silly audit   'react-native': [ '0.81.5' ],
26 silly audit   'react-native-is-edge-to-edge': [ '1.2.1' ],
26 silly audit   'react-native-paper': [ '5.15.0' ],
26 silly audit   'react-native-safe-area-context': [ '5.6.2' ],
26 silly audit   'react-native-screens': [ '4.16.0' ],
26 silly audit   'react-native-svg': [ '15.15.3' ],
26 silly audit   'react-native-view-shot': [ '4.0.3' ],
26 silly audit   'react-native-webview': [ '13.15.0' ],
26 silly audit   'react-refresh': [ '0.14.2' ],
26 silly audit   redeyed: [ '2.1.1' ],
26 silly audit   'reflect.getprototypeof': [ '1.0.10' ],
26 silly audit   regenerate: [ '1.4.2' ],
26 silly audit   'regenerate-unicode-properties': [ '10.2.2' ],
26 silly audit   'regenerator-runtime': [ '0.13.11' ],
26 silly audit   'regexp.prototype.flags': [ '1.5.4' ],
26 silly audit   regexpp: [ '3.2.0' ],
26 silly audit   'regexpu-core': [ '6.4.0' ],
26 silly audit   regjsgen: [ '0.8.0' ],
26 silly audit   regjsparser: [ '0.13.0' ],
26 silly audit   'remove-trailing-slash': [ '0.1.1' ],
26 silly audit   'require-directory': [ '2.1.1' ],
26 silly audit   'require-from-string': [ '2.0.2' ],
26 silly audit   'require-main-filename': [ '2.0.0' ],
26 silly audit   requireg: [ '0.2.2' ],
26 silly audit   reselect: [ '4.1.8' ],
26 silly audit   'resolve-global': [ '1.0.0' ],
26 silly audit   'resolve-pkg-maps': [ '1.0.0' ],
26 silly audit   'resolve-workspace-root': [ '2.0.1' ],
26 silly audit   'resolve.exports': [ '2.0.3' ],
26 silly audit   retry: [ '0.12.0' ],
26 silly audit   reusify: [ '1.1.0' ],
26 silly audit   'run-parallel': [ '1.2.0' ],
26 silly audit   'safe-array-concat': [ '1.1.3' ],
26 silly audit   'safe-buffer': [ '5.2.1' ],
26 silly audit   'safe-json-stringify': [ '1.2.0' ],
26 silly audit   'safe-push-apply': [ '1.0.0' ],
26 silly audit   'safe-regex-test': [ '1.1.0' ],
26 silly audit   'safer-buffer': [ '2.1.2' ],
26 silly audit   sax: [ '1.4.4' ],
26 silly audit   scheduler: [ '0.26.0' ],
26 silly audit   send: [ '0.19.2' ],
26 silly audit   'serialize-error': [ '2.1.0' ],
26 silly audit   'serve-static': [ '1.16.3' ],
26 silly audit   'set-blocking': [ '2.0.0' ],
26 silly audit   'set-function-length': [ '1.2.2' ],
26 silly audit   'set-function-name': [ '2.0.2' ],
26 silly audit   'set-interval-async': [ '3.0.3' ],
26 silly audit   'set-proto': [ '1.0.0' ],
26 silly audit   setprototypeof: [ '1.2.0' ],
26 silly audit   'sf-symbols-typescript': [ '2.2.0' ],
26 silly audit   'shebang-command': [ '2.0.0' ],
26 silly audit   'shebang-regex': [ '3.0.0' ],
26 silly audit   'shell-quote': [ '1.8.3' ],
26 silly audit   'side-channel': [ '1.1.0' ],
26 silly audit   'side-channel-list': [ '1.0.0' ],
26 silly audit   'side-channel-map': [ '1.0.1' ],
26 silly audit   'side-channel-weakmap': [ '1.0.2' ],
26 silly audit   'simple-plist': [ '1.3.1' ],
26 silly audit   'simple-swizzle': [ '0.2.4' ],
26 silly audit   sisteransi: [ '1.0.5' ],
26 silly audit   slash: [ '3.0.0' ],
26 silly audit   'slice-ansi': [ '4.0.0' ],
26 silly audit   slugify: [ '1.6.6' ],
26 silly audit   'source-map-js': [ '1.2.1' ],
26 silly audit   'source-map-support': [ '0.5.21' ],
26 silly audit   'split-on-first': [ '1.1.0' ],
26 silly audit   'sprintf-js': [ '1.0.3' ],
26 silly audit   'stack-utils': [ '2.0.6' ],
26 silly audit   stackframe: [ '1.3.4' ],
26 silly audit   'stacktrace-parser': [ '0.1.11' ],
26 silly audit   'stop-iteration-iterator': [ '1.1.0' ],
26 silly audit   'stream-buffers': [ '2.2.0' ],
26 silly audit   streamx: [ '2.23.0' ],
26 silly audit   'strict-uri-encode': [ '2.0.0' ],
26 silly audit   string_decoder: [ '1.3.0' ],
26 silly audit   'string.prototype.matchall': [ '4.0.12' ],
26 silly audit   'string.prototype.repeat': [ '1.0.0' ],
26 silly audit   'string.prototype.trim': [ '1.2.10' ],
26 silly audit   'string.prototype.trimend': [ '1.0.9' ],
26 silly audit   'string.prototype.trimstart': [ '1.0.8' ],
26 silly audit   'strip-bom': [ '3.0.0' ],
26 silly audit   'structured-headers': [ '0.4.1' ],
26 silly audit   'supports-hyperlinks': [ '2.3.0' ],
26 silly audit   'supports-preserve-symlinks-flag': [ '1.0.0' ],
26 silly audit   swr: [ '2.4.0' ],
26 silly audit   synckit: [ '0.11.12' ],
26 silly audit   tapable: [ '2.3.0' ],
26 silly audit   tar: [ '7.5.7' ],
26 silly audit   'tar-stream': [ '3.1.7' ],
26 silly audit   'temp-dir': [ '2.0.0' ],
26 silly audit   'terminal-link': [ '2.1.1' ],
26 silly audit   terser: [ '5.46.0' ],
26 silly audit   'test-exclude': [ '6.0.0' ],
26 silly audit   'text-decoder': [ '1.2.7' ],
26 silly audit   'text-segmentation': [ '1.0.3' ],
26 silly audit   thenify: [ '3.3.1' ],
26 silly audit   'thenify-all': [ '1.6.0' ],
26 silly audit   throat: [ '5.0.0' ],
26 silly audit   tinyglobby: [ '0.2.15' ],
26 silly audit   fdir: [ '6.5.0' ],
26 silly audit   tmpl: [ '1.0.5' ],
26 silly audit   'to-regex-range': [ '5.0.1' ],
26 silly audit   toidentifier: [ '1.0.1' ],
26 silly audit   tr46: [ '0.0.3' ],
26 silly audit   'ts-api-utils': [ '2.4.0' ],
26 silly audit   'ts-declaration-location': [ '1.0.7' ],
26 silly audit   'ts-deepmerge': [ '6.2.0' ],
26 silly audit   'ts-interface-checker': [ '0.1.13' ],
26 silly audit   'ts-node': [ '10.9.2' ],
26 silly audit   'tsconfig-paths': [ '3.15.0' ],
26 silly audit   'tunnel-agent': [ '0.6.0' ],
26 silly audit   turndown: [ '7.1.2' ],
26 silly audit   'type-check': [ '0.4.0' ],
26 silly audit   'type-detect': [ '4.0.8' ],
26 silly audit   'typed-array-buffer': [ '1.0.3' ],
26 silly audit   'typed-array-byte-length': [ '1.0.3' ],
26 silly audit   'typed-array-byte-offset': [ '1.0.4' ],
26 silly audit   'typed-array-length': [ '1.0.7' ],
26 silly audit   typescript: [ '5.9.3' ],
26 silly audit   'unbox-primitive': [ '1.1.0' ],
26 silly audit   undici: [ '6.23.0' ],
26 silly audit   'undici-types': [ '7.16.0' ],
26 silly audit   'unicode-canonical-property-names-ecmascript': [ '2.0.1' ],
26 silly audit   'unicode-match-property-ecmascript': [ '2.0.0' ],
26 silly audit   'unicode-match-property-value-ecmascript': [ '2.2.1' ],
26 silly audit   'unicode-property-aliases-ecmascript': [ '2.2.0' ],
26 silly audit   'unique-string': [ '2.0.0' ],
26 silly audit   unpipe: [ '1.0.0' ],
26 silly audit   untildify: [ '4.0.0' ],
26 silly audit   'update-browserslist-db': [ '1.2.3' ],
26 silly audit   'uri-js': [ '4.4.1' ],
26 silly audit   'use-latest-callback': [ '0.2.6' ],
26 silly audit   'use-sync-external-store': [ '1.6.0' ],
26 silly audit   'utils-merge': [ '1.0.1' ],
26 silly audit   utrie: [ '1.0.2' ],
26 silly audit   'v8-compile-cache-lib': [ '3.0.1' ],
26 silly audit   'validate-npm-package-name': [ '5.0.1' ],
26 silly audit   vary: [ '1.1.2' ],
26 silly audit   vlq: [ '1.0.1' ],
26 silly audit   walker: [ '1.0.8' ],
26 silly audit   'warn-once': [ '0.1.1' ],
26 silly audit   wcwidth: [ '1.0.1' ],
26 silly audit   'webidl-conversions': [ '5.0.0', '3.0.1' ],
26 silly audit   'whatwg-fetch': [ '3.6.20' ],
26 silly audit   'whatwg-url': [ '5.0.0' ],
26 silly audit   'whatwg-url-without-unicode': [ '8.0.0-3' ],
26 silly audit   which: [ '2.0.2' ],
26 silly audit   'which-boxed-primitive': [ '1.1.1' ],
26 silly audit   'which-builtin-type': [ '1.2.1' ],
26 silly audit   'which-collection': [ '1.0.2' ],
26 silly audit   'which-module': [ '2.0.1' ],
26 silly audit   'which-typed-array': [ '1.1.20' ],
26 silly audit   'widest-line': [ '3.1.0' ],
26 silly audit   wonka: [ '6.3.5' ],
26 silly audit   'word-wrap': [ '1.2.5' ],
26 silly audit   wordwrap: [ '1.0.0' ],
26 silly audit   wrappy: [ '1.0.2' ],
26 silly audit   xcode: [ '3.0.1' ],
26 silly audit   xml2js: [ '0.6.0' ],
26 silly audit   yn: [ '3.1.1' ],
26 silly audit   'yocto-queue': [ '0.1.0' ],
26 silly audit   zod: [ '4.3.6' ],
26 silly audit   'react-native-qrcode-svg': [ '6.3.21' ],
26 silly audit   'text-encoding': [ '0.7.0' ]
26 silly audit }
27 http cache text-encoding@https://registry.npmjs.org/text-encoding/-/text-encoding-0.7.0.tgz 0ms (cache hit)
28 http cache react-native-qrcode-svg@https://registry.npmjs.org/react-native-qrcode-svg/-/react-native-qrcode-svg-6.3.21.tgz 0ms (cache hit)
29 warn deprecated text-encoding@0.7.0: no longer maintained
30 http fetch POST 200 https://registry.npmjs.org/-/npm/v1/security/advisories/bulk 543ms
31 silly audit report {
31 silly audit report   minimatch: [
31 silly audit report     {
31 silly audit report       id: 1113296,
31 silly audit report       url: 'https://github.com/advisories/GHSA-3ppc-4f35-3m26',
31 silly audit report       title: 'minimatch has a ReDoS via repeated wildcards with non-matching literal in pattern',
31 silly audit report       severity: 'high',
31 silly audit report       vulnerable_versions: '<10.2.1',
31 silly audit report       cwe: [Array],
31 silly audit report       cvss: [Object]
31 silly audit report     }
31 silly audit report   ],
31 silly audit report   ajv: [
31 silly audit report     {
31 silly audit report       id: 1113214,
31 silly audit report       url: 'https://github.com/advisories/GHSA-2g4f-4pwh-qvx6',
31 silly audit report       title: 'ajv has ReDoS when using `$data` option',
31 silly audit report       severity: 'moderate',
31 silly audit report       vulnerable_versions: '<8.18.0',
31 silly audit report       cwe: [Array],
31 silly audit report       cvss: [Object]
31 silly audit report     }
31 silly audit report   ],
31 silly audit report   diff: [
31 silly audit report     {
31 silly audit report       id: 1112706,
31 silly audit report       url: 'https://github.com/advisories/GHSA-73rr-hh4g-fpgx',
31 silly audit report       title: 'jsdiff has a Denial of Service vulnerability in parsePatch and applyPatch',
31 silly audit report       severity: 'low',
31 silly audit report       vulnerable_versions: '>=6.0.0 <8.0.3',
31 silly audit report       cwe: [Array],
31 silly audit report       cvss: [Object]
31 silly audit report     }
31 silly audit report   ],
31 silly audit report   'node-forge': [
31 silly audit report     {
31 silly audit report       id: 1110996,
31 silly audit report       url: 'https://github.com/advisories/GHSA-554w-wpv2-vw27',
31 silly audit report       title: 'node-forge has ASN.1 Unbounded Recursion',
31 silly audit report       severity: 'high',
31 silly audit report       vulnerable_versions: '<1.3.2',
31 silly audit report       cwe: [Array],
31 silly audit report       cvss: [Object]
31 silly audit report     },
31 silly audit report     {
31 silly audit report       id: 1110998,
31 silly audit report       url: 'https://github.com/advisories/GHSA-5gfm-wpxj-wjgq',
31 silly audit report       title: 'node-forge has an Interpretation Conflict vulnerability via its ASN.1 Validator Desynchronization',
31 silly audit report       severity: 'high',
31 silly audit report       vulnerable_versions: '<1.3.2',
31 silly audit report       cwe: [Array],
31 silly audit report       cvss: [Object]
31 silly audit report     },
31 silly audit report     {
31 silly audit report       id: 1111068,
31 silly audit report       url: 'https://github.com/advisories/GHSA-65ch-62r8-g69g',
31 silly audit report       title: 'node-forge is vulnerable to ASN.1 OID Integer Truncation',
31 silly audit report       severity: 'moderate',
31 silly audit report       vulnerable_versions: '<1.3.2',
31 silly audit report       cwe: [Array],
31 silly audit report       cvss: [Object]
31 silly audit report     }
31 silly audit report   ],
31 silly audit report   tar: [
31 silly audit report     {
31 silly audit report       id: 1113249,
31 silly audit report       url: 'https://github.com/advisories/GHSA-83g3-92jg-28cx',
31 silly audit report       title: 'Arbitrary File Read/Write via Hardlink Target Escape Through Symlink Chain in node-tar Extraction',
31 silly audit report       severity: 'high',
31 silly audit report       vulnerable_versions: '<7.5.8',
31 silly audit report       cwe: [Array],
31 silly audit report       cvss: [Object]
31 silly audit report     }
31 silly audit report   ]
31 silly audit report }
32 silly packumentCache corgi:https://registry.npmjs.org/minimatch cache-miss
33 silly packumentCache corgi:https://registry.npmjs.org/ajv cache-miss
34 silly packumentCache corgi:https://registry.npmjs.org/diff cache-miss
35 silly packumentCache corgi:https://registry.npmjs.org/node-forge cache-miss
36 silly packumentCache corgi:https://registry.npmjs.org/tar cache-miss
37 http fetch GET 200 https://registry.npmjs.org/diff 288ms (cache revalidated)
38 silly packumentCache corgi:https://registry.npmjs.org/diff set size:65404 disposed:false
39 http fetch GET 200 https://registry.npmjs.org/ajv 1281ms (cache revalidated)
40 silly packumentCache corgi:https://registry.npmjs.org/ajv set size:463222 disposed:false
41 http fetch GET 200 https://registry.npmjs.org/node-forge 1291ms (cache revalidated)
42 silly packumentCache corgi:https://registry.npmjs.org/node-forge set size:105368 disposed:false
43 http fetch GET 200 https://registry.npmjs.org/tar 1340ms (cache revalidated)
44 silly packumentCache corgi:https://registry.npmjs.org/tar set size:195519 disposed:false
45 http fetch GET 200 https://registry.npmjs.org/minimatch 2028ms (cache revalidated)
46 silly packumentCache corgi:https://registry.npmjs.org/minimatch set size:148427 disposed:false
47 silly packumentCache corgi:https://registry.npmjs.org/@eslint%2fconfig-array cache-miss
48 silly packumentCache corgi:https://registry.npmjs.org/@eslint%2feslintrc cache-miss
49 silly packumentCache corgi:https://registry.npmjs.org/glob cache-miss
50 silly packumentCache corgi:https://registry.npmjs.org/eas-cli cache-miss
51 silly packumentCache corgi:https://registry.npmjs.org/eslint-plugin-import cache-miss
52 silly packumentCache corgi:https://registry.npmjs.org/eslint-plugin-node cache-miss
53 silly packumentCache corgi:https://registry.npmjs.org/eslint-plugin-react cache-miss
54 silly packumentCache corgi:https://registry.npmjs.org/eslint cache-miss
55 silly packumentCache corgi:https://registry.npmjs.org/filelist cache-miss
56 silly packumentCache corgi:https://registry.npmjs.org/@expo%2ffingerprint cache-miss
57 silly packumentCache corgi:https://registry.npmjs.org/@typescript-eslint%2ftypescript-estree cache-miss
58 silly packumentCache corgi:https://registry.npmjs.org/@expo%2fcli cache-miss
59 silly packumentCache corgi:https://registry.npmjs.org/@expo%2fmetro-config cache-miss
60 silly packumentCache corgi:https://registry.npmjs.org/test-exclude cache-miss
61 http fetch GET 200 https://registry.npmjs.org/eslint-plugin-node 272ms (cache revalidated)
62 silly packumentCache corgi:https://registry.npmjs.org/eslint-plugin-node set size:65154 disposed:false
63 http fetch GET 200 https://registry.npmjs.org/eslint-plugin-react 278ms (cache revalidated)
64 silly packumentCache corgi:https://registry.npmjs.org/eslint-plugin-react set size:309843 disposed:false
65 http fetch GET 200 https://registry.npmjs.org/@eslint%2feslintrc 288ms (cache revalidated)
66 silly packumentCache corgi:https://registry.npmjs.org/@eslint%2feslintrc set size:80753 disposed:false
67 http fetch GET 200 https://registry.npmjs.org/filelist 303ms (cache revalidated)
68 silly packumentCache corgi:https://registry.npmjs.org/filelist set size:9142 disposed:false
69 http fetch GET 200 https://registry.npmjs.org/@eslint%2fconfig-array 306ms (cache revalidated)
70 silly packumentCache corgi:https://registry.npmjs.org/@eslint%2fconfig-array set size:14383 disposed:false
71 http fetch GET 200 https://registry.npmjs.org/@typescript-eslint%2ftypescript-estree 873ms (cache revalidated)
72 silly packumentCache corgi:https://registry.npmjs.org/@typescript-eslint%2ftypescript-estree set size:8492625 disposed:false
73 http fetch GET 200 https://registry.npmjs.org/eas-cli 938ms (cache revalidated)
74 silly packumentCache corgi:https://registry.npmjs.org/eas-cli set size:1277882 disposed:false
75 http fetch GET 200 https://registry.npmjs.org/@expo%2fmetro-config 950ms (cache revalidated)
76 silly packumentCache corgi:https://registry.npmjs.org/@expo%2fmetro-config set size:497489 disposed:false
77 http fetch GET 200 https://registry.npmjs.org/glob 955ms (cache revalidated)
78 silly packumentCache corgi:https://registry.npmjs.org/glob set size:198330 disposed:false
79 http fetch GET 200 https://registry.npmjs.org/test-exclude 958ms (cache revalidated)
80 silly packumentCache corgi:https://registry.npmjs.org/test-exclude set size:41165 disposed:false
81 http fetch GET 200 https://registry.npmjs.org/eslint-plugin-import 961ms (cache revalidated)
82 silly packumentCache corgi:https://registry.npmjs.org/eslint-plugin-import set size:238396 disposed:false
83 http fetch GET 200 https://registry.npmjs.org/@expo%2ffingerprint 961ms (cache revalidated)
84 silly packumentCache corgi:https://registry.npmjs.org/@expo%2ffingerprint set size:174980 disposed:false
85 http fetch GET 200 https://registry.npmjs.org/eslint 964ms (cache revalidated)
86 silly packumentCache corgi:https://registry.npmjs.org/eslint set size:1126678 disposed:false
87 http fetch GET 200 https://registry.npmjs.org/@expo%2fcli 971ms (cache revalidated)
88 silly packumentCache corgi:https://registry.npmjs.org/@expo%2fcli set size:1387852 disposed:false
89 silly packumentCache corgi:https://registry.npmjs.org/@expo%2fcode-signing-certificates cache-miss
90 http fetch GET 200 https://registry.npmjs.org/@expo%2fcode-signing-certificates 342ms (cache revalidated)
91 silly packumentCache corgi:https://registry.npmjs.org/@expo%2fcode-signing-certificates set size:10991 disposed:false
92 silly packumentCache corgi:https://registry.npmjs.org/eslint-config-universe cache-miss
93 http fetch GET 200 https://registry.npmjs.org/eslint-config-universe 265ms (cache revalidated)
94 silly packumentCache corgi:https://registry.npmjs.org/eslint-config-universe set size:204275 disposed:false
95 silly packumentCache corgi:https://registry.npmjs.org/jake cache-miss
96 http fetch GET 200 https://registry.npmjs.org/jake 231ms (cache revalidated)
97 silly packumentCache corgi:https://registry.npmjs.org/jake set size:131466 disposed:false
98 silly packumentCache corgi:https://registry.npmjs.org/@typescript-eslint%2fparser cache-miss
99 silly packumentCache corgi:https://registry.npmjs.org/@typescript-eslint%2ftype-utils cache-miss
100 silly packumentCache corgi:https://registry.npmjs.org/@typescript-eslint%2futils cache-miss
101 http fetch GET 200 https://registry.npmjs.org/@typescript-eslint%2ftype-utils 259ms (cache revalidated)
102 silly packumentCache corgi:https://registry.npmjs.org/@typescript-eslint%2ftype-utils set size:4505748 disposed:false
103 http fetch GET 200 https://registry.npmjs.org/@typescript-eslint%2futils 306ms (cache revalidated)
104 silly packumentCache corgi:https://registry.npmjs.org/@typescript-eslint%2futils set size:4516674 disposed:false
105 http fetch GET 200 https://registry.npmjs.org/@typescript-eslint%2fparser 347ms (cache revalidated)
106 silly packumentCache corgi:https://registry.npmjs.org/@typescript-eslint%2fparser set size:7891430 disposed:false
107 silly packumentCache corgi:https://registry.npmjs.org/expo cache-miss
108 http fetch GET 200 https://registry.npmjs.org/expo 270ms (cache revalidated)
109 silly packumentCache corgi:https://registry.npmjs.org/expo set size:1604211 disposed:false
110 silly packumentCache corgi:https://registry.npmjs.org/@expo%2fconfig cache-miss
111 silly packumentCache corgi:https://registry.npmjs.org/@expo%2fconfig-plugins cache-miss
112 silly packumentCache corgi:https://registry.npmjs.org/sucrase cache-miss
113 silly packumentCache corgi:https://registry.npmjs.org/@react-native%2fcodegen cache-miss
114 silly packumentCache corgi:https://registry.npmjs.org/babel-plugin-module-resolver cache-miss
115 silly packumentCache corgi:https://registry.npmjs.org/rimraf cache-miss
116 silly packumentCache corgi:https://registry.npmjs.org/react-native cache-miss
117 http fetch GET 200 https://registry.npmjs.org/babel-plugin-module-resolver 249ms (cache revalidated)
118 silly packumentCache corgi:https://registry.npmjs.org/babel-plugin-module-resolver set size:34996 disposed:false
119 http fetch GET 200 https://registry.npmjs.org/sucrase 250ms (cache revalidated)
120 silly packumentCache corgi:https://registry.npmjs.org/sucrase set size:163085 disposed:false
121 http fetch GET 200 https://registry.npmjs.org/@expo%2fconfig 255ms (cache revalidated)
122 silly packumentCache corgi:https://registry.npmjs.org/@expo%2fconfig set size:496145 disposed:false
123 http fetch GET 200 https://registry.npmjs.org/rimraf 265ms (cache revalidated)
124 silly packumentCache corgi:https://registry.npmjs.org/rimraf set size:87794 disposed:false
125 http fetch GET 200 https://registry.npmjs.org/react-native 274ms (cache revalidated)
126 silly packumentCache corgi:https://registry.npmjs.org/react-native set size:6824535 disposed:false
127 http fetch GET 200 https://registry.npmjs.org/@expo%2fconfig-plugins 304ms (cache revalidated)
128 silly packumentCache corgi:https://registry.npmjs.org/@expo%2fconfig-plugins set size:370533 disposed:false
129 http fetch GET 200 https://registry.npmjs.org/@react-native%2fcodegen 307ms (cache revalidated)
130 silly packumentCache corgi:https://registry.npmjs.org/@react-native%2fcodegen set size:1352192 disposed:false
131 silly packumentCache corgi:https://registry.npmjs.org/babel-plugin-istanbul cache-miss
132 http fetch GET 200 https://registry.npmjs.org/babel-plugin-istanbul 265ms (cache revalidated)
133 silly packumentCache corgi:https://registry.npmjs.org/babel-plugin-istanbul set size:48319 disposed:false
134 silly packumentCache corgi:https://registry.npmjs.org/ejs cache-miss
135 http fetch GET 200 https://registry.npmjs.org/ejs 246ms (cache revalidated)
136 silly packumentCache corgi:https://registry.npmjs.org/ejs set size:65016 disposed:false
137 silly packumentCache corgi:https://registry.npmjs.org/@typescript-eslint%2feslint-plugin cache-miss
138 http fetch GET 200 https://registry.npmjs.org/@typescript-eslint%2feslint-plugin 334ms (cache revalidated)
139 silly packumentCache corgi:https://registry.npmjs.org/@typescript-eslint%2feslint-plugin set size:9347879 disposed:false
140 silly packumentCache corgi:https://registry.npmjs.org/@expo%2fprebuild-config cache-miss
141 http fetch GET 200 https://registry.npmjs.org/@expo%2fprebuild-config 262ms (cache revalidated)
142 silly packumentCache corgi:https://registry.npmjs.org/@expo%2fprebuild-config set size:323938 disposed:false
143 silly packumentCache corgi:https://registry.npmjs.org/minizlib cache-miss
144 silly packumentCache corgi:https://registry.npmjs.org/mv cache-miss
145 silly packumentCache corgi:https://registry.npmjs.org/chromium-edge-launcher cache-miss
146 http fetch GET 200 https://registry.npmjs.org/chromium-edge-launcher 241ms (cache revalidated)
147 silly packumentCache corgi:https://registry.npmjs.org/chromium-edge-launcher set size:7395 disposed:false
148 http fetch GET 200 https://registry.npmjs.org/mv 242ms (cache revalidated)
149 silly packumentCache corgi:https://registry.npmjs.org/mv set size:7084 disposed:false
150 http fetch GET 200 https://registry.npmjs.org/minizlib 258ms (cache revalidated)
151 silly packumentCache corgi:https://registry.npmjs.org/minizlib set size:26328 disposed:false
152 silly packumentCache corgi:https://registry.npmjs.org/@react-native%2fbabel-plugin-codegen cache-miss
153 http fetch GET 200 https://registry.npmjs.org/@react-native%2fbabel-plugin-codegen 295ms (cache revalidated)
154 silly packumentCache corgi:https://registry.npmjs.org/@react-native%2fbabel-plugin-codegen set size:777034 disposed:false
155 silly packumentCache corgi:https://registry.npmjs.org/@jest%2ftransform cache-miss
156 silly packumentCache corgi:https://registry.npmjs.org/babel-jest cache-miss
157 http fetch GET 200 https://registry.npmjs.org/@jest%2ftransform 309ms (cache revalidated)
158 silly packumentCache corgi:https://registry.npmjs.org/@jest%2ftransform set size:288734 disposed:false
159 http fetch GET 200 https://registry.npmjs.org/babel-jest 312ms (cache revalidated)
160 silly packumentCache corgi:https://registry.npmjs.org/babel-jest set size:366602 disposed:false
161 silly packumentCache corgi:https://registry.npmjs.org/@oclif%2fcore cache-miss
162 silly packumentCache corgi:https://registry.npmjs.org/@expo%2fplugin-warn-if-update-available cache-miss
163 http fetch GET 200 https://registry.npmjs.org/@expo%2fplugin-warn-if-update-available 286ms (cache revalidated)
164 silly packumentCache corgi:https://registry.npmjs.org/@expo%2fplugin-warn-if-update-available set size:20493 disposed:false
165 http fetch GET 200 https://registry.npmjs.org/@oclif%2fcore 288ms (cache revalidated)
166 silly packumentCache corgi:https://registry.npmjs.org/@oclif%2fcore set size:1146286 disposed:false
167 silly packumentCache corgi:https://registry.npmjs.org/@react-native%2fdev-middleware cache-miss
168 http fetch GET 200 https://registry.npmjs.org/@react-native%2fdev-middleware 342ms (cache revalidated)
169 silly packumentCache corgi:https://registry.npmjs.org/@react-native%2fdev-middleware set size:1026791 disposed:false
170 silly packumentCache corgi:https://registry.npmjs.org/bunyan cache-miss
171 http fetch GET 200 https://registry.npmjs.org/bunyan 299ms (cache revalidated)
172 silly packumentCache corgi:https://registry.npmjs.org/bunyan set size:82630 disposed:false
173 silly packumentCache corgi:https://registry.npmjs.org/@react-native%2fbabel-preset cache-miss
174 http fetch GET 200 https://registry.npmjs.org/@react-native%2fbabel-preset 261ms (cache revalidated)
175 silly packumentCache corgi:https://registry.npmjs.org/@react-native%2fbabel-preset set size:2804720 disposed:false
176 silly packumentCache corgi:https://registry.npmjs.org/@expo%2fplugin-help cache-miss
177 silly packumentCache corgi:https://registry.npmjs.org/@oclif%2fplugin-autocomplete cache-miss
178 http fetch GET 200 https://registry.npmjs.org/@oclif%2fplugin-autocomplete 250ms (cache revalidated)
179 silly packumentCache corgi:https://registry.npmjs.org/@oclif%2fplugin-autocomplete set size:200926 disposed:false
180 http fetch GET 200 https://registry.npmjs.org/@expo%2fplugin-help 256ms (cache revalidated)
181 silly packumentCache corgi:https://registry.npmjs.org/@expo%2fplugin-help set size:8582 disposed:false
182 silly packumentCache corgi:https://registry.npmjs.org/@react-native%2fcommunity-cli-plugin cache-miss
183 http fetch GET 200 https://registry.npmjs.org/@react-native%2fcommunity-cli-plugin 273ms (cache revalidated)
184 silly packumentCache corgi:https://registry.npmjs.org/@react-native%2fcommunity-cli-plugin set size:1086531 disposed:false
185 silly packumentCache corgi:https://registry.npmjs.org/babel-preset-expo cache-miss
186 http fetch GET 200 https://registry.npmjs.org/babel-preset-expo 234ms (cache revalidated)
187 silly packumentCache corgi:https://registry.npmjs.org/babel-preset-expo set size:391426 disposed:false
188 silly ADD node_modules/text-encoding
189 silly ADD node_modules/react-native-qrcode-svg
190 verbose cwd C:\Users\TANGLEI\Desktop\nongyu
191 verbose os Windows_NT 10.0.26100
192 verbose node v24.13.1
193 verbose npm  v11.8.0
194 verbose exit 0
195 info ok
