0 verbose cli E:\node\node.exe E:\node\node_modules\npm\bin\npm-cli.js
1 info using npm@11.8.0
2 info using node@v24.13.1
3 silly config load:file:E:\node\node_modules\npm\npmrc
4 silly config load:file:C:\Users\TANGLEI\Desktop\nongyu\.npmrc
5 silly config load:file:C:\Users\TANGLEI\.npmrc
6 silly config load:file:E:\node\node_global\etc\npmrc
7 verbose title npm install react-native-wechat-lib@3.0.0
8 verbose argv "install" "react-native-wechat-lib@3.0.0" "--save" "--cache" "./.npm-cache" "--no-audit"
9 verbose logfile logs-max:10 dir:C:\Users\TANGLEI\Desktop\nongyu\.npm-cache\_logs\2026-02-19T13_15_00_231Z-
10 verbose logfile C:\Users\TANGLEI\Desktop\nongyu\.npm-cache\_logs\2026-02-19T13_15_00_231Z-debug-0.log
11 silly logfile done cleaning log files
12 silly packumentCache heap:4496293888 maxSize:1124073472 maxEntrySize:562036736
13 silly idealTree buildDeps
14 silly fetch manifest react-native-wechat-lib@3.0.0
15 silly packumentCache full:https://registry.npmjs.org/react-native-wechat-lib cache-miss
16 http cache https://registry.npmjs.org/react-native-wechat-lib 122ms (cache hit)
17 silly packumentCache full:https://registry.npmjs.org/react-native-wechat-lib set size:213069 disposed:false
18 silly fetch manifest react@19.1.0
19 silly packumentCache full:https://registry.npmjs.org/react cache-miss
20 http cache https://registry.npmjs.org/react 12ms (cache hit)
21 silly packumentCache full:https://registry.npmjs.org/react set size:6496179 disposed:false
22 silly fetch manifest react-native@0.81.5
23 silly packumentCache full:https://registry.npmjs.org/react-native cache-miss
24 http cache https://registry.npmjs.org/react-native 23ms (cache hit)
25 silly packumentCache full:https://registry.npmjs.org/react-native set size:14832318 disposed:false
26 silly fetch manifest @types/react@~19.1.0
27 silly packumentCache full:https://registry.npmjs.org/@types%2freact cache-miss
28 http cache https://registry.npmjs.org/@types%2freact 8ms (cache hit)
29 silly packumentCache full:https://registry.npmjs.org/@types%2freact set size:2588986 disposed:false
30 silly placeDep ROOT react-native-wechat-lib@3.0.0 REPLACE for: nongyu@1.0.0 want: 3.0.0
31 silly fetch manifest events@^3.3.0
32 silly packumentCache full:https://registry.npmjs.org/events cache-miss
33 http cache https://registry.npmjs.org/events 3ms (cache hit)
34 silly packumentCache full:https://registry.npmjs.org/events set size:35240 disposed:false
35 silly placeDep ROOT events@3.3.0 OK for: react-native-wechat-lib@3.0.0 want: ^3.3.0
36 silly reify mark retired [ 'C:\\Users\\TANGLEI\\Desktop\\nongyu\\node_modules\\events' ]
37 silly reify mark retired [
37 silly reify   'C:\\Users\\TANGLEI\\Desktop\\nongyu\\node_modules\\react-native-wechat-lib'
37 silly reify ]
38 silly reify moves {
38 silly reify   'C:\\Users\\TANGLEI\\Desktop\\nongyu\\node_modules\\events': 'C:\\Users\\TANGLEI\\Desktop\\nongyu\\node_modules\\.events-KhtHR3Dn',
38 silly reify   'C:\\Users\\TANGLEI\\Desktop\\nongyu\\node_modules\\react-native-wechat-lib': 'C:\\Users\\TANGLEI\\Desktop\\nongyu\\node_modules\\.react-native-wechat-lib-vnaWE4lz'
38 silly reify }
39 http cache react-native-wechat-lib@https://registry.npmjs.org/react-native-wechat-lib/-/react-native-wechat-lib-3.0.0.tgz 0ms (cache hit)
40 http cache events@https://registry.npmjs.org/events/-/events-3.3.0.tgz 0ms (cache hit)
41 silly tarball no local data for react-native-wechat-lib@https://registry.npmjs.org/react-native-wechat-lib/-/react-native-wechat-lib-3.0.0.tgz. Extracting by manifest.
42 silly tarball no local data for events@https://registry.npmjs.org/events/-/events-3.3.0.tgz. Extracting by manifest.
43 http fetch GET 200 https://registry.npmjs.org/events/-/events-3.3.0.tgz 1163ms (cache miss)
44 http fetch GET 200 https://registry.npmjs.org/react-native-wechat-lib/-/react-native-wechat-lib-3.0.0.tgz 3195ms (cache miss)
45 silly CHANGE node_modules/react-native-wechat-lib
46 silly CHANGE node_modules/events
47 verbose cwd C:\Users\TANGLEI\Desktop\nongyu
48 verbose os Windows_NT 10.0.26100
49 verbose node v24.13.1
50 verbose npm  v11.8.0
51 verbose exit 0
52 info ok
