0 verbose cli E:\node\node.exe E:\node\node_global\node_modules\npm\bin\npm-cli.js
1 info using npm@11.10.1
2 info using node@v24.13.1
3 silly config load:file:E:\node\node_global\node_modules\npm\npmrc
4 silly config load:file:C:\Users\TANGLEI\Desktop\nongyu\.npmrc
5 silly config load:file:C:\Users\TANGLEI\.npmrc
6 silly config load:file:E:\node\node_global\etc\npmrc
7 verbose title npm install
8 verbose argv "install" "--cache" "./temp_npm_cache"
9 verbose logfile logs-max:10 dir:C:\Users\TANGLEI\Desktop\nongyu\temp_npm_cache\_logs\2026-02-23T14_22_24_300Z-
10 verbose logfile C:\Users\TANGLEI\Desktop\nongyu\temp_npm_cache\_logs\2026-02-23T14_22_24_300Z-debug-0.log
11 silly logfile done cleaning log files
12 silly packumentCache heap:4496293888 maxSize:1124073472 maxEntrySize:562036736
13 silly idealTree buildDeps
14 silly fetch manifest expo-device@~8.0.10
15 silly packumentCache full:https://registry.npmjs.org/expo-device cache-miss
16 http fetch GET 200 https://registry.npmjs.org/expo-device 1651ms (cache miss)
17 silly packumentCache full:https://registry.npmjs.org/expo-device set size:undefined disposed:false
18 silly fetch manifest expo@~54.0.33
19 silly packumentCache full:https://registry.npmjs.org/expo cache-miss
20 http fetch GET 200 https://registry.npmjs.org/npm 3928ms
21 http fetch GET 200 https://registry.npmjs.org/expo 4258ms (cache miss)
22 silly packumentCache full:https://registry.npmjs.org/expo set size:undefined disposed:false
23 silly fetch manifest @expo/dom-webview@*
24 silly packumentCache full:https://registry.npmjs.org/@expo%2fdom-webview cache-miss
25 http fetch GET 200 https://registry.npmjs.org/@expo%2fdom-webview 582ms (cache miss)
26 silly packumentCache full:https://registry.npmjs.org/@expo%2fdom-webview set size:undefined disposed:false
27 silly fetch manifest react@19.1.0
28 silly packumentCache full:https://registry.npmjs.org/react cache-miss
29 http fetch GET 200 https://registry.npmjs.org/react 11592ms (cache miss)
30 silly packumentCache full:https://registry.npmjs.org/react set size:undefined disposed:false
31 silly fetch manifest react-native@0.81.5
32 silly packumentCache full:https://registry.npmjs.org/react-native cache-miss
33 http fetch GET 200 https://registry.npmjs.org/react-native 9162ms (cache miss)
34 silly packumentCache full:https://registry.npmjs.org/react-native set size:undefined disposed:false
35 silly fetch manifest @types/react@~19.1.0
36 silly packumentCache full:https://registry.npmjs.org/@types%2freact cache-miss
37 http fetch GET 200 https://registry.npmjs.org/@types%2freact 3822ms (cache miss)
38 silly packumentCache full:https://registry.npmjs.org/@types%2freact set size:undefined disposed:false
39 silly fetch manifest @expo/metro-runtime@*
40 silly packumentCache full:https://registry.npmjs.org/@expo%2fmetro-runtime cache-miss
41 http fetch GET 200 https://registry.npmjs.org/@expo%2fmetro-runtime 687ms (cache miss)
42 silly packumentCache full:https://registry.npmjs.org/@expo%2fmetro-runtime set size:undefined disposed:false
43 silly fetch manifest react-dom@*
44 silly packumentCache full:https://registry.npmjs.org/react-dom cache-miss
45 http fetch GET 200 https://registry.npmjs.org/react-dom 10366ms (cache miss)
46 silly packumentCache full:https://registry.npmjs.org/react-dom set size:undefined disposed:false
47 silly fetch manifest react@^19.2.4
48 silly packumentCache full:https://registry.npmjs.org/react cache-miss
49 http cache https://registry.npmjs.org/react 14ms (cache hit)
50 silly packumentCache full:https://registry.npmjs.org/react set size:6508025 disposed:false
51 silly fetch manifest react-native-webview@^13.15.0
52 silly packumentCache full:https://registry.npmjs.org/react-native-webview cache-miss
53 http fetch GET 200 https://registry.npmjs.org/react-native-webview 1917ms (cache miss)
54 silly packumentCache full:https://registry.npmjs.org/react-native-webview set size:undefined disposed:false
55 silly placeDep ROOT expo-device@8.0.10 OK for: nongyu@1.0.0 want: ~8.0.10
56 silly fetch manifest ua-parser-js@^0.7.33
57 silly packumentCache full:https://registry.npmjs.org/ua-parser-js cache-miss
58 http fetch GET 200 https://registry.npmjs.org/ua-parser-js 1404ms (cache miss)
59 silly packumentCache full:https://registry.npmjs.org/ua-parser-js set size:undefined disposed:false
60 silly placeDep ROOT ua-parser-js@0.7.41 OK for: expo-device@8.0.10 want: ^0.7.33
61 silly reify moves {}
62 silly audit bulk request {
62 silly audit   '@0no-co/graphql.web': [ '1.2.0' ],
62 silly audit   '@babel/code-frame': [ '7.10.4', '7.29.0', '7.23.5' ],
62 silly audit   '@babel/compat-data': [ '7.29.0' ],
62 silly audit   '@babel/core': [ '7.29.0' ],
62 silly audit   semver: [ '6.3.1', '7.5.2', '7.7.4', '7.5.4' ],
62 silly audit   '@babel/generator': [ '7.29.1' ],
62 silly audit   '@babel/helper-annotate-as-pure': [ '7.27.3' ],
62 silly audit   '@babel/helper-compilation-targets': [ '7.28.6' ],
62 silly audit   '@babel/helper-create-class-features-plugin': [ '7.28.6' ],
62 silly audit   '@babel/helper-create-regexp-features-plugin': [ '7.28.5' ],
62 silly audit   '@babel/helper-define-polyfill-provider': [ '0.6.6' ],
62 silly audit   '@babel/helper-globals': [ '7.28.0' ],
62 silly audit   '@babel/helper-member-expression-to-functions': [ '7.28.5' ],
62 silly audit   '@babel/helper-module-imports': [ '7.28.6' ],
62 silly audit   '@babel/helper-module-transforms': [ '7.28.6' ],
62 silly audit   '@babel/helper-optimise-call-expression': [ '7.27.1' ],
62 silly audit   '@babel/helper-plugin-utils': [ '7.28.6' ],
62 silly audit   '@babel/helper-remap-async-to-generator': [ '7.27.1' ],
62 silly audit   '@babel/helper-replace-supers': [ '7.28.6' ],
62 silly audit   '@babel/helper-skip-transparent-expression-wrappers': [ '7.27.1' ],
62 silly audit   '@babel/helper-string-parser': [ '7.27.1' ],
62 silly audit   '@babel/helper-validator-identifier': [ '7.28.5' ],
62 silly audit   '@babel/helper-validator-option': [ '7.27.1' ],
62 silly audit   '@babel/helper-wrap-function': [ '7.28.6' ],
62 silly audit   '@babel/helpers': [ '7.28.6' ],
62 silly audit   '@babel/highlight': [ '7.25.9' ],
62 silly audit   '@babel/parser': [ '7.29.0' ],
62 silly audit   '@babel/plugin-proposal-decorators': [ '7.29.0' ],
62 silly audit   '@babel/plugin-proposal-export-default-from': [ '7.27.1' ],
62 silly audit   '@babel/plugin-syntax-async-generators': [ '7.8.4' ],
62 silly audit   '@babel/plugin-syntax-bigint': [ '7.8.3' ],
62 silly audit   '@babel/plugin-syntax-class-properties': [ '7.12.13' ],
62 silly audit   '@babel/plugin-syntax-class-static-block': [ '7.14.5' ],
62 silly audit   '@babel/plugin-syntax-decorators': [ '7.28.6' ],
62 silly audit   '@babel/plugin-syntax-dynamic-import': [ '7.8.3' ],
62 silly audit   '@babel/plugin-syntax-export-default-from': [ '7.28.6' ],
62 silly audit   '@babel/plugin-syntax-flow': [ '7.28.6' ],
62 silly audit   '@babel/plugin-syntax-import-attributes': [ '7.28.6' ],
62 silly audit   '@babel/plugin-syntax-import-meta': [ '7.10.4' ],
62 silly audit   '@babel/plugin-syntax-json-strings': [ '7.8.3' ],
62 silly audit   '@babel/plugin-syntax-jsx': [ '7.28.6' ],
62 silly audit   '@babel/plugin-syntax-logical-assignment-operators': [ '7.10.4' ],
62 silly audit   '@babel/plugin-syntax-nullish-coalescing-operator': [ '7.8.3' ],
62 silly audit   '@babel/plugin-syntax-numeric-separator': [ '7.10.4' ],
62 silly audit   '@babel/plugin-syntax-object-rest-spread': [ '7.8.3' ],
62 silly audit   '@babel/plugin-syntax-optional-catch-binding': [ '7.8.3' ],
62 silly audit   '@babel/plugin-syntax-optional-chaining': [ '7.8.3' ],
62 silly audit   '@babel/plugin-syntax-private-property-in-object': [ '7.14.5' ],
62 silly audit   '@babel/plugin-syntax-top-level-await': [ '7.14.5' ],
62 silly audit   '@babel/plugin-syntax-typescript': [ '7.28.6' ],
62 silly audit   '@babel/plugin-transform-arrow-functions': [ '7.27.1' ],
62 silly audit   '@babel/plugin-transform-async-generator-functions': [ '7.29.0' ],
62 silly audit   '@babel/plugin-transform-async-to-generator': [ '7.28.6' ],
62 silly audit   '@babel/plugin-transform-block-scoping': [ '7.28.6' ],
62 silly audit   '@babel/plugin-transform-class-properties': [ '7.28.6' ],
62 silly audit   '@babel/plugin-transform-class-static-block': [ '7.28.6' ],
62 silly audit   '@babel/plugin-transform-classes': [ '7.28.6' ],
62 silly audit   '@babel/plugin-transform-computed-properties': [ '7.28.6' ],
62 silly audit   '@babel/plugin-transform-destructuring': [ '7.28.5' ],
62 silly audit   '@babel/plugin-transform-export-namespace-from': [ '7.27.1' ],
62 silly audit   '@babel/plugin-transform-flow-strip-types': [ '7.27.1' ],
62 silly audit   '@babel/plugin-transform-for-of': [ '7.27.1' ],
62 silly audit   '@babel/plugin-transform-function-name': [ '7.27.1' ],
62 silly audit   '@babel/plugin-transform-literals': [ '7.27.1' ],
62 silly audit   '@babel/plugin-transform-logical-assignment-operators': [ '7.28.6' ],
62 silly audit   '@babel/plugin-transform-modules-commonjs': [ '7.28.6' ],
62 silly audit   '@babel/plugin-transform-named-capturing-groups-regex': [ '7.29.0' ],
62 silly audit   '@babel/plugin-transform-nullish-coalescing-operator': [ '7.28.6' ],
62 silly audit   '@babel/plugin-transform-numeric-separator': [ '7.28.6' ],
62 silly audit   '@babel/plugin-transform-object-rest-spread': [ '7.28.6' ],
62 silly audit   '@babel/plugin-transform-optional-catch-binding': [ '7.28.6' ],
62 silly audit   '@babel/plugin-transform-optional-chaining': [ '7.28.6' ],
62 silly audit   '@babel/plugin-transform-parameters': [ '7.27.7' ],
62 silly audit   '@babel/plugin-transform-private-methods': [ '7.28.6' ],
62 silly audit   '@babel/plugin-transform-private-property-in-object': [ '7.28.6' ],
62 silly audit   '@babel/plugin-transform-react-display-name': [ '7.28.0' ],
62 silly audit   '@babel/plugin-transform-react-jsx': [ '7.28.6' ],
62 silly audit   '@babel/plugin-transform-react-jsx-development': [ '7.27.1' ],
62 silly audit   '@babel/plugin-transform-react-jsx-self': [ '7.27.1' ],
62 silly audit   '@babel/plugin-transform-react-jsx-source': [ '7.27.1' ],
62 silly audit   '@babel/plugin-transform-react-pure-annotations': [ '7.27.1' ],
62 silly audit   '@babel/plugin-transform-regenerator': [ '7.29.0' ],
62 silly audit   '@babel/plugin-transform-runtime': [ '7.29.0' ],
62 silly audit   '@babel/plugin-transform-shorthand-properties': [ '7.27.1' ],
62 silly audit   '@babel/plugin-transform-spread': [ '7.28.6' ],
62 silly audit   '@babel/plugin-transform-sticky-regex': [ '7.27.1' ],
62 silly audit   '@babel/plugin-transform-typescript': [ '7.28.6' ],
62 silly audit   '@babel/plugin-transform-unicode-regex': [ '7.27.1' ],
62 silly audit   '@babel/preset-react': [ '7.28.5' ],
62 silly audit   '@babel/preset-typescript': [ '7.28.5' ],
62 silly audit   '@babel/runtime': [ '7.28.6' ],
62 silly audit   '@babel/template': [ '7.28.6' ],
62 silly audit   '@babel/traverse': [ '7.29.0' ],
62 silly audit   '@babel/types': [ '7.29.0' ],
62 silly audit   '@callstack/react-theme-provider': [ '3.0.9' ],
62 silly audit   deepmerge: [ '3.3.0', '4.3.1' ],
62 silly audit   '@cspotcode/source-map-support': [ '0.8.1' ],
62 silly audit   '@jridgewell/trace-mapping': [ '0.3.9', '0.3.31' ],
62 silly audit   '@eslint-community/eslint-utils': [ '4.9.1' ],
62 silly audit   '@eslint-community/regexpp': [ '4.12.2' ],
62 silly audit   '@eslint/config-array': [ '0.21.1' ],
62 silly audit   'brace-expansion': [ '1.1.12', '2.0.2', '5.0.2' ],
62 silly audit   minimatch: [ '3.1.2', '8.0.4', '9.0.5', '5.1.2', '5.1.6', '10.2.0' ],
62 silly audit   '@eslint/config-helpers': [ '0.4.2' ],
62 silly audit   '@eslint/core': [ '0.17.0' ],
62 silly audit   '@eslint/eslintrc': [ '3.3.3' ],
62 silly audit   argparse: [ '2.0.1', '1.0.10' ],
62 silly audit   'js-yaml': [ '4.1.1', '3.14.2' ],
62 silly audit   'strip-json-comments': [ '3.1.1', '2.0.1' ],
62 silly audit   '@eslint/js': [ '9.39.2' ],
62 silly audit   '@eslint/object-schema': [ '2.1.7' ],
62 silly audit   '@eslint/plugin-kit': [ '0.4.1' ],
62 silly audit   '@expo/apple-utils': [ '2.1.13' ],
62 silly audit   '@expo/bunyan': [ '4.0.1' ],
62 silly audit   uuid: [ '8.3.2', '9.0.1', '7.0.3' ],
62 silly audit   '@expo/code-signing-certificates': [ '0.0.6', '0.0.5' ],
62 silly audit   '@expo/config': [ '12.0.13', '10.0.11', '10.0.6' ],
62 silly audit   '@expo/config-plugins': [ '54.0.4', '9.0.17', '9.0.12' ],
62 silly audit   'ansi-styles': [ '4.3.0', '6.2.3', '3.2.1', '5.2.0' ],
62 silly audit   chalk: [ '4.1.2', '2.4.2' ],
62 silly audit   'color-convert': [ '2.0.1', '1.9.3' ],
62 silly audit   'color-name': [ '1.1.4', '1.1.3' ],
62 silly audit   'has-flag': [ '4.0.0', '3.0.0' ],
62 silly audit   'supports-color': [ '7.2.0', '8.1.1', '5.5.0' ],
62 silly audit   '@expo/config-types': [ '54.0.10', '52.0.5' ],
62 silly audit   '@expo/devcert': [ '1.2.1' ],
62 silly audit   debug: [ '3.2.7', '2.6.9', '4.4.3' ],
62 silly audit   '@expo/devtools': [ '0.1.8' ],
62 silly audit   '@expo/eas-build-job': [ '18.0.1' ],
62 silly audit   joi: [ '17.13.3', '17.11.0' ],
62 silly audit   '@expo/eas-json': [ '18.0.1' ],
62 silly audit   'log-symbols': [ '4.1.0', '2.2.0' ],
62 silly audit   'lru-cache': [ '6.0.0', '10.4.3', '5.1.1', '11.2.6' ],
62 silly audit   tslib: [ '2.4.1', '2.6.2' ],
62 silly audit   yallist: [ '4.0.0', '5.0.0', '3.1.1' ],
62 silly audit   '@expo/env': [ '2.0.8', '1.0.7' ],
62 silly audit   '@expo/fingerprint': [ '0.15.4' ],
62 silly audit   '@expo/image-utils': [ '0.8.8', '0.6.5' ],
62 silly audit   '@expo/json-file': [ '10.0.8', '9.0.2', '9.1.5', '8.3.3' ],
62 silly audit   '@expo/logger': [ '18.0.1' ],
62 silly audit   '@expo/metro': [ '54.2.0' ],
62 silly audit   '@expo/multipart-body-parser': [ '2.0.0' ],
62 silly audit   '@expo/osascript': [ '2.3.8', '2.1.4' ],
62 silly audit   '@expo/package-manager': [ '1.9.10' ],
62 silly audit   '@expo/pkcs12': [ '0.1.3' ],
62 silly audit   '@expo/plist': [ '0.4.8', '0.2.2', '0.2.0' ],
62 silly audit   '@expo/plugin-help': [ '5.1.23' ],
62 silly audit   '@oclif/core': [ '2.16.0', '1.26.2' ],
62 silly audit   '@expo/plugin-warn-if-update-available': [ '2.5.1' ],
62 silly audit   'fs-extra': [ '10.1.0', '9.0.0', '9.1.0', '11.2.0' ],
62 silly audit   '@expo/prebuild-config': [ '8.0.17', '54.0.8' ],
62 silly audit   universalify: [ '1.0.0', '2.0.1' ],
62 silly audit   '@isaacs/cliui': [ '8.0.2', '9.0.0' ],
62 silly audit   '@react-native/normalize-colors': [ '0.76.2', '0.81.5' ],
62 silly audit   '@xmldom/xmldom': [ '0.7.13', '0.8.11' ],
62 silly audit   'ansi-regex': [ '6.2.2', '5.0.1', '4.1.1' ],
62 silly audit   commander: [ '4.1.1', '7.2.0', '12.1.0', '2.20.3' ],
62 silly audit   'emoji-regex': [ '9.2.2', '8.0.0' ],
62 silly audit   getenv: [ '1.0.0', '2.0.0' ],
62 silly audit   glob: [ '10.5.0', '7.2.3', '9.3.5', '13.0.3', '6.0.4' ],
62 silly audit   jackspeak: [ '3.4.3', '4.2.3' ],
62 silly audit   'path-scurry': [ '1.11.1', '2.0.1' ],
62 silly audit   'string-width': [ '5.1.2', '4.2.3' ],
62 silly audit   'strip-ansi': [ '7.1.2', '5.2.0', '6.0.1' ],
62 silly audit   sucrase: [ '3.35.0', '3.35.1' ],
62 silly audit   'wrap-ansi': [ '8.1.0', '6.2.0', '7.0.0' ],
62 silly audit   'write-file-atomic': [ '2.4.3', '4.0.2' ],
62 silly audit   xmlbuilder: [ '14.0.0', '11.0.1', '15.1.1' ],
62 silly audit   '@expo/results': [ '1.0.0' ],
62 silly audit   '@expo/rudder-sdk-node': [ '1.1.1' ],
62 silly audit   '@expo/schema-utils': [ '0.1.8' ],
62 silly audit   '@expo/sdk-runtime-versions': [ '1.0.0' ],
62 silly audit   '@expo/spawn-async': [ '1.7.2' ],
62 silly audit   '@expo/steps': [ '18.0.1' ],
62 silly audit   '@expo/sudo-prompt': [ '9.3.2' ],
62 silly audit   '@expo/timeago.js': [ '1.0.0' ],
62 silly audit   '@expo/vector-icons': [ '15.0.3' ],
62 silly audit   '@expo/ws-tunnel': [ '1.0.6' ],
62 silly audit   '@expo/xcpretty': [ '4.4.0' ],
62 silly audit   '@hapi/hoek': [ '9.3.0' ],
62 silly audit   '@hapi/topo': [ '5.1.0' ],
62 silly audit   '@humanfs/core': [ '0.19.1' ],
62 silly audit   '@humanfs/node': [ '0.16.7' ],
62 silly audit   '@humanwhocodes/module-importer': [ '1.0.1' ],
62 silly audit   '@humanwhocodes/retry': [ '0.4.3' ],
62 silly audit   '@isaacs/fs-minipass': [ '4.0.1' ],
62 silly audit   '@isaacs/ttlcache': [ '1.4.1' ],
62 silly audit   '@istanbuljs/load-nyc-config': [ '1.1.0' ],
62 silly audit   camelcase: [ '5.3.1', '6.3.0' ],
62 silly audit   '@istanbuljs/schema': [ '0.1.3' ],
62 silly audit   '@jest/create-cache-key-function': [ '29.7.0' ],
62 silly audit   '@jest/environment': [ '29.7.0' ],
62 silly audit   '@jest/fake-timers': [ '29.7.0' ],
62 silly audit   '@jest/schemas': [ '29.6.3' ],
62 silly audit   '@jest/transform': [ '29.7.0' ],
62 silly audit   '@jest/types': [ '29.6.3' ],
62 silly audit   '@jridgewell/gen-mapping': [ '0.3.13' ],
62 silly audit   '@jridgewell/remapping': [ '2.3.5' ],
62 silly audit   '@jridgewell/resolve-uri': [ '3.1.2' ],
62 silly audit   '@jridgewell/source-map': [ '0.3.11' ],
62 silly audit   '@jridgewell/sourcemap-codec': [ '1.5.5' ],
62 silly audit   '@nodelib/fs.scandir': [ '2.1.5' ],
62 silly audit   '@nodelib/fs.stat': [ '2.0.5' ],
62 silly audit   '@nodelib/fs.walk': [ '1.2.8' ],
62 silly audit   '@oclif/linewrap': [ '1.0.0' ],
62 silly audit   '@oclif/plugin-autocomplete': [ '2.3.10' ],
62 silly audit   '@oclif/screen': [ '3.0.8' ],
62 silly audit   '@pkgjs/parseargs': [ '0.11.0' ],
62 silly audit   '@pkgr/core': [ '0.2.9' ],
62 silly audit   '@react-native-async-storage/async-storage': [ '2.2.0' ],
62 silly audit   '@react-native/assets-registry': [ '0.81.5' ],
62 silly audit   '@react-native/babel-plugin-codegen': [ '0.81.5' ],
62 silly audit   '@react-native/babel-preset': [ '0.81.5' ],
62 silly audit   '@react-native/codegen': [ '0.81.5' ],
62 silly audit   'hermes-estree': [ '0.29.1', '0.32.0' ],
62 silly audit   'hermes-parser': [ '0.29.1', '0.32.0' ],
62 silly audit   '@react-native/community-cli-plugin': [ '0.81.5' ],
62 silly audit   '@react-native/debugger-frontend': [ '0.81.5' ],
62 silly audit   '@react-native/dev-middleware': [ '0.81.5' ],
62 silly audit   ws: [ '6.2.3', '8.19.0', '7.5.10' ],
62 silly audit   '@react-native/gradle-plugin': [ '0.81.5' ],
62 silly audit   '@react-native/js-polyfills': [ '0.81.5' ],
62 silly audit   '@react-native/virtualized-lists': [ '0.81.5' ],
62 silly audit   '@react-navigation/bottom-tabs': [ '7.13.0' ],
62 silly audit   '@react-navigation/core': [ '7.14.0' ],
62 silly audit   'escape-string-regexp': [ '4.0.0', '1.0.5', '2.0.0' ],
62 silly audit   'react-is': [ '19.2.4', '16.13.1', '18.3.1' ],
62 silly audit   '@react-navigation/elements': [ '2.9.5' ],
62 silly audit   '@react-navigation/native': [ '7.1.28' ],
62 silly audit   '@react-navigation/native-stack': [ '7.13.0' ],
62 silly audit   '@react-navigation/routers': [ '7.5.3' ],
62 silly audit   '@rtsao/scc': [ '1.1.0' ],
62 silly audit   '@segment/loosely-validate-event': [ '2.0.0' ],
62 silly audit   '@sideway/address': [ '4.1.5' ],
62 silly audit   '@sideway/formula': [ '3.0.1' ],
62 silly audit   '@sideway/pinpoint': [ '2.0.0' ],
62 silly audit   '@sinclair/typebox': [ '0.27.10' ],
62 silly audit   '@sinonjs/commons': [ '3.0.1' ],
62 silly audit   '@sinonjs/fake-timers': [ '10.3.0' ],
62 silly audit   '@tsconfig/node10': [ '1.0.12' ],
62 silly audit   '@tsconfig/node12': [ '1.0.11' ],
62 silly audit   '@tsconfig/node14': [ '1.0.3' ],
62 silly audit   '@tsconfig/node16': [ '1.0.4' ],
62 silly audit   '@types/babel__core': [ '7.20.5' ],
62 silly audit   '@types/babel__generator': [ '7.27.0' ],
62 silly audit   '@types/babel__template': [ '7.4.4' ],
62 silly audit   '@types/babel__traverse': [ '7.28.0' ],
62 silly audit   '@types/bunyan': [ '1.8.11' ],
62 silly audit   '@types/cli-progress': [ '3.11.6' ],
62 silly audit   '@types/estree': [ '1.0.8' ],
62 silly audit   '@types/graceful-fs': [ '4.1.9' ],
62 silly audit   '@types/istanbul-lib-coverage': [ '2.0.6' ],
62 silly audit   '@types/istanbul-lib-report': [ '3.0.3' ],
62 silly audit   '@types/istanbul-reports': [ '3.0.4' ],
62 silly audit   '@types/json-schema': [ '7.0.15' ],
62 silly audit   '@types/json5': [ '0.0.29' ],
62 silly audit   '@types/node': [ '25.2.3' ],
62 silly audit   '@types/react': [ '19.1.17' ],
62 silly audit   '@types/stack-utils': [ '2.0.3' ],
62 silly audit   '@types/yargs': [ '17.0.35' ],
62 silly audit   '@types/yargs-parser': [ '21.0.3' ],
62 silly audit   '@typescript-eslint/eslint-plugin': [ '8.55.0' ],
62 silly audit   ignore: [ '7.0.5', '5.3.0', '5.3.2' ],
62 silly audit   '@typescript-eslint/parser': [ '8.55.0' ],
62 silly audit   '@typescript-eslint/project-service': [ '8.55.0' ],
62 silly audit   '@typescript-eslint/scope-manager': [ '8.55.0' ],
62 silly audit   '@typescript-eslint/tsconfig-utils': [ '8.55.0' ],
62 silly audit   '@typescript-eslint/type-utils': [ '8.55.0' ],
62 silly audit   '@typescript-eslint/types': [ '8.55.0' ],
62 silly audit   '@typescript-eslint/typescript-estree': [ '8.55.0' ],
62 silly audit   '@typescript-eslint/utils': [ '8.55.0' ],
62 silly audit   '@typescript-eslint/visitor-keys': [ '8.55.0' ],
62 silly audit   'eslint-visitor-keys': [ '4.2.1', '1.3.0', '3.4.3' ],
62 silly audit   '@ungap/structured-clone': [ '1.3.0' ],
62 silly audit   '@urql/core': [ '5.2.0', '4.0.11' ],
62 silly audit   '@urql/exchange-retry': [ '1.3.2', '1.2.0' ],
62 silly audit   'abort-controller': [ '3.0.0' ],
62 silly audit   accepts: [ '1.3.8' ],
62 silly audit   acorn: [ '8.15.0' ],
62 silly audit   'acorn-jsx': [ '5.3.2' ],
62 silly audit   'acorn-walk': [ '8.3.4' ],
62 silly audit   'agent-base': [ '7.1.4', '6.0.2' ],
62 silly audit   ajv: [ '6.12.6', '8.18.0', '8.11.0' ],
62 silly audit   'ajv-formats': [ '2.1.1' ],
62 silly audit   'json-schema-traverse': [ '1.0.0', '0.4.1' ],
62 silly audit   anser: [ '1.4.10' ],
62 silly audit   'ansi-escapes': [ '4.3.2' ],
62 silly audit   'type-fest': [ '0.21.3', '0.7.1' ],
62 silly audit   ansicolors: [ '0.3.2' ],
62 silly audit   'any-promise': [ '1.3.0' ],
62 silly audit   anymatch: [ '3.1.3' ],
62 silly audit   arg: [ '5.0.2', '4.1.3' ],
62 silly audit   'array-buffer-byte-length': [ '1.0.2' ],
62 silly audit   'array-includes': [ '3.1.9' ],
62 silly audit   'array-union': [ '2.1.0' ],
62 silly audit   'array.prototype.findlast': [ '1.2.5' ],
62 silly audit   'array.prototype.findlastindex': [ '1.2.6' ],
62 silly audit   'array.prototype.flat': [ '1.3.3' ],
62 silly audit   'array.prototype.flatmap': [ '1.3.3' ],
62 silly audit   'array.prototype.tosorted': [ '1.1.4' ],
62 silly audit   'arraybuffer.prototype.slice': [ '1.0.4' ],
62 silly audit   asap: [ '2.0.6' ],
62 silly audit   asn1: [ '0.2.6' ],
62 silly audit   'astral-regex': [ '2.0.0' ],
62 silly audit   async: [ '3.2.6' ],
62 silly audit   'async-function': [ '1.0.0' ],
62 silly audit   'async-limiter': [ '1.0.1' ],
62 silly audit   asynckit: [ '0.4.0' ],
62 silly audit   'at-least-node': [ '1.0.0' ],
62 silly audit   'available-typed-arrays': [ '1.0.7' ],
62 silly audit   axios: [ '1.13.5' ],
62 silly audit   b4a: [ '1.7.5' ],
62 silly audit   'babel-jest': [ '29.7.0' ],
62 silly audit   'babel-plugin-istanbul': [ '6.1.1' ],
62 silly audit   'babel-plugin-jest-hoist': [ '29.6.3' ],
62 silly audit   'babel-plugin-module-resolver': [ '5.0.2' ],
62 silly audit   minipass: [ '4.2.8', '7.1.2' ],
62 silly audit   'babel-plugin-polyfill-corejs2': [ '0.4.15' ],
62 silly audit   'babel-plugin-polyfill-corejs3': [ '0.13.0' ],
62 silly audit   'babel-plugin-polyfill-regenerator': [ '0.6.6' ],
62 silly audit   'babel-plugin-react-compiler': [ '1.0.0' ],
62 silly audit   'babel-plugin-react-native-web': [ '0.21.2' ],
62 silly audit   'babel-plugin-syntax-hermes-parser': [ '0.29.1' ],
62 silly audit   'babel-plugin-transform-flow-enums': [ '0.0.2' ],
62 silly audit   'babel-preset-current-node-syntax': [ '1.2.0' ],
62 silly audit   'babel-preset-expo': [ '54.0.10' ],
62 silly audit   'babel-preset-jest': [ '29.6.3' ],
62 silly audit   'balanced-match': [ '1.0.2', '4.0.2' ],
62 silly audit   'bare-events': [ '2.8.2' ],
62 silly audit   'base64-arraybuffer': [ '1.0.2' ],
62 silly audit   'base64-js': [ '1.5.1' ],
62 silly audit   'baseline-browser-mapping': [ '2.9.19' ],
62 silly audit   'better-opn': [ '3.0.2' ],
62 silly audit   open: [ '8.4.2', '7.4.2' ],
62 silly audit   'big-integer': [ '1.6.52' ],
62 silly audit   boolbase: [ '1.0.0' ],
62 silly audit   'bplist-creator': [ '0.1.0' ],
62 silly audit   'bplist-parser': [ '0.3.1' ],
62 silly audit   braces: [ '3.0.3' ],
62 silly audit   browserslist: [ '4.28.1' ],
62 silly audit   bser: [ '2.1.1' ],
62 silly audit   buffer: [ '6.0.3', '5.7.1' ],
62 silly audit   'buffer-from': [ '1.1.2' ],
62 silly audit   bunyan: [ '1.8.15' ],
62 silly audit   bytes: [ '3.1.2' ],
62 silly audit   'call-bind': [ '1.0.8' ],
62 silly audit   'call-bind-apply-helpers': [ '1.0.2' ],
62 silly audit   'call-bound': [ '1.0.4' ],
62 silly audit   callsites: [ '3.1.0' ],
62 silly audit   'caniuse-lite': [ '1.0.30001769' ],
62 silly audit   cardinal: [ '2.1.1' ],
62 silly audit   charenc: [ '0.0.2' ],
62 silly audit   chownr: [ '3.0.0' ],
62 silly audit   'chrome-launcher': [ '0.15.2' ],
62 silly audit   'chromium-edge-launcher': [ '0.2.0' ],
62 silly audit   'ci-info': [ '2.0.0', '3.9.0' ],
62 silly audit   'clean-stack': [ '3.0.1' ],
62 silly audit   'cli-cursor': [ '2.1.0', '3.1.0' ],
62 silly audit   'cli-progress': [ '3.12.0' ],
62 silly audit   'cli-spinners': [ '2.9.2' ],
62 silly audit   cliui: [ '8.0.1', '6.0.0' ],
62 silly audit   clone: [ '1.0.4' ],
62 silly audit   color: [ '4.2.3', '3.2.1' ],
62 silly audit   'color-string': [ '1.9.1' ],
62 silly audit   'combined-stream': [ '1.0.8' ],
62 silly audit   'component-type': [ '1.2.2' ],
62 silly audit   compressible: [ '2.0.18' ],
62 silly audit   compression: [ '1.8.1' ],
62 silly audit   ms: [ '2.0.0', '2.1.3' ],
62 silly audit   negotiator: [ '0.6.4', '0.6.3' ],
62 silly audit   'concat-map': [ '0.0.1' ],
62 silly audit   connect: [ '3.7.0' ],
62 silly audit   'content-type': [ '1.0.5' ],
62 silly audit   'convert-source-map': [ '2.0.0' ],
62 silly audit   'core-js-compat': [ '3.48.0' ],
62 silly audit   'create-require': [ '1.1.1' ],
62 silly audit   'cross-spawn': [ '7.0.6' ],
62 silly audit   crypt: [ '0.0.2' ],
62 silly audit   'crypto-random-string': [ '2.0.0' ],
62 silly audit   'css-line-break': [ '2.1.0' ],
62 silly audit   'css-select': [ '5.2.2' ],
62 silly audit   'css-tree': [ '1.1.3' ],
62 silly audit   'source-map': [ '0.6.1', '0.5.7' ],
62 silly audit   'css-what': [ '6.2.2' ],
62 silly audit   csstype: [ '3.2.3' ],
62 silly audit   'data-view-buffer': [ '1.0.2' ],
62 silly audit   'data-view-byte-length': [ '1.0.2' ],
62 silly audit   'data-view-byte-offset': [ '1.0.1' ],
62 silly audit   dateformat: [ '4.6.3' ],
62 silly audit   decamelize: [ '1.2.0' ],
62 silly audit   'decode-uri-component': [ '0.2.2' ],
62 silly audit   'deep-extend': [ '0.6.0' ],
62 silly audit   'deep-is': [ '0.1.4' ],
62 silly audit   defaults: [ '1.0.4' ],
62 silly audit   'define-data-property': [ '1.1.4' ],
62 silly audit   'define-lazy-prop': [ '2.0.0' ],
62 silly audit   'define-properties': [ '1.2.1' ],
62 silly audit   'delayed-stream': [ '1.0.0' ],
62 silly audit   depd: [ '2.0.0' ],
62 silly audit   dequal: [ '2.0.3' ],
62 silly audit   destroy: [ '1.2.0' ],
62 silly audit   'detect-libc': [ '2.1.2' ],
62 silly audit   diff: [ '7.0.0', '4.0.4' ],
62 silly audit   dijkstrajs: [ '1.0.3' ],
62 silly audit   'dir-glob': [ '3.0.1' ],
62 silly audit   doctrine: [ '2.1.0' ],
62 silly audit   'dom-serializer': [ '2.0.0' ],
62 silly audit   domelementtype: [ '2.3.0' ],
62 silly audit   domhandler: [ '5.0.3' ],
62 silly audit   domino: [ '2.1.6' ],
62 silly audit   domutils: [ '3.2.2' ],
62 silly audit   dotenv: [ '16.4.7', '16.3.1' ],
62 silly audit   'dotenv-expand': [ '11.0.7' ],
62 silly audit   'dtrace-provider': [ '0.8.8' ],
62 silly audit   'dunder-proto': [ '1.0.1' ],
62 silly audit   'eas-cli': [ '18.0.1' ],
62 silly audit   '@segment/ajv-human-errors': [ '2.15.0' ],
62 silly audit   'https-proxy-agent': [ '5.0.1', '7.0.6' ],
62 silly audit   mime: [ '3.0.0', '1.6.0' ],
62 silly audit   'mimic-fn': [ '2.1.0', '1.2.0' ],
62 silly audit   minizlib: [ '3.0.1', '3.1.0' ],
62 silly audit   nanoid: [ '3.3.8', '3.3.11' ],
62 silly audit   'node-forge': [ '1.3.1', '1.3.3' ],
62 silly audit   onetime: [ '5.1.2', '2.0.1' ],
62 silly audit   ora: [ '5.1.0', '3.4.0' ],
62 silly audit   pngjs: [ '7.0.0', '3.4.0', '5.0.0' ],
62 silly audit   'qrcode-terminal': [ '0.12.0', '0.11.0' ],
62 silly audit   'restore-cursor': [ '3.1.0', '2.0.0' ],
62 silly audit   rimraf: [ '5.0.10', '2.4.5', '3.0.2' ],
62 silly audit   yaml: [ '2.6.0', '2.8.2' ],
62 silly audit   eastasianwidth: [ '0.2.0' ],
62 silly audit   'ee-first': [ '1.1.1' ],
62 silly audit   ejs: [ '3.1.10' ],
62 silly audit   'electron-to-chromium': [ '1.5.286' ],
62 silly audit   encodeurl: [ '1.0.2', '2.0.0' ],
62 silly audit   'enhanced-resolve': [ '5.19.0' ],
62 silly audit   entities: [ '4.5.0' ],
62 silly audit   'env-editor': [ '0.4.2' ],
62 silly audit   'env-paths': [ '2.2.0' ],
62 silly audit   'env-string': [ '1.0.1' ],
62 silly audit   envinfo: [ '7.11.0' ],
62 silly audit   'err-code': [ '2.0.3' ],
62 silly audit   'error-ex': [ '1.3.4' ],
62 silly audit   'is-arrayish': [ '0.2.1', '0.3.4' ],
62 silly audit   'error-stack-parser': [ '2.1.4' ],
62 silly audit   'es-abstract': [ '1.24.1' ],
62 silly audit   'es-define-property': [ '1.0.1' ],
62 silly audit   'es-errors': [ '1.3.0' ],
62 silly audit   'es-iterator-helpers': [ '1.2.2' ],
62 silly audit   'es-object-atoms': [ '1.1.1' ],
62 silly audit   'es-set-tostringtag': [ '2.1.0' ],
62 silly audit   'es-shim-unscopables': [ '1.1.0' ],
62 silly audit   'es-to-primitive': [ '1.3.0' ],
62 silly audit   escalade: [ '3.2.0' ],
62 silly audit   'escape-html': [ '1.0.3' ],
62 silly audit   eslint: [ '9.39.2' ],
62 silly audit   'eslint-compat-utils': [ '0.5.1' ],
62 silly audit   'eslint-config-prettier': [ '9.1.2' ],
62 silly audit   'eslint-config-universe': [ '15.0.3' ],
62 silly audit   globals: [ '16.5.0', '15.15.0', '14.0.0' ],
62 silly audit   'eslint-import-resolver-node': [ '0.3.9' ],
62 silly audit   'eslint-module-utils': [ '2.12.1' ],
62 silly audit   'eslint-plugin-es': [ '3.0.1' ],
62 silly audit   'eslint-plugin-es-x': [ '7.8.0' ],
62 silly audit   'eslint-plugin-import': [ '2.32.0' ],
62 silly audit   'eslint-plugin-n': [ '17.23.2' ],
62 silly audit   'eslint-plugin-node': [ '11.1.0' ],
62 silly audit   'eslint-plugin-prettier': [ '5.5.5' ],
62 silly audit   'eslint-plugin-react': [ '7.37.5' ],
62 silly audit   'eslint-plugin-react-hooks': [ '5.2.0' ],
62 silly audit   resolve: [ '2.0.0-next.5', '1.7.1', '1.22.11' ],
62 silly audit   'eslint-scope': [ '8.4.0' ],
62 silly audit   'eslint-utils': [ '2.1.0' ],
62 silly audit   'find-up': [ '5.0.0', '4.1.0', '3.0.0' ],
62 silly audit   'locate-path': [ '6.0.0', '5.0.0', '3.0.0' ],
62 silly audit   'p-locate': [ '5.0.0', '4.1.0', '3.0.0' ],
62 silly audit   espree: [ '10.4.0' ],
62 silly audit   esprima: [ '4.0.1' ],
62 silly audit   esquery: [ '1.7.0' ],
62 silly audit   esrecurse: [ '4.3.0' ],
62 silly audit   estraverse: [ '5.3.0' ],
62 silly audit   esutils: [ '2.0.3' ],
62 silly audit   etag: [ '1.8.1' ],
62 silly audit   'event-target-shim': [ '5.0.1' ],
62 silly audit   'events-universal': [ '1.0.1' ],
62 silly audit   'exec-async': [ '2.2.0' ],
62 silly audit   expo: [ '54.0.33' ],
62 silly audit   'expo-clipboard': [ '8.0.8' ],
62 silly audit   'expo-dev-client': [ '6.0.20' ],
62 silly audit   'expo-dev-launcher': [ '6.0.20' ],
62 silly audit   'expo-dev-menu': [ '7.0.18' ],
62 silly audit   'expo-dev-menu-interface': [ '2.0.0' ],
62 silly audit   'expo-file-system': [ '19.0.21' ],
62 silly audit   'expo-font': [ '14.0.11' ],
62 silly audit   'expo-intent-launcher': [ '13.0.8' ],
62 silly audit   'expo-json-utils': [ '0.15.0' ],
62 silly audit   'expo-linear-gradient': [ '15.0.8' ],
62 silly audit   'expo-localization': [ '17.0.8' ],
62 silly audit   'expo-manifests': [ '1.0.10' ],
62 silly audit   'expo-media-library': [ '18.2.1' ],
62 silly audit   'expo-modules-autolinking': [ '3.0.24' ],
62 silly audit   'expo-modules-core': [ '3.0.29' ],
62 silly audit   'expo-native-wechat': [ '0.3.1' ],
62 silly audit   'expo-server': [ '1.0.5' ],
62 silly audit   'expo-sharing': [ '14.0.8' ],
62 silly audit   'expo-status-bar': [ '3.0.9' ],
62 silly audit   'expo-updates-interface': [ '2.0.0' ],
62 silly audit   'expo-web-browser': [ '15.0.10' ],
62 silly audit   '@expo/cli': [ '54.0.23' ],
62 silly audit   '@expo/metro-config': [ '54.0.14' ],
62 silly audit   'expo-asset': [ '12.0.12' ],
62 silly audit   'expo-constants': [ '18.0.13' ],
62 silly audit   'expo-keep-awake': [ '15.0.8' ],
62 silly audit   picomatch: [ '3.0.1', '2.3.1', '4.0.3' ],
62 silly audit   'exponential-backoff': [ '3.1.3' ],
62 silly audit   'fast-deep-equal': [ '3.1.3' ],
62 silly audit   'fast-diff': [ '1.3.0' ],
62 silly audit   'fast-fifo': [ '1.3.2' ],
62 silly audit   'fast-glob': [ '3.3.2' ],
62 silly audit   'glob-parent': [ '5.1.2', '6.0.2' ],
62 silly audit   'fast-json-stable-stringify': [ '2.1.0' ],
62 silly audit   'fast-levenshtein': [ '2.0.6' ],
62 silly audit   'fast-uri': [ '3.1.0' ],
62 silly audit   fastq: [ '1.20.1' ],
62 silly audit   'fb-watchman': [ '2.0.2' ],
62 silly audit   'fetch-retry': [ '4.1.1' ],
62 silly audit   figures: [ '3.2.0' ],
62 silly audit   'file-entry-cache': [ '8.0.0' ],
62 silly audit   filelist: [ '1.0.4' ],
62 silly audit   'fill-range': [ '7.1.1' ],
62 silly audit   'filter-obj': [ '1.1.0' ],
62 silly audit   finalhandler: [ '1.1.2' ],
62 silly audit   'find-babel-config': [ '2.1.2' ],
62 silly audit   'flat-cache': [ '4.0.1' ],
62 silly audit   flatted: [ '3.3.3' ],
62 silly audit   'flow-enums-runtime': [ '0.0.6' ],
62 silly audit   'follow-redirects': [ '1.15.11' ],
62 silly audit   fontfaceobserver: [ '2.3.0' ],
62 silly audit   'for-each': [ '0.3.5' ],
62 silly audit   'foreground-child': [ '3.3.1' ],
62 silly audit   'signal-exit': [ '4.1.0', '3.0.7' ],
62 silly audit   'form-data': [ '4.0.5' ],
62 silly audit   'freeport-async': [ '2.0.0' ],
62 silly audit   fresh: [ '0.5.2' ],
62 silly audit   'fs.realpath': [ '1.0.0' ],
62 silly audit   fsevents: [ '2.3.3' ],
62 silly audit   'function-bind': [ '1.1.2' ],
62 silly audit   'function.prototype.name': [ '1.1.8' ],
62 silly audit   'functions-have-names': [ '1.2.3' ],
62 silly audit   'generator-function': [ '2.0.1' ],
62 silly audit   gensync: [ '1.0.0-beta.2' ],
62 silly audit   'get-caller-file': [ '2.0.5' ],
62 silly audit   'get-intrinsic': [ '1.3.0' ],
62 silly audit   'get-package-type': [ '0.1.0' ],
62 silly audit   'get-proto': [ '1.0.1' ],
62 silly audit   'get-symbol-description': [ '1.1.0' ],
62 silly audit   'get-tsconfig': [ '4.13.6' ],
62 silly audit   'global-dirs': [ '0.1.1' ],
62 silly audit   globalthis: [ '1.0.4' ],
62 silly audit   globby: [ '11.1.0' ],
62 silly audit   globrex: [ '0.1.2' ],
62 silly audit   'golden-fleece': [ '1.0.9' ],
62 silly audit   gopd: [ '1.2.0' ],
62 silly audit   'graceful-fs': [ '4.2.11' ],
62 silly audit   'gradle-to-js': [ '2.0.1' ],
62 silly audit   graphql: [ '16.8.1' ],
62 silly audit   'graphql-tag': [ '2.12.6' ],
62 silly audit   'has-bigints': [ '1.1.0' ],
62 silly audit   'has-property-descriptors': [ '1.0.2' ],
62 silly audit   'has-proto': [ '1.2.0' ],
62 silly audit   'has-symbols': [ '1.1.0' ],
62 silly audit   'has-tostringtag': [ '1.0.2' ],
62 silly audit   hasown: [ '2.0.2' ],
62 silly audit   'hoist-non-react-statics': [ '3.3.2' ],
62 silly audit   'hosted-git-info': [ '7.0.2' ],
62 silly audit   html2canvas: [ '1.4.1' ],
62 silly audit   'http-call': [ '5.3.0' ],
62 silly audit   'http-errors': [ '2.0.1' ],
62 silly audit   statuses: [ '2.0.2', '1.5.0' ],
62 silly audit   hyperlinker: [ '1.0.0' ],
62 silly audit   'iconv-lite': [ '0.7.2' ],
62 silly audit   ieee754: [ '1.2.1' ],
62 silly audit   'image-size': [ '1.2.1' ],
62 silly audit   'import-fresh': [ '3.3.1' ],
62 silly audit   'resolve-from': [ '4.0.0', '5.0.0' ],
62 silly audit   imurmurhash: [ '0.1.4' ],
62 silly audit   'indent-string': [ '4.0.0' ],
62 silly audit   inflight: [ '1.0.6' ],
62 silly audit   inherits: [ '2.0.4' ],
62 silly audit   ini: [ '1.3.8' ],
62 silly audit   'internal-slot': [ '1.1.0' ],
62 silly audit   invariant: [ '2.2.4' ],
62 silly audit   'is-array-buffer': [ '3.0.5' ],
62 silly audit   'is-async-function': [ '2.1.1' ],
62 silly audit   'is-bigint': [ '1.1.0' ],
62 silly audit   'is-boolean-object': [ '1.2.2' ],
62 silly audit   'is-buffer': [ '1.1.6' ],
62 silly audit   'is-callable': [ '1.2.7' ],
62 silly audit   'is-core-module': [ '2.16.1' ],
62 silly audit   'is-data-view': [ '1.0.2' ],
62 silly audit   'is-date-object': [ '1.1.0' ],
62 silly audit   'is-docker': [ '2.2.1' ],
62 silly audit   'is-extglob': [ '2.1.1' ],
62 silly audit   'is-finalizationregistry': [ '1.1.1' ],
62 silly audit   'is-fullwidth-code-point': [ '3.0.0' ],
62 silly audit   'is-generator-function': [ '1.1.2' ],
62 silly audit   'is-glob': [ '4.0.3' ],
62 silly audit   'is-interactive': [ '1.0.0' ],
62 silly audit   'is-map': [ '2.0.3' ],
62 silly audit   'is-negative-zero': [ '2.0.3' ],
62 silly audit   'is-number': [ '7.0.0' ],
62 silly audit   'is-number-object': [ '1.1.1' ],
62 silly audit   'is-plain-obj': [ '2.1.0' ],
62 silly audit   'is-regex': [ '1.2.1' ],
62 silly audit   'is-retry-allowed': [ '1.2.0' ],
62 silly audit   'is-set': [ '2.0.3' ],
62 silly audit   'is-shared-array-buffer': [ '1.0.4' ],
62 silly audit   'is-stream': [ '2.0.1' ],
62 silly audit   'is-string': [ '1.1.1' ],
62 silly audit   'is-symbol': [ '1.1.1' ],
62 silly audit   'is-typed-array': [ '1.1.15' ],
62 silly audit   'is-unicode-supported': [ '0.1.0' ],
62 silly audit   'is-weakmap': [ '2.0.2' ],
62 silly audit   'is-weakref': [ '1.1.1' ],
62 silly audit   'is-weakset': [ '2.0.4' ],
62 silly audit   'is-wsl': [ '2.2.0' ],
62 silly audit   isarray: [ '2.0.5' ],
62 silly audit   isexe: [ '2.0.0' ],
62 silly audit   'istanbul-lib-coverage': [ '3.2.2' ],
62 silly audit   'istanbul-lib-instrument': [ '5.2.1' ],
62 silly audit   'iterator.prototype': [ '1.1.5' ],
62 silly audit   jake: [ '10.9.4' ],
62 silly audit   'jest-environment-node': [ '29.7.0' ],
62 silly audit   'jest-get-type': [ '29.6.3' ],
62 silly audit   'jest-haste-map': [ '29.7.0' ],
62 silly audit   'jest-message-util': [ '29.7.0' ],
62 silly audit   'jest-mock': [ '29.7.0' ],
62 silly audit   'jest-regex-util': [ '29.6.3' ],
62 silly audit   'jest-util': [ '29.7.0' ],
62 silly audit   'jest-validate': [ '29.7.0' ],
62 silly audit   'jest-worker': [ '29.7.0' ],
62 silly audit   'jimp-compact': [ '0.16.1' ],
62 silly audit   'jks-js': [ '1.1.0' ],
62 silly audit   'join-component': [ '1.1.0' ],
62 silly audit   'js-tokens': [ '4.0.0' ],
62 silly audit   'jsc-safe-url': [ '0.2.4' ],
62 silly audit   jsep: [ '1.4.0' ],
62 silly audit   jsesc: [ '3.1.0' ],
62 silly audit   'json-buffer': [ '3.0.1' ],
62 silly audit   'json-parse-better-errors': [ '1.0.2' ],
62 silly audit   'json-stable-stringify-without-jsonify': [ '1.0.1' ],
62 silly audit   json5: [ '2.2.3', '1.0.2' ],
62 silly audit   jsonfile: [ '6.2.0' ],
62 silly audit   'jsx-ast-utils': [ '3.3.5' ],
62 silly audit   keychain: [ '1.5.0' ],
62 silly audit   keyv: [ '4.5.4' ],
62 silly audit   kleur: [ '3.0.3' ],
62 silly audit   'lan-network': [ '0.1.7' ],
62 silly audit   leven: [ '3.1.0' ],
62 silly audit   levn: [ '0.4.1' ],
62 silly audit   'lighthouse-logger': [ '1.4.2' ],
62 silly audit   lightningcss: [ '1.31.1' ],
62 silly audit   'lightningcss-android-arm64': [ '1.31.1' ],
62 silly audit   'lightningcss-darwin-arm64': [ '1.31.1' ],
62 silly audit   'lightningcss-darwin-x64': [ '1.31.1' ],
62 silly audit   'lightningcss-freebsd-x64': [ '1.31.1' ],
62 silly audit   'lightningcss-linux-arm-gnueabihf': [ '1.31.1' ],
62 silly audit   'lightningcss-linux-arm64-gnu': [ '1.31.1' ],
62 silly audit   'lightningcss-linux-arm64-musl': [ '1.31.1' ],
62 silly audit   'lightningcss-linux-x64-gnu': [ '1.31.1' ],
62 silly audit   'lightningcss-linux-x64-musl': [ '1.31.1' ],
62 silly audit   'lightningcss-win32-arm64-msvc': [ '1.31.1' ],
62 silly audit   'lightningcss-win32-x64-msvc': [ '1.31.1' ],
62 silly audit   'lines-and-columns': [ '1.2.4' ],
62 silly audit   'lodash.clonedeep': [ '4.5.0' ],
62 silly audit   'lodash.debounce': [ '4.0.8' ],
62 silly audit   'lodash.get': [ '4.4.2' ],
62 silly audit   'lodash.merge': [ '4.6.2' ],
62 silly audit   'lodash.throttle': [ '4.1.1' ],
62 silly audit   'loose-envify': [ '1.4.0' ],
62 silly audit   'make-error': [ '1.3.6' ],
62 silly audit   makeerror: [ '1.0.12' ],
62 silly audit   marky: [ '1.3.0' ],
62 silly audit   'math-intrinsics': [ '1.1.0' ],
62 silly audit   md5: [ '2.3.0' ],
62 silly audit   'mdn-data': [ '2.0.14' ],
62 silly audit   'memoize-one': [ '5.2.1' ],
62 silly audit   'merge-options': [ '3.0.4' ],
62 silly audit   'merge-stream': [ '2.0.0' ],
62 silly audit   merge2: [ '1.4.1' ],
62 silly audit   metro: [ '0.83.3' ],
62 silly audit   'metro-babel-transformer': [ '0.83.3' ],
62 silly audit   'metro-cache': [ '0.83.3' ],
62 silly audit   'metro-cache-key': [ '0.83.3' ],
62 silly audit   'metro-config': [ '0.83.3' ],
62 silly audit   'metro-core': [ '0.83.3' ],
62 silly audit   'metro-file-map': [ '0.83.3' ],
62 silly audit   'metro-minify-terser': [ '0.83.3' ],
62 silly audit   'metro-resolver': [ '0.83.3' ],
62 silly audit   'metro-runtime': [ '0.83.3' ],
62 silly audit   'metro-source-map': [ '0.83.3' ],
62 silly audit   'metro-symbolicate': [ '0.83.3' ],
62 silly audit   'metro-transform-plugins': [ '0.83.3' ],
62 silly audit   'metro-transform-worker': [ '0.83.3' ],
62 silly audit   micromatch: [ '4.0.8' ],
62 silly audit   'mime-db': [ '1.52.0' ],
62 silly audit   'mime-types': [ '2.1.35' ],
62 silly audit   minimist: [ '1.2.8' ],
62 silly audit   mkdirp: [ '1.0.4', '0.5.6' ],
62 silly audit   mobx: [ '6.15.0' ],
62 silly audit   'mobx-react-lite': [ '4.1.1' ],
62 silly audit   moment: [ '2.30.1' ],
62 silly audit   multipasta: [ '0.2.7' ],
62 silly audit   'mute-stream': [ '0.0.8' ],
62 silly audit   mv: [ '2.1.1' ],
62 silly audit   mz: [ '2.7.0' ],
62 silly audit   nan: [ '2.25.0' ],
62 silly audit   'natural-compare': [ '1.4.0' ],
62 silly audit   'natural-orderby': [ '2.0.3' ],
62 silly audit   ncp: [ '2.0.0' ],
62 silly audit   'nested-error-stacks': [ '2.0.1' ],
62 silly audit   'node-fetch': [ '2.6.7' ],
62 silly audit   'node-int64': [ '0.4.0' ],
62 silly audit   'node-releases': [ '2.0.27' ],
62 silly audit   'node-rsa': [ '1.1.1' ],
62 silly audit   'node-stream-zip': [ '1.15.0' ],
62 silly audit   'normalize-path': [ '3.0.0' ],
62 silly audit   'npm-package-arg': [ '11.0.3' ],
62 silly audit   'nth-check': [ '2.1.1' ],
62 silly audit   nullthrows: [ '1.1.1' ],
62 silly audit   ob1: [ '0.83.3' ],
62 silly audit   'object-assign': [ '4.1.1' ],
62 silly audit   'object-inspect': [ '1.13.4' ],
62 silly audit   'object-keys': [ '1.1.1' ],
62 silly audit   'object-treeify': [ '1.1.33' ],
62 silly audit   'object.assign': [ '4.1.7' ],
62 silly audit   'object.entries': [ '1.1.9' ],
62 silly audit   'object.fromentries': [ '2.0.8' ],
62 silly audit   'object.groupby': [ '1.0.3' ],
62 silly audit   'object.values': [ '1.2.1' ],
62 silly audit   'on-finished': [ '2.3.0', '2.4.1' ],
62 silly audit   'on-headers': [ '1.1.0' ],
62 silly audit   once: [ '1.4.0' ],
62 silly audit   optionator: [ '0.9.4' ],
62 silly audit   'own-keys': [ '1.0.1' ],
62 silly audit   'p-limit': [ '3.1.0', '2.3.0' ],
62 silly audit   'p-try': [ '2.2.0' ],
62 silly audit   'package-json-from-dist': [ '1.0.1' ],
62 silly audit   'parent-module': [ '1.0.1' ],
62 silly audit   'parse-json': [ '4.0.0' ],
62 silly audit   'parse-png': [ '2.1.0' ],
62 silly audit   parseurl: [ '1.3.3' ],
62 silly audit   'password-prompt': [ '1.1.3' ],
62 silly audit   'path-exists': [ '4.0.0', '3.0.0' ],
62 silly audit   'path-is-absolute': [ '1.0.1' ],
62 silly audit   'path-key': [ '3.1.1' ],
62 silly audit   'path-parse': [ '1.0.7' ],
62 silly audit   'path-type': [ '4.0.0' ],
62 silly audit   picocolors: [ '1.1.1' ],
62 silly audit   pirates: [ '4.0.7' ],
62 silly audit   'pkg-dir': [ '4.2.0' ],
62 silly audit   'pkg-up': [ '3.1.0' ],
62 silly audit   plist: [ '3.1.0' ],
62 silly audit   'possible-typed-array-names': [ '1.1.0' ],
62 silly audit   postcss: [ '8.4.49' ],
62 silly audit   'prelude-ls': [ '1.2.1' ],
62 silly audit   prettier: [ '3.8.1' ],
62 silly audit   'prettier-linter-helpers': [ '1.0.1' ],
62 silly audit   'pretty-bytes': [ '5.6.0' ],
62 silly audit   'pretty-format': [ '29.7.0' ],
62 silly audit   'proc-log': [ '4.2.0' ],
62 silly audit   progress: [ '2.0.3' ],
62 silly audit   promise: [ '8.3.0' ],
62 silly audit   'promise-limit': [ '2.7.0' ],
62 silly audit   'promise-retry': [ '2.0.1' ],
62 silly audit   prompts: [ '2.4.2' ],
62 silly audit   'prop-types': [ '15.8.1' ],
62 silly audit   'proxy-from-env': [ '1.1.0' ],
62 silly audit   punycode: [ '2.3.1' ],
62 silly audit   qrcode: [ '1.5.4' ],
62 silly audit   y18n: [ '4.0.3', '5.0.8' ],
62 silly audit   yargs: [ '15.4.1', '17.7.2' ],
62 silly audit   'yargs-parser': [ '18.1.3', '21.1.1' ],
62 silly audit   'query-string': [ '7.1.3' ],
62 silly audit   queue: [ '6.0.2' ],
62 silly audit   'queue-microtask': [ '1.2.3' ],
62 silly audit   'range-parser': [ '1.2.1' ],
62 silly audit   rc: [ '1.2.8' ],
62 silly audit   react: [ '19.1.0' ],
62 silly audit   'react-devtools-core': [ '6.1.5' ],
62 silly audit   'react-freeze': [ '1.0.4' ],
62 silly audit   'react-native': [ '0.81.5' ],
62 silly audit   'react-native-is-edge-to-edge': [ '1.2.1' ],
62 silly audit   'react-native-paper': [ '5.15.0' ],
62 silly audit   'react-native-qrcode-svg': [ '6.3.21' ],
62 silly audit   'react-native-safe-area-context': [ '5.6.2' ],
62 silly audit   'react-native-screens': [ '4.16.0' ],
62 silly audit   'react-native-svg': [ '15.15.3' ],
62 silly audit   'react-native-view-shot': [ '4.0.3' ],
62 silly audit   'react-native-webview': [ '13.15.0' ],
62 silly audit   'react-refresh': [ '0.14.2' ],
62 silly audit   redeyed: [ '2.1.1' ],
62 silly audit   'reflect.getprototypeof': [ '1.0.10' ],
62 silly audit   regenerate: [ '1.4.2' ],
62 silly audit   'regenerate-unicode-properties': [ '10.2.2' ],
62 silly audit   'regenerator-runtime': [ '0.13.11' ],
62 silly audit   'regexp.prototype.flags': [ '1.5.4' ],
62 silly audit   regexpp: [ '3.2.0' ],
62 silly audit   'regexpu-core': [ '6.4.0' ],
62 silly audit   regjsgen: [ '0.8.0' ],
62 silly audit   regjsparser: [ '0.13.0' ],
62 silly audit   'remove-trailing-slash': [ '0.1.1' ],
62 silly audit   'require-directory': [ '2.1.1' ],
62 silly audit   'require-from-string': [ '2.0.2' ],
62 silly audit   'require-main-filename': [ '2.0.0' ],
62 silly audit   requireg: [ '0.2.2' ],
62 silly audit   reselect: [ '4.1.8' ],
62 silly audit   'resolve-global': [ '1.0.0' ],
62 silly audit   'resolve-pkg-maps': [ '1.0.0' ],
62 silly audit   'resolve-workspace-root': [ '2.0.1' ],
62 silly audit   'resolve.exports': [ '2.0.3' ],
62 silly audit   retry: [ '0.12.0' ],
62 silly audit   reusify: [ '1.1.0' ],
62 silly audit   'rtl-detect': [ '1.1.2' ],
62 silly audit   'run-parallel': [ '1.2.0' ],
62 silly audit   'safe-array-concat': [ '1.1.3' ],
62 silly audit   'safe-buffer': [ '5.2.1' ],
62 silly audit   'safe-json-stringify': [ '1.2.0' ],
62 silly audit   'safe-push-apply': [ '1.0.0' ],
62 silly audit   'safe-regex-test': [ '1.1.0' ],
62 silly audit   'safer-buffer': [ '2.1.2' ],
62 silly audit   sax: [ '1.4.4' ],
62 silly audit   scheduler: [ '0.26.0' ],
62 silly audit   send: [ '0.19.2' ],
62 silly audit   'serialize-error': [ '2.1.0' ],
62 silly audit   'serve-static': [ '1.16.3' ],
62 silly audit   'set-blocking': [ '2.0.0' ],
62 silly audit   'set-function-length': [ '1.2.2' ],
62 silly audit   'set-function-name': [ '2.0.2' ],
62 silly audit   'set-interval-async': [ '3.0.3' ],
62 silly audit   'set-proto': [ '1.0.0' ],
62 silly audit   setprototypeof: [ '1.2.0' ],
62 silly audit   'sf-symbols-typescript': [ '2.2.0' ],
62 silly audit   'shebang-command': [ '2.0.0' ],
62 silly audit   'shebang-regex': [ '3.0.0' ],
62 silly audit   'shell-quote': [ '1.8.3' ],
62 silly audit   'side-channel': [ '1.1.0' ],
62 silly audit   'side-channel-list': [ '1.0.0' ],
62 silly audit   'side-channel-map': [ '1.0.1' ],
62 silly audit   'side-channel-weakmap': [ '1.0.2' ],
62 silly audit   'simple-plist': [ '1.3.1' ],
62 silly audit   'simple-swizzle': [ '0.2.4' ],
62 silly audit   sisteransi: [ '1.0.5' ],
62 silly audit   slash: [ '3.0.0' ],
62 silly audit   'slice-ansi': [ '4.0.0' ],
62 silly audit   slugify: [ '1.6.6' ],
62 silly audit   'source-map-js': [ '1.2.1' ],
62 silly audit   'source-map-support': [ '0.5.21' ],
62 silly audit   'split-on-first': [ '1.1.0' ],
62 silly audit   'sprintf-js': [ '1.0.3' ],
62 silly audit   'stack-utils': [ '2.0.6' ],
62 silly audit   stackframe: [ '1.3.4' ],
62 silly audit   'stacktrace-parser': [ '0.1.11' ],
62 silly audit   'stop-iteration-iterator': [ '1.1.0' ],
62 silly audit   'stream-buffers': [ '2.2.0' ],
62 silly audit   streamx: [ '2.23.0' ],
62 silly audit   'strict-uri-encode': [ '2.0.0' ],
62 silly audit   string_decoder: [ '1.3.0' ],
62 silly audit   'string.prototype.matchall': [ '4.0.12' ],
62 silly audit   'string.prototype.repeat': [ '1.0.0' ],
62 silly audit   'string.prototype.trim': [ '1.2.10' ],
62 silly audit   'string.prototype.trimend': [ '1.0.9' ],
62 silly audit   'string.prototype.trimstart': [ '1.0.8' ],
62 silly audit   'strip-bom': [ '3.0.0' ],
62 silly audit   'structured-headers': [ '0.4.1' ],
62 silly audit   'supports-hyperlinks': [ '2.3.0' ],
62 silly audit   'supports-preserve-symlinks-flag': [ '1.0.0' ],
62 silly audit   swr: [ '2.4.0' ],
62 silly audit   synckit: [ '0.11.12' ],
62 silly audit   tapable: [ '2.3.0' ],
62 silly audit   tar: [ '7.5.7' ],
62 silly audit   'tar-stream': [ '3.1.7' ],
62 silly audit   'temp-dir': [ '2.0.0' ],
62 silly audit   'terminal-link': [ '2.1.1' ],
62 silly audit   terser: [ '5.46.0' ],
62 silly audit   'test-exclude': [ '6.0.0' ],
62 silly audit   'text-decoder': [ '1.2.7' ],
62 silly audit   'text-encoding': [ '0.7.0' ],
62 silly audit   'text-segmentation': [ '1.0.3' ],
62 silly audit   thenify: [ '3.3.1' ],
62 silly audit   'thenify-all': [ '1.6.0' ],
62 silly audit   throat: [ '5.0.0' ],
62 silly audit   tinyglobby: [ '0.2.15' ],
62 silly audit   fdir: [ '6.5.0' ],
62 silly audit   tmpl: [ '1.0.5' ],
62 silly audit   'to-regex-range': [ '5.0.1' ],
62 silly audit   toidentifier: [ '1.0.1' ],
62 silly audit   tr46: [ '0.0.3' ],
62 silly audit   'ts-api-utils': [ '2.4.0' ],
62 silly audit   'ts-declaration-location': [ '1.0.7' ],
62 silly audit   'ts-deepmerge': [ '6.2.0' ],
62 silly audit   'ts-interface-checker': [ '0.1.13' ],
62 silly audit   'ts-node': [ '10.9.2' ],
62 silly audit   'tsconfig-paths': [ '3.15.0' ],
62 silly audit   'tunnel-agent': [ '0.6.0' ],
62 silly audit   turndown: [ '7.1.2' ],
62 silly audit   'type-check': [ '0.4.0' ],
62 silly audit   'type-detect': [ '4.0.8' ],
62 silly audit   'typed-array-buffer': [ '1.0.3' ],
62 silly audit   'typed-array-byte-length': [ '1.0.3' ],
62 silly audit   'typed-array-byte-offset': [ '1.0.4' ],
62 silly audit   'typed-array-length': [ '1.0.7' ],
62 silly audit   typescript: [ '5.9.3' ],
62 silly audit   'unbox-primitive': [ '1.1.0' ],
62 silly audit   undici: [ '6.23.0' ],
62 silly audit   'undici-types': [ '7.16.0' ],
62 silly audit   'unicode-canonical-property-names-ecmascript': [ '2.0.1' ],
62 silly audit   'unicode-match-property-ecmascript': [ '2.0.0' ],
62 silly audit   'unicode-match-property-value-ecmascript': [ '2.2.1' ],
62 silly audit   'unicode-property-aliases-ecmascript': [ '2.2.0' ],
62 silly audit   'unique-string': [ '2.0.0' ],
62 silly audit   unpipe: [ '1.0.0' ],
62 silly audit   untildify: [ '4.0.0' ],
62 silly audit   'update-browserslist-db': [ '1.2.3' ],
62 silly audit   'uri-js': [ '4.4.1' ],
62 silly audit   'use-latest-callback': [ '0.2.6' ],
62 silly audit   'use-sync-external-store': [ '1.6.0' ],
62 silly audit   'utils-merge': [ '1.0.1' ],
62 silly audit   utrie: [ '1.0.2' ],
62 silly audit   'v8-compile-cache-lib': [ '3.0.1' ],
62 silly audit   'validate-npm-package-name': [ '5.0.1' ],
62 silly audit   vary: [ '1.1.2' ],
62 silly audit   vlq: [ '1.0.1' ],
62 silly audit   walker: [ '1.0.8' ],
62 silly audit   'warn-once': [ '0.1.1' ],
62 silly audit   wcwidth: [ '1.0.1' ],
62 silly audit   'webidl-conversions': [ '5.0.0', '3.0.1' ],
62 silly audit   'whatwg-fetch': [ '3.6.20' ],
62 silly audit   'whatwg-url': [ '5.0.0' ],
62 silly audit   'whatwg-url-without-unicode': [ '8.0.0-3' ],
62 silly audit   which: [ '2.0.2' ],
62 silly audit   'which-boxed-primitive': [ '1.1.1' ],
62 silly audit   'which-builtin-type': [ '1.2.1' ],
62 silly audit   'which-collection': [ '1.0.2' ],
62 silly audit   'which-module': [ '2.0.1' ],
62 silly audit   'which-typed-array': [ '1.1.20' ],
62 silly audit   'widest-line': [ '3.1.0' ],
62 silly audit   wonka: [ '6.3.5' ],
62 silly audit   'word-wrap': [ '1.2.5' ],
62 silly audit   wordwrap: [ '1.0.0' ],
62 silly audit   wrappy: [ '1.0.2' ],
62 silly audit   xcode: [ '3.0.1' ],
62 silly audit   xml2js: [ '0.6.0' ],
62 silly audit   yn: [ '3.1.1' ],
62 silly audit   'yocto-queue': [ '0.1.0' ],
62 silly audit   zod: [ '4.3.6' ],
62 silly audit   'expo-device': [ '8.0.10' ],
62 silly audit   'ua-parser-js': [ '0.7.41' ]
62 silly audit }
63 http cache ua-parser-js@https://registry.npmjs.org/ua-parser-js/-/ua-parser-js-0.7.41.tgz 0ms (cache hit)
64 http cache expo-device@https://registry.npmjs.org/expo-device/-/expo-device-8.0.10.tgz 0ms (cache hit)
65 silly tarball no local data for ua-parser-js@https://registry.npmjs.org/ua-parser-js/-/ua-parser-js-0.7.41.tgz. Extracting by manifest.
66 silly tarball no local data for expo-device@https://registry.npmjs.org/expo-device/-/expo-device-8.0.10.tgz. Extracting by manifest.
67 http fetch POST 200 https://registry.npmjs.org/-/npm/v1/security/advisories/bulk 272ms
68 silly audit report {
68 silly audit report   minimatch: [
68 silly audit report     {
68 silly audit report       id: 1113371,
68 silly audit report       url: 'https://github.com/advisories/GHSA-3ppc-4f35-3m26',
68 silly audit report       title: 'minimatch has a ReDoS via repeated wildcards with non-matching literal in pattern',
68 silly audit report       severity: 'high',
68 silly audit report       vulnerable_versions: '<10.2.1',
68 silly audit report       cwe: [Array],
68 silly audit report       cvss: [Object]
68 silly audit report     }
68 silly audit report   ],
68 silly audit report   ajv: [
68 silly audit report     {
68 silly audit report       id: 1113398,
68 silly audit report       url: 'https://github.com/advisories/GHSA-2g4f-4pwh-qvx6',
68 silly audit report       title: 'ajv has ReDoS when using `$data` option',
68 silly audit report       severity: 'moderate',
68 silly audit report       vulnerable_versions: '<6.14.0',
68 silly audit report       cwe: [Array],
68 silly audit report       cvss: [Object]
68 silly audit report     },
68 silly audit report     {
68 silly audit report       id: 1113399,
68 silly audit report       url: 'https://github.com/advisories/GHSA-2g4f-4pwh-qvx6',
68 silly audit report       title: 'ajv has ReDoS when using `$data` option',
68 silly audit report       severity: 'moderate',
68 silly audit report       vulnerable_versions: '>=7.0.0-alpha.0 <8.18.0',
68 silly audit report       cwe: [Array],
68 silly audit report       cvss: [Object]
68 silly audit report     }
68 silly audit report   ],
68 silly audit report   diff: [
68 silly audit report     {
68 silly audit report       id: 1112706,
68 silly audit report       url: 'https://github.com/advisories/GHSA-73rr-hh4g-fpgx',
68 silly audit report       title: 'jsdiff has a Denial of Service vulnerability in parsePatch and applyPatch',
68 silly audit report       severity: 'low',
68 silly audit report       vulnerable_versions: '>=6.0.0 <8.0.3',
68 silly audit report       cwe: [Array],
68 silly audit report       cvss: [Object]
68 silly audit report     }
68 silly audit report   ],
68 silly audit report   'node-forge': [
68 silly audit report     {
68 silly audit report       id: 1110996,
68 silly audit report       url: 'https://github.com/advisories/GHSA-554w-wpv2-vw27',
68 silly audit report       title: 'node-forge has ASN.1 Unbounded Recursion',
68 silly audit report       severity: 'high',
68 silly audit report       vulnerable_versions: '<1.3.2',
68 silly audit report       cwe: [Array],
68 silly audit report       cvss: [Object]
68 silly audit report     },
68 silly audit report     {
68 silly audit report       id: 1110998,
68 silly audit report       url: 'https://github.com/advisories/GHSA-5gfm-wpxj-wjgq',
68 silly audit report       title: 'node-forge has an Interpretation Conflict vulnerability via its ASN.1 Validator Desynchronization',
68 silly audit report       severity: 'high',
68 silly audit report       vulnerable_versions: '<1.3.2',
68 silly audit report       cwe: [Array],
68 silly audit report       cvss: [Object]
68 silly audit report     },
68 silly audit report     {
68 silly audit report       id: 1111068,
68 silly audit report       url: 'https://github.com/advisories/GHSA-65ch-62r8-g69g',
68 silly audit report       title: 'node-forge is vulnerable to ASN.1 OID Integer Truncation',
68 silly audit report       severity: 'moderate',
68 silly audit report       vulnerable_versions: '<1.3.2',
68 silly audit report       cwe: [Array],
68 silly audit report       cvss: [Object]
68 silly audit report     }
68 silly audit report   ],
68 silly audit report   tar: [
68 silly audit report     {
68 silly audit report       id: 1113375,
68 silly audit report       url: 'https://github.com/advisories/GHSA-83g3-92jg-28cx',
68 silly audit report       title: 'Arbitrary File Read/Write via Hardlink Target Escape Through Symlink Chain in node-tar Extraction',
68 silly audit report       severity: 'high',
68 silly audit report       vulnerable_versions: '<7.5.8',
68 silly audit report       cwe: [Array],
68 silly audit report       cvss: [Object]
68 silly audit report     }
68 silly audit report   ]
68 silly audit report }
69 silly packumentCache corgi:https://registry.npmjs.org/minimatch cache-miss
70 silly packumentCache corgi:https://registry.npmjs.org/ajv cache-miss
71 silly packumentCache corgi:https://registry.npmjs.org/diff cache-miss
72 silly packumentCache corgi:https://registry.npmjs.org/node-forge cache-miss
73 silly packumentCache corgi:https://registry.npmjs.org/tar cache-miss
74 http fetch GET 200 https://registry.npmjs.org/ua-parser-js/-/ua-parser-js-0.7.41.tgz 518ms (cache miss)
75 http fetch GET 200 https://registry.npmjs.org/expo-device/-/expo-device-8.0.10.tgz 1226ms (cache miss)
76 http fetch GET 200 https://registry.npmjs.org/diff 960ms (cache miss)
77 silly packumentCache corgi:https://registry.npmjs.org/diff set size:undefined disposed:false
78 http fetch GET 200 https://registry.npmjs.org/minimatch 1444ms (cache miss)
79 silly packumentCache corgi:https://registry.npmjs.org/minimatch set size:undefined disposed:false
80 http fetch GET 200 https://registry.npmjs.org/tar 1457ms (cache miss)
81 silly packumentCache corgi:https://registry.npmjs.org/tar set size:undefined disposed:false
82 http fetch GET 200 https://registry.npmjs.org/node-forge 1698ms (cache miss)
83 silly packumentCache corgi:https://registry.npmjs.org/node-forge set size:undefined disposed:false
84 http fetch GET 200 https://registry.npmjs.org/ajv 1883ms (cache miss)
85 silly packumentCache corgi:https://registry.npmjs.org/ajv set size:undefined disposed:false
86 silly packumentCache corgi:https://registry.npmjs.org/@eslint%2fconfig-array cache-miss
87 silly packumentCache corgi:https://registry.npmjs.org/@eslint%2feslintrc cache-miss
88 silly packumentCache corgi:https://registry.npmjs.org/glob cache-miss
89 silly packumentCache corgi:https://registry.npmjs.org/eas-cli cache-miss
90 silly packumentCache corgi:https://registry.npmjs.org/eslint-plugin-import cache-miss
91 silly packumentCache corgi:https://registry.npmjs.org/eslint-plugin-node cache-miss
92 silly packumentCache corgi:https://registry.npmjs.org/eslint-plugin-react cache-miss
93 silly packumentCache corgi:https://registry.npmjs.org/eslint cache-miss
94 silly packumentCache corgi:https://registry.npmjs.org/filelist cache-miss
95 silly packumentCache corgi:https://registry.npmjs.org/@expo%2ffingerprint cache-miss
96 silly packumentCache corgi:https://registry.npmjs.org/@typescript-eslint%2ftypescript-estree cache-miss
97 silly packumentCache corgi:https://registry.npmjs.org/@expo%2fcli cache-miss
98 silly packumentCache corgi:https://registry.npmjs.org/@expo%2fmetro-config cache-miss
99 silly packumentCache corgi:https://registry.npmjs.org/test-exclude cache-miss
100 http fetch GET 200 https://registry.npmjs.org/@eslint%2fconfig-array 257ms (cache miss)
101 silly packumentCache corgi:https://registry.npmjs.org/@eslint%2fconfig-array set size:undefined disposed:false
102 http fetch GET 200 https://registry.npmjs.org/eslint-plugin-node 427ms (cache miss)
103 silly packumentCache corgi:https://registry.npmjs.org/eslint-plugin-node set size:undefined disposed:false
104 http fetch GET 200 https://registry.npmjs.org/glob 437ms (cache miss)
105 silly packumentCache corgi:https://registry.npmjs.org/glob set size:undefined disposed:false
106 http fetch GET 200 https://registry.npmjs.org/@eslint%2feslintrc 606ms (cache miss)
107 silly packumentCache corgi:https://registry.npmjs.org/@eslint%2feslintrc set size:undefined disposed:false
108 http fetch GET 200 https://registry.npmjs.org/eslint-plugin-import 624ms (cache miss)
109 silly packumentCache corgi:https://registry.npmjs.org/eslint-plugin-import set size:undefined disposed:false
110 http fetch GET 200 https://registry.npmjs.org/eslint-plugin-react 914ms (cache miss)
111 silly packumentCache corgi:https://registry.npmjs.org/eslint-plugin-react set size:undefined disposed:false
112 http fetch GET 200 https://registry.npmjs.org/eas-cli 1312ms (cache miss)
113 silly packumentCache corgi:https://registry.npmjs.org/eas-cli set size:undefined disposed:false
114 http fetch GET 200 https://registry.npmjs.org/eslint 1687ms (cache miss)
115 silly packumentCache corgi:https://registry.npmjs.org/eslint set size:undefined disposed:false
116 http fetch GET 200 https://registry.npmjs.org/filelist 1715ms (cache miss)
117 silly packumentCache corgi:https://registry.npmjs.org/filelist set size:undefined disposed:false
118 http fetch GET 200 https://registry.npmjs.org/@expo%2ffingerprint 1810ms (cache miss)
119 silly packumentCache corgi:https://registry.npmjs.org/@expo%2ffingerprint set size:undefined disposed:false
120 http fetch GET 200 https://registry.npmjs.org/@expo%2fmetro-config 3525ms (cache miss)
121 silly packumentCache corgi:https://registry.npmjs.org/@expo%2fmetro-config set size:undefined disposed:false
122 http fetch GET 200 https://registry.npmjs.org/@expo%2fcli 3882ms (cache miss)
123 silly packumentCache corgi:https://registry.npmjs.org/@expo%2fcli set size:undefined disposed:false
124 http fetch GET 200 https://registry.npmjs.org/test-exclude 5423ms (cache miss)
125 silly packumentCache corgi:https://registry.npmjs.org/test-exclude set size:undefined disposed:false
126 http fetch GET 200 https://registry.npmjs.org/@typescript-eslint%2ftypescript-estree 10464ms (cache miss)
127 silly packumentCache corgi:https://registry.npmjs.org/@typescript-eslint%2ftypescript-estree set size:undefined disposed:false
128 silly packumentCache corgi:https://registry.npmjs.org/@segment%2fajv-human-errors cache-miss
129 http fetch GET 200 https://registry.npmjs.org/@segment%2fajv-human-errors 1718ms (cache miss)
130 silly packumentCache corgi:https://registry.npmjs.org/@segment%2fajv-human-errors set size:undefined disposed:false
131 silly packumentCache corgi:https://registry.npmjs.org/@expo%2fcode-signing-certificates cache-miss
132 http fetch GET 200 https://registry.npmjs.org/@expo%2fcode-signing-certificates 501ms (cache miss)
133 silly packumentCache corgi:https://registry.npmjs.org/@expo%2fcode-signing-certificates set size:undefined disposed:false
134 silly packumentCache corgi:https://registry.npmjs.org/eslint-config-universe cache-miss
135 http fetch GET 200 https://registry.npmjs.org/eslint-config-universe 1269ms (cache miss)
136 silly packumentCache corgi:https://registry.npmjs.org/eslint-config-universe set size:undefined disposed:false
137 silly packumentCache corgi:https://registry.npmjs.org/@expo%2fconfig cache-miss
138 silly packumentCache corgi:https://registry.npmjs.org/@expo%2fconfig-plugins cache-miss
139 silly packumentCache corgi:https://registry.npmjs.org/sucrase cache-miss
140 silly packumentCache corgi:https://registry.npmjs.org/@react-native%2fcodegen cache-miss
141 silly packumentCache corgi:https://registry.npmjs.org/babel-plugin-module-resolver cache-miss
142 silly packumentCache corgi:https://registry.npmjs.org/rimraf cache-miss
143 silly packumentCache corgi:https://registry.npmjs.org/react-native cache-miss
144 http fetch GET 200 https://registry.npmjs.org/babel-plugin-module-resolver 496ms (cache miss)
145 silly packumentCache corgi:https://registry.npmjs.org/babel-plugin-module-resolver set size:undefined disposed:false
146 http fetch GET 200 https://registry.npmjs.org/sucrase 585ms (cache miss)
147 silly packumentCache corgi:https://registry.npmjs.org/sucrase set size:undefined disposed:false
148 http fetch GET 200 https://registry.npmjs.org/@expo%2fconfig 843ms (cache miss)
149 silly packumentCache corgi:https://registry.npmjs.org/@expo%2fconfig set size:undefined disposed:false
150 http fetch GET 200 https://registry.npmjs.org/rimraf 1047ms (cache miss)
151 silly packumentCache corgi:https://registry.npmjs.org/rimraf set size:undefined disposed:false
152 http fetch GET 200 https://registry.npmjs.org/@react-native%2fcodegen 1064ms (cache miss)
153 silly packumentCache corgi:https://registry.npmjs.org/@react-native%2fcodegen set size:undefined disposed:false
154 http fetch GET 200 https://registry.npmjs.org/@expo%2fconfig-plugins 1515ms (cache miss)
155 silly packumentCache corgi:https://registry.npmjs.org/@expo%2fconfig-plugins set size:undefined disposed:false
156 http fetch GET 200 https://registry.npmjs.org/react-native 5624ms (cache miss)
157 silly packumentCache corgi:https://registry.npmjs.org/react-native set size:undefined disposed:false
158 silly packumentCache corgi:https://registry.npmjs.org/@eslint-community%2feslint-utils cache-miss
159 silly packumentCache corgi:https://registry.npmjs.org/@typescript-eslint%2feslint-plugin cache-miss
160 silly packumentCache corgi:https://registry.npmjs.org/@typescript-eslint%2fparser cache-miss
161 silly packumentCache corgi:https://registry.npmjs.org/@typescript-eslint%2ftype-utils cache-miss
162 silly packumentCache corgi:https://registry.npmjs.org/@typescript-eslint%2futils cache-miss
163 silly packumentCache corgi:https://registry.npmjs.org/eslint-compat-utils cache-miss
164 silly packumentCache corgi:https://registry.npmjs.org/eslint-config-prettier cache-miss
165 silly packumentCache corgi:https://registry.npmjs.org/eslint-plugin-es cache-miss
166 silly packumentCache corgi:https://registry.npmjs.org/eslint-plugin-es-x cache-miss
167 silly packumentCache corgi:https://registry.npmjs.org/eslint-plugin-n cache-miss
168 silly packumentCache corgi:https://registry.npmjs.org/eslint-plugin-prettier cache-miss
169 silly packumentCache corgi:https://registry.npmjs.org/eslint-plugin-react-hooks cache-miss
170 http fetch GET 200 https://registry.npmjs.org/eslint-compat-utils 252ms (cache miss)
171 silly packumentCache corgi:https://registry.npmjs.org/eslint-compat-utils set size:undefined disposed:false
172 http fetch GET 200 https://registry.npmjs.org/eslint-plugin-es 452ms (cache miss)
173 silly packumentCache corgi:https://registry.npmjs.org/eslint-plugin-es set size:undefined disposed:false
174 http fetch GET 200 https://registry.npmjs.org/eslint-config-prettier 660ms (cache miss)
175 silly packumentCache corgi:https://registry.npmjs.org/eslint-config-prettier set size:undefined disposed:false
176 http fetch GET 200 https://registry.npmjs.org/eslint-plugin-n 662ms (cache miss)
177 silly packumentCache corgi:https://registry.npmjs.org/eslint-plugin-n set size:undefined disposed:false
178 http fetch GET 200 https://registry.npmjs.org/eslint-plugin-prettier 675ms (cache miss)
179 silly packumentCache corgi:https://registry.npmjs.org/eslint-plugin-prettier set size:undefined disposed:false
180 http fetch GET 200 https://registry.npmjs.org/@eslint-community%2feslint-utils 682ms (cache miss)
181 silly packumentCache corgi:https://registry.npmjs.org/@eslint-community%2feslint-utils set size:undefined disposed:false
182 http fetch GET 200 https://registry.npmjs.org/eslint-plugin-es-x 692ms (cache miss)
183 silly packumentCache corgi:https://registry.npmjs.org/eslint-plugin-es-x set size:undefined disposed:false
184 http fetch GET 200 https://registry.npmjs.org/eslint-plugin-react-hooks 3830ms (cache miss)
185 silly packumentCache corgi:https://registry.npmjs.org/eslint-plugin-react-hooks set size:undefined disposed:false
186 http fetch GET 200 https://registry.npmjs.org/@typescript-eslint%2fparser 4686ms (cache miss)
187 silly packumentCache corgi:https://registry.npmjs.org/@typescript-eslint%2fparser set size:undefined disposed:false
188 http fetch GET 200 https://registry.npmjs.org/@typescript-eslint%2ftype-utils 5698ms (cache miss)
189 silly packumentCache corgi:https://registry.npmjs.org/@typescript-eslint%2ftype-utils set size:undefined disposed:false
190 http fetch GET 200 https://registry.npmjs.org/@typescript-eslint%2futils 7991ms (cache miss)
191 silly packumentCache corgi:https://registry.npmjs.org/@typescript-eslint%2futils set size:undefined disposed:false
192 http fetch GET 200 https://registry.npmjs.org/@typescript-eslint%2feslint-plugin 8948ms (cache miss)
193 silly packumentCache corgi:https://registry.npmjs.org/@typescript-eslint%2feslint-plugin set size:undefined disposed:false
194 silly packumentCache corgi:https://registry.npmjs.org/jake cache-miss
195 http fetch GET 200 https://registry.npmjs.org/jake 862ms (cache miss)
196 silly packumentCache corgi:https://registry.npmjs.org/jake set size:undefined disposed:false
197 silly packumentCache corgi:https://registry.npmjs.org/expo cache-miss
198 http fetch GET 200 https://registry.npmjs.org/expo 1354ms (cache miss)
199 silly packumentCache corgi:https://registry.npmjs.org/expo set size:undefined disposed:false
200 silly packumentCache corgi:https://registry.npmjs.org/babel-plugin-istanbul cache-miss
201 http fetch GET 200 https://registry.npmjs.org/babel-plugin-istanbul 1239ms (cache miss)
202 silly packumentCache corgi:https://registry.npmjs.org/babel-plugin-istanbul set size:undefined disposed:false
203 silly packumentCache corgi:https://registry.npmjs.org/@expo%2fprebuild-config cache-miss
204 http fetch GET 200 https://registry.npmjs.org/@expo%2fprebuild-config 701ms (cache miss)
205 silly packumentCache corgi:https://registry.npmjs.org/@expo%2fprebuild-config set size:undefined disposed:false
206 silly packumentCache corgi:https://registry.npmjs.org/minizlib cache-miss
207 silly packumentCache corgi:https://registry.npmjs.org/mv cache-miss
208 silly packumentCache corgi:https://registry.npmjs.org/chromium-edge-launcher cache-miss
209 http fetch GET 200 https://registry.npmjs.org/minizlib 418ms (cache miss)
210 silly packumentCache corgi:https://registry.npmjs.org/minizlib set size:undefined disposed:false
211 http fetch GET 200 https://registry.npmjs.org/chromium-edge-launcher 464ms (cache miss)
212 silly packumentCache corgi:https://registry.npmjs.org/chromium-edge-launcher set size:undefined disposed:false
213 http fetch GET 200 https://registry.npmjs.org/mv 1118ms (cache miss)
214 silly packumentCache corgi:https://registry.npmjs.org/mv set size:undefined disposed:false
215 silly packumentCache corgi:https://registry.npmjs.org/@react-native%2fbabel-plugin-codegen cache-miss
216 http fetch GET 200 https://registry.npmjs.org/@react-native%2fbabel-plugin-codegen 1348ms (cache miss)
217 silly packumentCache corgi:https://registry.npmjs.org/@react-native%2fbabel-plugin-codegen set size:undefined disposed:false
218 silly packumentCache corgi:https://registry.npmjs.org/@expo%2fdevtools cache-miss
219 silly packumentCache corgi:https://registry.npmjs.org/@expo%2fvector-icons cache-miss
220 silly packumentCache corgi:https://registry.npmjs.org/@react-native-async-storage%2fasync-storage cache-miss
221 silly packumentCache corgi:https://registry.npmjs.org/@react-native%2fvirtualized-lists cache-miss
222 silly packumentCache corgi:https://registry.npmjs.org/@react-navigation%2fbottom-tabs cache-miss
223 silly packumentCache corgi:https://registry.npmjs.org/@react-navigation%2felements cache-miss
224 silly packumentCache corgi:https://registry.npmjs.org/@react-navigation%2fnative cache-miss
225 silly packumentCache corgi:https://registry.npmjs.org/@react-navigation%2fnative-stack cache-miss
226 silly packumentCache corgi:https://registry.npmjs.org/expo-asset cache-miss
227 silly packumentCache corgi:https://registry.npmjs.org/expo-constants cache-miss
228 silly packumentCache corgi:https://registry.npmjs.org/expo-clipboard cache-miss
229 silly packumentCache corgi:https://registry.npmjs.org/expo-file-system cache-miss
230 silly packumentCache corgi:https://registry.npmjs.org/expo-font cache-miss
231 silly packumentCache corgi:https://registry.npmjs.org/expo-linear-gradient cache-miss
232 silly packumentCache corgi:https://registry.npmjs.org/expo-media-library cache-miss
233 silly packumentCache corgi:https://registry.npmjs.org/expo-modules-core cache-miss
234 silly packumentCache corgi:https://registry.npmjs.org/expo-native-wechat cache-miss
235 silly packumentCache corgi:https://registry.npmjs.org/expo-status-bar cache-miss
236 silly packumentCache corgi:https://registry.npmjs.org/expo-web-browser cache-miss
237 silly packumentCache corgi:https://registry.npmjs.org/react-native-is-edge-to-edge cache-miss
238 silly packumentCache corgi:https://registry.npmjs.org/react-native-paper cache-miss
239 silly packumentCache corgi:https://registry.npmjs.org/react-native-qrcode-svg cache-miss
240 silly packumentCache corgi:https://registry.npmjs.org/react-native-safe-area-context cache-miss
241 silly packumentCache corgi:https://registry.npmjs.org/react-native-screens cache-miss
242 silly packumentCache corgi:https://registry.npmjs.org/react-native-svg cache-miss
243 silly packumentCache corgi:https://registry.npmjs.org/react-native-view-shot cache-miss
244 silly packumentCache corgi:https://registry.npmjs.org/react-native-webview cache-miss
245 http fetch GET 200 https://registry.npmjs.org/@react-navigation%2fnative-stack 617ms (cache miss)
246 silly packumentCache corgi:https://registry.npmjs.org/@react-navigation%2fnative-stack set size:undefined disposed:false
247 http fetch GET 200 https://registry.npmjs.org/@expo%2fdevtools 698ms (cache miss)
248 silly packumentCache corgi:https://registry.npmjs.org/@expo%2fdevtools set size:undefined disposed:false
249 http fetch GET 200 https://registry.npmjs.org/expo-font 723ms (cache miss)
250 silly packumentCache corgi:https://registry.npmjs.org/expo-font set size:undefined disposed:false
251 http fetch GET 200 https://registry.npmjs.org/expo-clipboard 756ms (cache miss)
252 silly packumentCache corgi:https://registry.npmjs.org/expo-clipboard set size:undefined disposed:false
253 http fetch GET 200 https://registry.npmjs.org/expo-constants 782ms (cache miss)
254 silly packumentCache corgi:https://registry.npmjs.org/expo-constants set size:undefined disposed:false
255 http fetch GET 200 https://registry.npmjs.org/@react-navigation%2felements 916ms (cache miss)
256 silly packumentCache corgi:https://registry.npmjs.org/@react-navigation%2felements set size:undefined disposed:false
257 http fetch GET 200 https://registry.npmjs.org/expo-file-system 945ms (cache miss)
258 silly packumentCache corgi:https://registry.npmjs.org/expo-file-system set size:undefined disposed:false
259 http fetch GET 200 https://registry.npmjs.org/@react-native-async-storage%2fasync-storage 1069ms (cache miss)
260 silly packumentCache corgi:https://registry.npmjs.org/@react-native-async-storage%2fasync-storage set size:undefined disposed:false
261 http fetch GET 200 https://registry.npmjs.org/@expo%2fvector-icons 1105ms (cache miss)
262 silly packumentCache corgi:https://registry.npmjs.org/@expo%2fvector-icons set size:undefined disposed:false
263 http fetch GET 200 https://registry.npmjs.org/expo-native-wechat 1231ms (cache miss)
264 silly packumentCache corgi:https://registry.npmjs.org/expo-native-wechat set size:undefined disposed:false
265 http fetch GET 200 https://registry.npmjs.org/expo-linear-gradient 1262ms (cache miss)
266 silly packumentCache corgi:https://registry.npmjs.org/expo-linear-gradient set size:undefined disposed:false
267 http fetch GET 200 https://registry.npmjs.org/@react-native%2fvirtualized-lists 1358ms (cache miss)
268 silly packumentCache corgi:https://registry.npmjs.org/@react-native%2fvirtualized-lists set size:undefined disposed:false
269 http fetch GET 200 https://registry.npmjs.org/expo-modules-core 1394ms (cache miss)
270 silly packumentCache corgi:https://registry.npmjs.org/expo-modules-core set size:undefined disposed:false
271 http fetch GET 200 https://registry.npmjs.org/expo-media-library 1407ms (cache miss)
272 silly packumentCache corgi:https://registry.npmjs.org/expo-media-library set size:undefined disposed:false
273 http fetch GET 200 https://registry.npmjs.org/expo-web-browser 1535ms (cache miss)
274 silly packumentCache corgi:https://registry.npmjs.org/expo-web-browser set size:undefined disposed:false
275 http fetch GET 200 https://registry.npmjs.org/expo-asset 1638ms (cache miss)
276 silly packumentCache corgi:https://registry.npmjs.org/expo-asset set size:undefined disposed:false
277 http fetch GET 200 https://registry.npmjs.org/expo-status-bar 1689ms (cache miss)
278 silly packumentCache corgi:https://registry.npmjs.org/expo-status-bar set size:undefined disposed:false
279 http fetch GET 200 https://registry.npmjs.org/react-native-safe-area-context 1693ms (cache miss)
280 silly packumentCache corgi:https://registry.npmjs.org/react-native-safe-area-context set size:undefined disposed:false
281 http fetch GET 200 https://registry.npmjs.org/react-native-paper 1787ms (cache miss)
282 silly packumentCache corgi:https://registry.npmjs.org/react-native-paper set size:undefined disposed:false
283 http fetch GET 200 https://registry.npmjs.org/react-native-is-edge-to-edge 1869ms (cache miss)
284 silly packumentCache corgi:https://registry.npmjs.org/react-native-is-edge-to-edge set size:undefined disposed:false
285 http fetch GET 200 https://registry.npmjs.org/react-native-view-shot 2141ms (cache miss)
286 silly packumentCache corgi:https://registry.npmjs.org/react-native-view-shot set size:undefined disposed:false
287 http fetch GET 200 https://registry.npmjs.org/react-native-qrcode-svg 2230ms (cache miss)
288 silly packumentCache corgi:https://registry.npmjs.org/react-native-qrcode-svg set size:undefined disposed:false
289 http fetch GET 200 https://registry.npmjs.org/@react-navigation%2fnative 2256ms (cache miss)
290 silly packumentCache corgi:https://registry.npmjs.org/@react-navigation%2fnative set size:undefined disposed:false
291 http fetch GET 200 https://registry.npmjs.org/react-native-screens 2509ms (cache miss)
292 silly packumentCache corgi:https://registry.npmjs.org/react-native-screens set size:undefined disposed:false
293 http fetch GET 200 https://registry.npmjs.org/react-native-webview 2556ms (cache miss)
294 silly packumentCache corgi:https://registry.npmjs.org/react-native-webview set size:undefined disposed:false
295 http fetch GET 200 https://registry.npmjs.org/@react-navigation%2fbottom-tabs 2835ms (cache miss)
296 silly packumentCache corgi:https://registry.npmjs.org/@react-navigation%2fbottom-tabs set size:undefined disposed:false
297 http fetch GET 200 https://registry.npmjs.org/react-native-svg 2870ms (cache miss)
298 silly packumentCache corgi:https://registry.npmjs.org/react-native-svg set size:undefined disposed:false
299 silly packumentCache corgi:https://registry.npmjs.org/babel-preset-expo cache-miss
300 silly packumentCache corgi:https://registry.npmjs.org/expo-dev-client cache-miss
301 silly packumentCache corgi:https://registry.npmjs.org/expo-dev-launcher cache-miss
302 silly packumentCache corgi:https://registry.npmjs.org/expo-dev-menu cache-miss
303 silly packumentCache corgi:https://registry.npmjs.org/expo-dev-menu-interface cache-miss
304 silly packumentCache corgi:https://registry.npmjs.org/expo-intent-launcher cache-miss
305 silly packumentCache corgi:https://registry.npmjs.org/expo-localization cache-miss
306 silly packumentCache corgi:https://registry.npmjs.org/expo-manifests cache-miss
307 silly packumentCache corgi:https://registry.npmjs.org/expo-sharing cache-miss
308 silly packumentCache corgi:https://registry.npmjs.org/expo-updates-interface cache-miss
309 silly packumentCache corgi:https://registry.npmjs.org/expo-keep-awake cache-miss
310 silly packumentCache corgi:https://registry.npmjs.org/expo-device cache-miss
311 http fetch GET 200 https://registry.npmjs.org/expo-dev-client 675ms (cache miss)
312 silly packumentCache corgi:https://registry.npmjs.org/expo-dev-client set size:undefined disposed:false
313 http fetch GET 200 https://registry.npmjs.org/expo-device 732ms (cache miss)
314 silly packumentCache corgi:https://registry.npmjs.org/expo-device set size:undefined disposed:false
315 http fetch GET 200 https://registry.npmjs.org/expo-updates-interface 764ms (cache miss)
316 silly packumentCache corgi:https://registry.npmjs.org/expo-updates-interface set size:undefined disposed:false
317 http fetch GET 200 https://registry.npmjs.org/expo-manifests 815ms (cache miss)
318 silly packumentCache corgi:https://registry.npmjs.org/expo-manifests set size:undefined disposed:false
319 http fetch GET 200 https://registry.npmjs.org/expo-localization 841ms (cache miss)
320 silly packumentCache corgi:https://registry.npmjs.org/expo-localization set size:undefined disposed:false
321 http fetch GET 200 https://registry.npmjs.org/expo-intent-launcher 862ms (cache miss)
322 silly packumentCache corgi:https://registry.npmjs.org/expo-intent-launcher set size:undefined disposed:false
323 http fetch GET 200 https://registry.npmjs.org/expo-sharing 903ms (cache miss)
324 silly packumentCache corgi:https://registry.npmjs.org/expo-sharing set size:undefined disposed:false
325 http fetch GET 200 https://registry.npmjs.org/babel-preset-expo 956ms (cache miss)
326 silly packumentCache corgi:https://registry.npmjs.org/babel-preset-expo set size:undefined disposed:false
327 http fetch GET 200 https://registry.npmjs.org/expo-dev-menu-interface 977ms (cache miss)
328 silly packumentCache corgi:https://registry.npmjs.org/expo-dev-menu-interface set size:undefined disposed:false
329 http fetch GET 200 https://registry.npmjs.org/expo-keep-awake 1030ms (cache miss)
330 silly packumentCache corgi:https://registry.npmjs.org/expo-keep-awake set size:undefined disposed:false
331 http fetch GET 200 https://registry.npmjs.org/expo-dev-launcher 1822ms (cache miss)
332 silly packumentCache corgi:https://registry.npmjs.org/expo-dev-launcher set size:undefined disposed:false
333 http fetch GET 200 https://registry.npmjs.org/expo-dev-menu 2159ms (cache miss)
334 silly packumentCache corgi:https://registry.npmjs.org/expo-dev-menu set size:undefined disposed:false
335 silly packumentCache corgi:https://registry.npmjs.org/@jest%2ftransform cache-miss
336 silly packumentCache corgi:https://registry.npmjs.org/babel-jest cache-miss
337 http fetch GET 200 https://registry.npmjs.org/babel-jest 1185ms (cache miss)
338 silly packumentCache corgi:https://registry.npmjs.org/babel-jest set size:undefined disposed:false
339 http fetch GET 200 https://registry.npmjs.org/@jest%2ftransform 1265ms (cache miss)
340 silly packumentCache corgi:https://registry.npmjs.org/@jest%2ftransform set size:undefined disposed:false
341 silly packumentCache corgi:https://registry.npmjs.org/@react-native%2fdev-middleware cache-miss
342 http fetch GET 200 https://registry.npmjs.org/@react-native%2fdev-middleware 2018ms (cache miss)
343 silly packumentCache corgi:https://registry.npmjs.org/@react-native%2fdev-middleware set size:undefined disposed:false
344 silly packumentCache corgi:https://registry.npmjs.org/bunyan cache-miss
345 http fetch GET 200 https://registry.npmjs.org/bunyan 449ms (cache miss)
346 silly packumentCache corgi:https://registry.npmjs.org/bunyan set size:undefined disposed:false
347 silly packumentCache corgi:https://registry.npmjs.org/@react-native%2fbabel-preset cache-miss
348 http fetch GET 200 https://registry.npmjs.org/@react-native%2fbabel-preset 1051ms (cache miss)
349 silly packumentCache corgi:https://registry.npmjs.org/@react-native%2fbabel-preset set size:undefined disposed:false
350 silly packumentCache corgi:https://registry.npmjs.org/@react-native%2fcommunity-cli-plugin cache-miss
351 http fetch GET 200 https://registry.npmjs.org/@react-native%2fcommunity-cli-plugin 2086ms (cache miss)
352 silly packumentCache corgi:https://registry.npmjs.org/@react-native%2fcommunity-cli-plugin set size:undefined disposed:false
353 silly ADD node_modules/ua-parser-js
354 silly ADD node_modules/expo-device
355 verbose cwd C:\Users\TANGLEI\Desktop\nongyu
356 verbose os Windows_NT 10.0.26200
357 verbose node v24.13.1
358 verbose npm  v11.10.1
359 verbose exit 0
360 info ok
